[0;36mCreated a temp directory '/tmp/tmp.PC16eK9nd2' for checking your submission[0m
[0;36mCopying your files into '/tmp/tmp.PC16eK9nd2'[0m
[0;36mChecking that your submission includes all the required files[0m
[0;36mChecking that your submission does NOT include files that shouldn't be modified[0m
[0;36mCopying our versions of files that shouldn't be modified into '/tmp/tmp.PC16eK9nd2'[0m
[0;36mCopying in the remaining files that you weren't required to modify or submit[0m
[0;36mCheck your Makefile for 'LIBS'[0m
[0;36mChecking that your code compiles[0m
gcc -Wall -Werror -O3   -c -o dracula.o dracula.c
gcc -Wall -Werror -O3 -DI_AM_DRACULA -c player.c -o playerDracula.o
gcc -Wall -Werror -O3   -c -o DraculaView.o DraculaView.c
gcc -Wall -Werror -O3   -c -o GameView.o GameView.c
gcc -Wall -Werror -O3   -c -o Map.o Map.c
gcc -Wall -Werror -O3   -c -o Places.o Places.c
gcc -Wall -Werror -O3   -c -o PathFinding.o PathFinding.c
gcc -Wall -Werror -O3   -c -o BinaryHeap.o BinaryHeap.c
gcc -Wall -Werror -O3   -c -o HashTable.o HashTable.c
gcc -Wall -Werror -O3   -c -o Queue.o Queue.c
gcc -Wall -Werror -O3   -c -o Players.o Players.c
gcc -Wall -Werror -O3   -c -o Utilities.o Utilities.c
gcc -Wall -Werror -O3   -c -o minimax.o minimax.c
gcc   dracula.o playerDracula.o DraculaView.o GameView.o Map.o Places.o PathFinding.o BinaryHeap.o HashTable.o Queue.o Players.o Utilities.o minimax.o /usr/lib/x86_64-linux-gnu/libm.so   -o dracula
gcc -Wall -Werror -O3   -c -o hunter.o hunter.c
gcc -Wall -Werror -O3 -c player.c -o playerHunter.o
gcc -Wall -Werror -O3   -c -o HunterView.o HunterView.c
gcc   hunter.o playerHunter.o HunterView.o GameView.o Map.o Places.o PathFinding.o BinaryHeap.o HashTable.o Queue.o Players.o Utilities.o minimax.o /usr/lib/x86_64-linux-gnu/libm.so   -o hunter
[0;32mCompilation succeeded![0m

[0;32mDryrun succeeded![0m
gcc -Wall -Werror -O3   -c -o dracula.o dracula.c
gcc -Wall -Werror -O3 -DI_AM_DRACULA -c player.c -o playerDracula.o
gcc -Wall -Werror -O3   -c -o DraculaView.o DraculaView.c
gcc -Wall -Werror -O3   -c -o GameView.o GameView.c
gcc -Wall -Werror -O3   -c -o Map.o Map.c
gcc -Wall -Werror -O3   -c -o Places.o Places.c
gcc -Wall -Werror -O3   -c -o PathFinding.o PathFinding.c
gcc -Wall -Werror -O3   -c -o BinaryHeap.o BinaryHeap.c
gcc -Wall -Werror -O3   -c -o HashTable.o HashTable.c
gcc -Wall -Werror -O3   -c -o Queue.o Queue.c
gcc -Wall -Werror -O3   -c -o Players.o Players.c
gcc -Wall -Werror -O3   -c -o Utilities.o Utilities.c
gcc -Wall -Werror -O3   -c -o minimax.o minimax.c
gcc   dracula.o playerDracula.o DraculaView.o GameView.o Map.o Places.o PathFinding.o BinaryHeap.o HashTable.o Queue.o Players.o Utilities.o minimax.o /usr/lib/x86_64-linux-gnu/libm.so /usr/lib/x86_64-linux-gnu/libdl.so /usr/lib/x86_64-linux-gnu/libjansson.so   -o dracula
gcc -Wall -Werror -O3   -c -o hunter.o hunter.c
gcc -Wall -Werror -O3 -c player.c -o playerHunter.o
gcc -Wall -Werror -O3   -c -o HunterView.o HunterView.c
gcc   hunter.o playerHunter.o HunterView.o GameView.o Map.o Places.o PathFinding.o BinaryHeap.o HashTable.o Queue.o Players.o Utilities.o minimax.o /usr/lib/x86_64-linux-gnu/libm.so /usr/lib/x86_64-linux-gnu/libdl.so /usr/lib/x86_64-linux-gnu/libjansson.so   -o hunter
   The FURY of DRACULA   
          _..._          
        .'     '.        
       ; __   __ ;       
       |/  \ /  \|       
     |\| -- ' -- |/|     
     |(| \o| |o/ |)|     
     _\|    U    |/_     
  .-'  | ,.___., |  '-.  
  \    ;  V'-'V  ;    /  
   `\   \       /   /`   
     `\  '-...-'  /`     
       `\  / \  /`       
         `\\_//`         
...........................
--------------------------------------------------------------------------
> Running player 0... 
Running with input: "past_plays": ""
==============================================================
Program Output (0): 
==============================================================
Move:  {
  "timer": 51,
  "message": "132",
  "move": "SZ"
}
> Game score: 366
> Moving from: undefined
> Life Points: 9
> Player 0 made move:
> +++
  timer: 51
  message: 132
  move: SZ
> ---
--------------------------------------------------------------------------
> Running player 1... 
Running with input: "past_plays": "GSZ...."
==============================================================
Program Output (0): 
==============================================================
Move:  {
  "timer": 49,
  "move": "LO",
  "message": "132"
}
> Game score: 366
> Moving from: undefined
> Life Points: 9
> Player 1 made move:
> +++
  timer: 49
  move: LO
  message: 132
> ---
--------------------------------------------------------------------------
> Running player 2... 
Running with input: "past_plays": "GSZ.... SLO...."
==============================================================
Program Output (0): 
==============================================================
Move:  {
  "move": "SR",
  "message": "132",
  "timer": 49
}
> Game score: 366
> Moving from: undefined
> Life Points: 9
> Player 2 made move:
> +++
  move: SR
  message: 132
  timer: 49
> ---
--------------------------------------------------------------------------
> Running player 3... 
Running with input: "past_plays": "GSZ.... SLO.... HSR...."
==============================================================
Program Output (0): 
==============================================================
Move:  {
  "move": "ZU",
  "message": "132",
  "timer": 50
}
> Game score: 366
> Moving from: undefined
> Life Points: 9
> Player 3 made move:
> +++
  move: ZU
  message: 132
  timer: 50
> ---
--------------------------------------------------------------------------
> Running player 4... 
Running with input: "past_plays": "GSZ.... SLO.... HSR.... MZU...."
==============================================================
Program Output (0): 
==============================================================
Move:  {
  "move": "BB",
  "message": "Have we nothing Toulouse?",
  "timer": 195
}
> Game score: 366
> Moving from: undefined
> Blood Points: 40
> Player 4 made move:
> +++
  move: BB
  message: Have we nothing Toulouse?
  timer: 195
> ---
> End of Round:  0
> Starting Round:  1
--------------------------------------------------------------------------
> Running player 0... 
Running with input: "past_plays": "GSZ.... SLO.... HSR.... MZU.... DS?...."
==============================================================
Program Output (0): 
==============================================================
Move:  {
  "move": "BD",
  "message": "132?",
  "timer": 55
}
> Game score: 365
> Moving from: SZ
> Life Points: 9
> Player 0 made move:
> +++
  move: BD
  message: 132?
  timer: 55
> ---
--------------------------------------------------------------------------
> Running player 1... 
Running with input: "past_plays": "GSZ.... SLO.... HSR.... MZU.... DS?.... GBD...."
==============================================================
Program Output (0): 
==============================================================
Move:  {
  "timer": 60,
  "move": "SW",
  "message": "132?"
}
> Game score: 365
> Moving from: LO
> Life Points: 9
> Player 1 made move:
> +++
  timer: 60
  move: SW
  message: 132?
> ---
--------------------------------------------------------------------------
> Running player 2... 
Running with input: "past_plays": "GSZ.... SLO.... HSR.... MZU.... DS?.... GBD.... SSW...."
==============================================================
Program Output (0): 
==============================================================
Move:  {
  "timer": 61,
  "move": "MA",
  "message": "132?"
}
> Game score: 365
> Moving from: SR
> Life Points: 9
> Player 2 made move:
> +++
  timer: 61
  move: MA
  message: 132?
> ---
--------------------------------------------------------------------------
> Running player 3... 
Running with input: "past_plays": "GSZ.... SLO.... HSR.... MZU.... DS?.... GBD.... SSW.... HMA...."
==============================================================
Program Output (0): 
==============================================================
Move:  {
  "move": "ST",
  "message": "132?",
  "timer": 55
}
> Game score: 365
> Moving from: ZU
> Life Points: 9
> Player 3 made move:
> +++
  move: ST
  message: 132?
  timer: 55
> ---
--------------------------------------------------------------------------
> Running player 4... 
Running with input: "past_plays": "GSZ.... SLO.... HSR.... MZU.... DBB.... GBD.... SSW.... HMA.... MST...."
==============================================================
Program Output (151): Evaluating -> Santander
Evaluating -> Nantes
Evaluating -> Bordeaux
Evaluating -> Atlantic Ocean
Evaluating -> Double Back 1
Turn time taken: 0.119146

==============================================================
Move:  {
  "move": "NA",
  "message": "",
  "timer": 120234
}
> Game score: 365
> Moving from: BB
> Blood Points: 38
> Legal Drac moves: BO NA SN AO D1
> Player 4 made move:
> +++
  move: NA
  message: 
  timer: 120234
> ---
> End of Round:  1
> Starting Round:  2
--------------------------------------------------------------------------
> Running player 0... 
Running with input: "past_plays": "GSZ.... SLO.... HSR.... MZU.... DS?.... GBD.... SSW.... HMA.... MST.... DC?T..."
==============================================================
Program Output (0): 
==============================================================
Move:  {
  "move": "VI",
  "message": "132?",
  "timer": 61
}
> Game score: 364
> Moving from: BD
> Life Points: 9
> Player 0 made move:
> +++
  move: VI
  message: 132?
  timer: 61
> ---
--------------------------------------------------------------------------
> Running player 1... 
Running with input: "past_plays": "GSZ.... SLO.... HSR.... MZU.... DS?.... GBD.... SSW.... HMA.... MST.... DC?T... GVI...."
==============================================================
Program Output (0): 
==============================================================
Move:  {
  "move": "LO",
  "message": "132?",
  "timer": 56
}
> Game score: 364
> Moving from: SW
> Life Points: 9
> Player 1 made move:
> +++
  move: LO
  message: 132?
  timer: 56
> ---
--------------------------------------------------------------------------
> Running player 2... 
Running with input: "past_plays": "GSZ.... SLO.... HSR.... MZU.... DS?.... GBD.... SSW.... HMA.... MST.... DC?T... GVI.... SLO...."
==============================================================
Program Output (0): 
==============================================================
Move:  {
  "move": "SR",
  "message": "132?",
  "timer": 58
}
> Game score: 364
> Moving from: MA
> Life Points: 9
> Player 2 made move:
> +++
  move: SR
  message: 132?
  timer: 58
> ---
--------------------------------------------------------------------------
> Running player 3... 
Running with input: "past_plays": "GSZ.... SLO.... HSR.... MZU.... DS?.... GBD.... SSW.... HMA.... MST.... DC?T... GVI.... SLO.... HSR...."
==============================================================
Program Output (0): 
==============================================================
Move:  {
  "move": "ZU",
  "message": "132?",
  "timer": 60
}
> Game score: 364
> Moving from: ST
> Life Points: 9
> Player 3 made move:
> +++
  move: ZU
  message: 132?
  timer: 60
> ---
--------------------------------------------------------------------------
> Running player 4... 
Running with input: "past_plays": "GSZ.... SLO.... HSR.... MZU.... DBB.... GBD.... SSW.... HMA.... MST.... DNAT... GVI.... SLO.... HSR.... MZU...."
==============================================================
Program Output (170): Evaluating -> Hide
Evaluating -> Paris
Evaluating -> Le Havre
Evaluating -> Clermont-Ferrand
Evaluating -> Bordeaux
Evaluating -> Double Back 1
Turn time taken: 0.158055

==============================================================
Move:  {
  "move": "HI",
  "message": "",
  "timer": 158927
}
> Game score: 364
> Moving from: NA
> Blood Points: 38
> Legal Drac moves: BO CF LE PA D1 D2 HI
> Player 4 made move:
> +++
  move: HI
  message: 
  timer: 158927
> ---
> End of Round:  2
> Starting Round:  3
--------------------------------------------------------------------------
> Running player 0... 
Running with input: "past_plays": "GSZ.... SLO.... HSR.... MZU.... DS?.... GBD.... SSW.... HMA.... MST.... DC?T... GVI.... SLO.... HSR.... MZU.... DC?T..."
==============================================================
Program Output (0): 
==============================================================
Move:  {
  "timer": 64,
  "move": "VE",
  "message": "132?"
}
> Game score: 363
> Moving from: VI
> Life Points: 9
> Player 0 made move:
> +++
  timer: 64
  move: VE
  message: 132?
> ---
--------------------------------------------------------------------------
> Running player 1... 
Running with input: "past_plays": "GSZ.... SLO.... HSR.... MZU.... DS?.... GBD.... SSW.... HMA.... MST.... DC?T... GVI.... SLO.... HSR.... MZU.... DC?T... GVE...."
==============================================================
Program Output (0): 
==============================================================
Move:  {
  "move": "LO",
  "timer": 62,
  "message": "132?"
}
> Game score: 363
> Moving from: LO
> Life Points: 9
> Player 1 made move:
> +++
  move: LO
  timer: 62
  message: 132?
> ---
--------------------------------------------------------------------------
> Running player 2... 
Running with input: "past_plays": "GSZ.... SLO.... HSR.... MZU.... DS?.... GBD.... SSW.... HMA.... MST.... DC?T... GVI.... SLO.... HSR.... MZU.... DC?T... GVE.... SLO...."
==============================================================
Program Output (0): 
==============================================================
Move:  {
  "message": "132?",
  "move": "MA",
  "timer": 59
}
> Game score: 363
> Moving from: SR
> Life Points: 9
> Player 2 made move:
> +++
  message: 132?
  move: MA
  timer: 59
> ---
--------------------------------------------------------------------------
> Running player 3... 
Running with input: "past_plays": "GSZ.... SLO.... HSR.... MZU.... DS?.... GBD.... SSW.... HMA.... MST.... DC?T... GVI.... SLO.... HSR.... MZU.... DC?T... GVE.... SLO.... HMA...."
==============================================================
Program Output (0): 
==============================================================
Move:  {
  "move": "ST",
  "message": "132?",
  "timer": 60
}
> Game score: 363
> Moving from: ZU
> Life Points: 9
> Player 3 made move:
> +++
  move: ST
  message: 132?
  timer: 60
> ---
--------------------------------------------------------------------------
> Running player 4... 
Running with input: "past_plays": "GSZ.... SLO.... HSR.... MZU.... DBB.... GBD.... SSW.... HMA.... MST.... DNAT... GVI.... SLO.... HSR.... MZU.... DHIT... GVE.... SLO.... HMA.... MST...."
==============================================================
Program Output (179): Evaluating -> Paris
Evaluating -> Le Havre
Evaluating -> Clermont-Ferrand
Evaluating -> Bordeaux
Evaluating -> Double Back 1
Evaluating -> Double Back 2
Turn time taken: 0.098116

==============================================================
Move:  {
  "move": "PA",
  "message": "",
  "timer": 99079
}
> Game score: 363
> Moving from: NA
> Blood Points: 38
> Legal Drac moves: BO CF LE PA D1 D2 D3
> Player 4 made move:
> +++
  move: PA
  message: 
  timer: 99079
> ---
> End of Round:  3
> Starting Round:  4
--------------------------------------------------------------------------
> Running player 0... 
Running with input: "past_plays": "GSZ.... SLO.... HSR.... MZU.... DS?.... GBD.... SSW.... HMA.... MST.... DC?T... GVI.... SLO.... HSR.... MZU.... DC?T... GVE.... SLO.... HMA.... MST.... DC?T..."
==============================================================
Program Output (0): 
==============================================================
Move:  {
  "timer": 67,
  "move": "AS",
  "message": "132?"
}
> Game score: 362
> Moving from: VE
> Life Points: 9
> Player 0 made move:
> +++
  timer: 67
  move: AS
  message: 132?
> ---
--------------------------------------------------------------------------
> Running player 1... 
Running with input: "past_plays": "GSZ.... SLO.... HSR.... MZU.... DS?.... GBD.... SSW.... HMA.... MST.... DC?T... GVI.... SLO.... HSR.... MZU.... DC?T... GVE.... SLO.... HMA.... MST.... DC?T... GAS...."
==============================================================
Program Output (0): 
==============================================================
Move:  {
  "message": "132?",
  "move": "LO",
  "timer": 61
}
> Game score: 362
> Moving from: LO
> Life Points: 9
> Player 1 made move:
> +++
  message: 132?
  move: LO
  timer: 61
> ---
--------------------------------------------------------------------------
> Running player 2... 
Running with input: "past_plays": "GSZ.... SLO.... HSR.... MZU.... DS?.... GBD.... SSW.... HMA.... MST.... DC?T... GVI.... SLO.... HSR.... MZU.... DC?T... GVE.... SLO.... HMA.... MST.... DC?T... GAS.... SLO...."
==============================================================
Program Output (0): 
==============================================================
Move:  {
  "move": "SR",
  "message": "132?",
  "timer": 64
}
> Game score: 362
> Moving from: MA
> Life Points: 9
> Player 2 made move:
> +++
  move: SR
  message: 132?
  timer: 64
> ---
--------------------------------------------------------------------------
> Running player 3... 
Running with input: "past_plays": "GSZ.... SLO.... HSR.... MZU.... DS?.... GBD.... SSW.... HMA.... MST.... DC?T... GVI.... SLO.... HSR.... MZU.... DC?T... GVE.... SLO.... HMA.... MST.... DC?T... GAS.... SLO.... HSR...."
==============================================================
Program Output (0): 
==============================================================
Move:  {
  "move": "ZU",
  "message": "132?",
  "timer": 61
}
> Game score: 362
> Moving from: ST
> Life Points: 9
> Player 3 made move:
> +++
  move: ZU
  message: 132?
  timer: 61
> ---
--------------------------------------------------------------------------
> Running player 4... 
Running with input: "past_plays": "GSZ.... SLO.... HSR.... MZU.... DBB.... GBD.... SSW.... HMA.... MST.... DNAT... GVI.... SLO.... HSR.... MZU.... DHIT... GVE.... SLO.... HMA.... MST.... DPAT... GAS.... SLO.... HSR.... MZU...."
==============================================================
Program Output (177): Evaluating -> Strasbourg
Evaluating -> Le Havre
Evaluating -> Geneva
Evaluating -> Clermont-Ferrand
Evaluating -> Brussels
Evaluating -> Double Back 1
Turn time taken: 0.118028

==============================================================
Move:  {
  "message": "",
  "move": "ST",
  "timer": 118835
}
> Game score: 362
> Moving from: PA
> Blood Points: 38
> Legal Drac moves: BU CF GE LE ST D1 D2 D3
> Player 4 made move:
> +++
  message: 
  move: ST
  timer: 118835
> ---
> End of Round:  4
> Starting Round:  5
--------------------------------------------------------------------------
> Running player 0... 
Running with input: "past_plays": "GSZ.... SLO.... HSR.... MZU.... DS?.... GBD.... SSW.... HMA.... MST.... DC?T... GVI.... SLO.... HSR.... MZU.... DC?T... GVE.... SLO.... HMA.... MST.... DC?T... GAS.... SLO.... HSR.... MZU.... DC?T..."
==============================================================
Program Output (0): 
==============================================================
Move:  {
  "message": "132?",
  "move": "VE",
  "timer": 64
}
> Game score: 361
> Moving from: AS
> Life Points: 9
> Player 0 made move:
> +++
  message: 132?
  move: VE
  timer: 64
> ---
--------------------------------------------------------------------------
> Running player 1... 
Running with input: "past_plays": "GSZ.... SLO.... HSR.... MZU.... DS?.... GBD.... SSW.... HMA.... MST.... DC?T... GVI.... SLO.... HSR.... MZU.... DC?T... GVE.... SLO.... HMA.... MST.... DC?T... GAS.... SLO.... HSR.... MZU.... DC?T... GVE...."
==============================================================
Program Output (0): 
==============================================================
Move:  {
  "move": "SW",
  "message": "132?",
  "timer": 67
}
> Game score: 361
> Moving from: LO
> Life Points: 9
> Player 1 made move:
> +++
  move: SW
  message: 132?
  timer: 67
> ---
--------------------------------------------------------------------------
> Running player 2... 
Running with input: "past_plays": "GSZ.... SLO.... HSR.... MZU.... DS?.... GBD.... SSW.... HMA.... MST.... DC?T... GVI.... SLO.... HSR.... MZU.... DC?T... GVE.... SLO.... HMA.... MST.... DC?T... GAS.... SLO.... HSR.... MZU.... DC?T... GVE.... SSW...."
==============================================================
Program Output (0): 
==============================================================
Move:  {
  "move": "MA",
  "timer": 63,
  "message": "132?"
}
> Game score: 361
> Moving from: SR
> Life Points: 9
> Player 2 made move:
> +++
  move: MA
  timer: 63
  message: 132?
> ---
--------------------------------------------------------------------------
> Running player 3... 
Running with input: "past_plays": "GSZ.... SLO.... HSR.... MZU.... DS?.... GBD.... SSW.... HMA.... MST.... DC?T... GVI.... SLO.... HSR.... MZU.... DC?T... GVE.... SLO.... HMA.... MST.... DC?T... GAS.... SLO.... HSR.... MZU.... DC?T... GVE.... SSW.... HMA...."
==============================================================
Program Output (0): 
==============================================================
Move:  {
  "move": "ST",
  "timer": 62,
  "message": "132?"
}
> Game score: 361
> Moving from: ZU
> Life Points: 9
> Player 3 made move:
> +++
  move: ST
  timer: 62
  message: 132?
> ---
--------------------------------------------------------------------------
> Running player 4... 
Running with input: "past_plays": "GSZ.... SLO.... HSR.... MZU.... DBB.... GBD.... SSW.... HMA.... MST.... DNAT... GVI.... SLO.... HSR.... MZU.... DHIT... GVE.... SLO.... HMA.... MST.... DPAT... GAS.... SLO.... HSR.... MZU.... DSTT... GVE.... SSW.... HMA.... MSTTD.."
==============================================================
Program Output (210): Evaluating -> Zurich
Evaluating -> Nuremburg
Evaluating -> Munich
Evaluating -> Geneva
Evaluating -> Frankfurt
Evaluating -> Cologne
Evaluating -> Brussels
Evaluating -> Double Back 1
Turn time taken: 0.183631

==============================================================
Move:  {
  "move": "ZU",
  "message": "",
  "timer": 184471
}
> Game score: 361
> Moving from: ST
> Blood Points: 28
> Legal Drac moves: BU CO FR GE MU NU ZU D1 D2
> Player 4 made move:
> +++
  move: ZU
  message: 
  timer: 184471
> ---
> End of Round:  5
> Starting Round:  6
--------------------------------------------------------------------------
> Running player 0... 
Running with input: "past_plays": "GSZ.... SLO.... HSR.... MZU.... DS?.... GBD.... SSW.... HMA.... MST.... DC?T... GVI.... SLO.... HSR.... MZU.... DC?T... GVE.... SLO.... HMA.... MST.... DC?T... GAS.... SLO.... HSR.... MZU.... DSTT... GVE.... SSW.... HMA.... MSTTD.. DC?T..."
==============================================================
Program Output (0): 
==============================================================
Move:  {
  "timer": 473,
  "move": "MI",
  "message": "132"
}
> Game score: 360
> Moving from: VE
> Life Points: 9
> Player 0 made move:
> +++
  timer: 473
  move: MI
  message: 132
> ---
--------------------------------------------------------------------------
> Running player 1... 
Running with input: "past_plays": "GSZ.... SLO.... HSR.... MZU.... DS?.... GBD.... SSW.... HMA.... MST.... DC?T... GVI.... SLO.... HSR.... MZU.... DC?T... GVE.... SLO.... HMA.... MST.... DC?T... GAS.... SLO.... HSR.... MZU.... DSTT... GVE.... SSW.... HMA.... MSTTD.. DC?T... GMI...."
==============================================================
Program Output (0): 
==============================================================
Move:  {
  "move": "LO",
  "message": "132",
  "timer": 533
}
> Game score: 360
> Moving from: SW
> Life Points: 9
> Player 1 made move:
> +++
  move: LO
  message: 132
  timer: 533
> ---
--------------------------------------------------------------------------
> Running player 2... 
Running with input: "past_plays": "GSZ.... SLO.... HSR.... MZU.... DS?.... GBD.... SSW.... HMA.... MST.... DC?T... GVI.... SLO.... HSR.... MZU.... DC?T... GVE.... SLO.... HMA.... MST.... DC?T... GAS.... SLO.... HSR.... MZU.... DSTT... GVE.... SSW.... HMA.... MSTTD.. DC?T... GMI.... SLO...."
==============================================================
Program Output (0): 
==============================================================
Move:  {
  "move": "SR",
  "message": "132",
  "timer": 687
}
> Game score: 360
> Moving from: MA
> Life Points: 9
> Player 2 made move:
> +++
  move: SR
  message: 132
  timer: 687
> ---
--------------------------------------------------------------------------
> Running player 3... 
Running with input: "past_plays": "GSZ.... SLO.... HSR.... MZU.... DS?.... GBD.... SSW.... HMA.... MST.... DC?T... GVI.... SLO.... HSR.... MZU.... DC?T... GVE.... SLO.... HMA.... MST.... DC?T... GAS.... SLO.... HSR.... MZU.... DSTT... GVE.... SSW.... HMA.... MSTTD.. DC?T... GMI.... SLO.... HSR...."
==============================================================
Program Output (0): 
==============================================================
Move:  {
  "timer": 69,
  "move": "ZU",
  "message": "132?"
}
> Game score: 360
> Moving from: ST
> Life Points: 3
> Player 3 made move:
> +++
  timer: 69
  move: ZU
  message: 132?
> ---
--------------------------------------------------------------------------
> Running player 4... 
Running with input: "past_plays": "GSZ.... SLO.... HSR.... MZU.... DBB.... GBD.... SSW.... HMA.... MST.... DNAT... GVI.... SLO.... HSR.... MZU.... DHIT... GVE.... SLO.... HMA.... MST.... DPAT... GAS.... SLO.... HSR.... MZU.... DSTT... GVE.... SSW.... HMA.... MSTTD.. DZUT... GMI.... SLO.... HSR.... MZUTD.."
==============================================================
Program Output (141): Evaluating -> Munich
Evaluating -> Milan
Evaluating -> Marseilles
Evaluating -> Geneva
Evaluating -> Double Back 1
Turn time taken: 0.132284

==============================================================
Move:  {
  "move": "MU",
  "message": "",
  "timer": 133121
}
> Game score: 354
> Moving from: ZU
> Blood Points: 18
> Legal Drac moves: GE MR MI MU D1 D2
> Player 4 made move:
> +++
  move: MU
  message: 
  timer: 133121
> ---
> End of Round:  6
> Starting Round:  7
--------------------------------------------------------------------------
> Running player 0... 
Running with input: "past_plays": "GSZ.... SLO.... HSR.... MZU.... DS?.... GBD.... SSW.... HMA.... MST.... DC?T... GVI.... SLO.... HSR.... MZU.... DC?T... GVE.... SLO.... HMA.... MST.... DC?T... GAS.... SLO.... HSR.... MZU.... DSTT... GVE.... SSW.... HMA.... MSTTD.. DZUT... GMI.... SLO.... HSR.... MZUTD.. DC?T..."
==============================================================
Program Output (0): 
==============================================================
Move:  {
  "move": "ZU",
  "timer": 536,
  "message": "132"
}
> Game score: 353
> Moving from: MI
> Life Points: 9
> Player 0 made move:
> +++
  move: ZU
  timer: 536
  message: 132
> ---
--------------------------------------------------------------------------
> Running player 1... 
Running with input: "past_plays": "GSZ.... SLO.... HSR.... MZU.... DS?.... GBD.... SSW.... HMA.... MST.... DC?T... GVI.... SLO.... HSR.... MZU.... DC?T... GVE.... SLO.... HMA.... MST.... DC?T... GAS.... SLO.... HSR.... MZU.... DSTT... GVE.... SSW.... HMA.... MSTTD.. DZUT... GMI.... SLO.... HSR.... MZUTD.. DC?T... GZU...."
==============================================================
Program Output (0): 
==============================================================
Move:  {
  "move": "EC",
  "message": "132",
  "timer": 461
}
> Game score: 353
> Moving from: LO
> Life Points: 9
> Player 1 made move:
> +++
  move: EC
  message: 132
  timer: 461
> ---
--------------------------------------------------------------------------
> Running player 2... 
Running with input: "past_plays": "GSZ.... SLO.... HSR.... MZU.... DS?.... GBD.... SSW.... HMA.... MST.... DC?T... GVI.... SLO.... HSR.... MZU.... DC?T... GVE.... SLO.... HMA.... MST.... DC?T... GAS.... SLO.... HSR.... MZU.... DSTT... GVE.... SSW.... HMA.... MSTTD.. DZUT... GMI.... SLO.... HSR.... MZUTD.. DC?T... GZU.... SEC...."
==============================================================
Program Output (0): 
==============================================================
Move:  {
  "message": "132",
  "move": "TO",
  "timer": 618
}
> Game score: 353
> Moving from: SR
> Life Points: 9
> Player 2 made move:
> +++
  message: 132
  move: TO
  timer: 618
> ---
--------------------------------------------------------------------------
> Running player 3... 
Running with input: "past_plays": "GSZ.... SLO.... HSR.... MZU.... DS?.... GBD.... SSW.... HMA.... MST.... DC?T... GVI.... SLO.... HSR.... MZU.... DC?T... GVE.... SLO.... HMA.... MST.... DC?T... GAS.... SLO.... HSR.... MZU.... DSTT... GVE.... SSW.... HMA.... MSTTD.. DZUT... GMI.... SLO.... HSR.... MZUTD.. DC?T... GZU.... SEC.... HTO...."
==============================================================
Program Output (0): 
==============================================================
Move:  {
  "message": "132",
  "move": "ZA",
  "timer": 599
}
> Game score: 353
> Moving from: JM
> Life Points: 9
> Player 3 made move:
> +++
  message: 132
  move: ZA
  timer: 599
> ---
--------------------------------------------------------------------------
> Running player 4... 
Running with input: "past_plays": "GSZ.... SLO.... HSR.... MZU.... DBB.... GBD.... SSW.... HMA.... MST.... DNAT... GVI.... SLO.... HSR.... MZU.... DHIT... GVE.... SLO.... HMA.... MST.... DPAT... GAS.... SLO.... HSR.... MZU.... DSTT... GVE.... SSW.... HMA.... MSTTD.. DZUT... GMI.... SLO.... HSR.... MZUTD.. DMUT... GZU.... SEC.... HTO.... MZA...."
==============================================================
Program Output (161): Evaluating -> Zagreb
Evaluating -> Vienna
Evaluating -> Venice
Evaluating -> Nuremburg
Evaluating -> Milan
Evaluating -> Double Back 1
Turn time taken: 0.084567

==============================================================
Move:  {
  "message": "",
  "move": "ZA",
  "timer": 85145
}
> Game score: 353
> Moving from: MU
> Blood Points: 18
> Legal Drac moves: MI NU VE VI ZA D1 D2 D3
> Player 4 made move:
> +++
  message: 
  move: ZA
  timer: 85145
> ---
> End of Round:  7
> Starting Round:  8
--------------------------------------------------------------------------
> Running player 0... 
Running with input: "past_plays": "GSZ.... SLO.... HSR.... MZU.... DS?.... GBD.... SSW.... HMA.... MST.... DC?T... GVI.... SLO.... HSR.... MZU.... DHIT... GVE.... SLO.... HMA.... MST.... DC?T... GAS.... SLO.... HSR.... MZU.... DSTT... GVE.... SSW.... HMA.... MSTTD.. DZUT... GMI.... SLO.... HSR.... MZUTD.. DC?T... GZU.... SEC.... HTO.... MZA.... DZAT.M."
==============================================================
Program Output (0): 
==============================================================
Move:  {
  "move": "MU",
  "message": "132",
  "timer": 726
}
> Game score: 352
> Moving from: ZU
> Life Points: 9
> Player 0 made move:
> +++
  move: MU
  message: 132
  timer: 726
> ---
--------------------------------------------------------------------------
> Running player 1... 
Running with input: "past_plays": "GSZ.... SLO.... HSR.... MZU.... DS?.... GBD.... SSW.... HMA.... MST.... DC?T... GVI.... SLO.... HSR.... MZU.... DHIT... GVE.... SLO.... HMA.... MST.... DC?T... GAS.... SLO.... HSR.... MZU.... DSTT... GVE.... SSW.... HMA.... MSTTD.. DZUT... GMI.... SLO.... HSR.... MZUTD.. DMUT... GZU.... SEC.... HTO.... MZA.... DZAT.M. GMUT..."
==============================================================
Program Output (0): 
==============================================================
Move:  {
  "move": "NS",
  "message": "132",
  "timer": 469
}
> Game score: 352
> Moving from: EC
> Life Points: 9
> Player 1 made move:
> +++
  move: NS
  message: 132
  timer: 469
> ---
--------------------------------------------------------------------------
> Running player 2... 
Running with input: "past_plays": "GSZ.... SLO.... HSR.... MZU.... DS?.... GBD.... SSW.... HMA.... MST.... DC?T... GVI.... SLO.... HSR.... MZU.... DHIT... GVE.... SLO.... HMA.... MST.... DC?T... GAS.... SLO.... HSR.... MZU.... DSTT... GVE.... SSW.... HMA.... MSTTD.. DZUT... GMI.... SLO.... HSR.... MZUTD.. DMUT... GZU.... SEC.... HTO.... MZA.... DZAT.M. GMUT... SNS...."
==============================================================
Program Output (0): 
==============================================================
Move:  {
  "message": "132",
  "move": "MR",
  "timer": 556
}
> Game score: 352
> Moving from: TO
> Life Points: 9
> Player 2 made move:
> +++
  message: 132
  move: MR
  timer: 556
> ---
--------------------------------------------------------------------------
> Running player 3... 
Running with input: "past_plays": "GSZ.... SLO.... HSR.... MZU.... DS?.... GBD.... SSW.... HMA.... MST.... DC?T... GVI.... SLO.... HSR.... MZU.... DHIT... GVE.... SLO.... HMA.... MST.... DC?T... GAS.... SLO.... HSR.... MZU.... DSTT... GVE.... SSW.... HMA.... MSTTD.. DZUT... GMI.... SLO.... HSR.... MZUTD.. DMUT... GZU.... SEC.... HTO.... MZA.... DZAT.M. GMUT... SNS.... HMR...."
==============================================================
Program Output (0): 
==============================================================
Move:  {
  "move": "SJ",
  "message": "132?",
  "timer": 76
}
> Game score: 352
> Moving from: ZA
> Life Points: 9
> Player 3 made move:
> +++
  move: SJ
  message: 132?
  timer: 76
> ---
--------------------------------------------------------------------------
> Running player 4... 
Running with input: "past_plays": "GSZ.... SLO.... HSR.... MZU.... DBB.... GBD.... SSW.... HMA.... MST.... DNAT... GVI.... SLO.... HSR.... MZU.... DHIT... GVE.... SLO.... HMA.... MST.... DPAT... GAS.... SLO.... HSR.... MZU.... DSTT... GVE.... SSW.... HMA.... MSTTD.. DZUT... GMI.... SLO.... HSR.... MZUTD.. DMUT... GZU.... SEC.... HTO.... MZA.... DZAT.M. GMUT... SNS.... HMR.... MSJ...."
==============================================================
Program Output (161): Evaluating -> Hide
Evaluating -> Vienna
Evaluating -> Szeged
Evaluating -> Sarajevo
Evaluating -> Budapest
Evaluating -> Double Back 1
Turn time taken: 0.225502

==============================================================
Move:  {
  "move": "SZ",
  "message": "",
  "timer": 227410
}
> Game score: 352
> Moving from: ZA
> Blood Points: 18
> Legal Drac moves: BD SJ SZ VI D1 D2 HI
> Player 4 made move:
> +++
  move: SZ
  message: 
  timer: 227410
> ---
> End of Round:  8
> Starting Round:  9
--------------------------------------------------------------------------
> Running player 0... 
Running with input: "past_plays": "GSZ.... SLO.... HSR.... MZU.... DS?.... GBD.... SSW.... HMA.... MST.... DC?T... GVI.... SLO.... HSR.... MZU.... DHIT... GVE.... SLO.... HMA.... MST.... DC?T... GAS.... SLO.... HSR.... MZU.... DSTT... GVE.... SSW.... HMA.... MSTTD.. DZUT... GMI.... SLO.... HSR.... MZUTD.. DMUT... GZU.... SEC.... HTO.... MZA.... DZAT.M. GMUT... SNS.... HMR.... MSJ.... DC?T.M."
==============================================================
Program Output (0): 
==============================================================
Move:  {
  "move": "ZA",
  "message": "132",
  "timer": 680
}
> Game score: 351
> Moving from: MU
> Life Points: 7
> Player 0 made move:
> +++
  move: ZA
  message: 132
  timer: 680
> ---
--------------------------------------------------------------------------
> Running player 1... 
Running with input: "past_plays": "GSZ.... SLO.... HSR.... MZU.... DS?.... GBD.... SSW.... HMA.... MST.... DC?T... GVI.... SLO.... HSR.... MZU.... DHIT... GVE.... SLO.... HMA.... MST.... DC?T... GAS.... SLO.... HSR.... MZU.... DSTT... GVE.... SSW.... HMA.... MSTTD.. DZUT... GMI.... SLO.... HSR.... MZUTD.. DMUT... GZU.... SEC.... HTO.... MZA.... DZAT.M. GMUT... SNS.... HMR.... MSJ.... DC?T.M. GZAT..."
==============================================================
Program Output (0): 
==============================================================
Move:  {
  "message": "132",
  "move": "HA",
  "timer": 557
}
> Game score: 351
> Moving from: NS
> Life Points: 9
> Player 1 made move:
> +++
  message: 132
  move: HA
  timer: 557
> ---
--------------------------------------------------------------------------
> Running player 2... 
Running with input: "past_plays": "GSZ.... SLO.... HSR.... MZU.... DS?.... GBD.... SSW.... HMA.... MST.... DC?T... GVI.... SLO.... HSR.... MZU.... DHIT... GVE.... SLO.... HMA.... MST.... DC?T... GAS.... SLO.... HSR.... MZU.... DSTT... GVE.... SSW.... HMA.... MSTTD.. DZUT... GMI.... SLO.... HSR.... MZUTD.. DMUT... GZU.... SEC.... HTO.... MZA.... DZAT.M. GMUT... SNS.... HMR.... MSJ.... DC?T.M. GZAT... SHA...."
==============================================================
Program Output (0): 
==============================================================
Move:  {
  "timer": 444,
  "move": "MI",
  "message": "132"
}
> Game score: 351
> Moving from: MR
> Life Points: 9
> Player 2 made move:
> +++
  timer: 444
  move: MI
  message: 132
> ---
--------------------------------------------------------------------------
> Running player 3... 
Running with input: "past_plays": "GSZ.... SLO.... HSR.... MZU.... DS?.... GBD.... SSW.... HMA.... MST.... DC?T... GVI.... SLO.... HSR.... MZU.... DHIT... GVE.... SLO.... HMA.... MST.... DC?T... GAS.... SLO.... HSR.... MZU.... DSTT... GVE.... SSW.... HMA.... MSTTD.. DZUT... GMI.... SLO.... HSR.... MZUTD.. DMUT... GZU.... SEC.... HTO.... MZA.... DZAT.M. GMUT... SNS.... HMR.... MSJ.... DC?T.M. GZAT... SHA.... HMI...."
==============================================================
Program Output (0): 
==============================================================
Move:  {
  "timer": 589,
  "move": "ZA",
  "message": "132"
}
> Game score: 351
> Moving from: SJ
> Life Points: 9
> Player 3 made move:
> +++
  timer: 589
  move: ZA
  message: 132
> ---
--------------------------------------------------------------------------
> Running player 4... 
Running with input: "past_plays": "GSZ.... SLO.... HSR.... MZU.... DBB.... GBD.... SSW.... HMA.... MST.... DNAT... GVI.... SLO.... HSR.... MZU.... DHIT... GVE.... SLO.... HMA.... MST.... DPAT... GAS.... SLO.... HSR.... MZU.... DSTT... GVE.... SSW.... HMA.... MSTTD.. DZUT... GMI.... SLO.... HSR.... MZUTD.. DMUT... GZU.... SEC.... HTO.... MZA.... DZAT.M. GMUT... SNS.... HMR.... MSJ.... DSZT.M. GZAT... SHA.... HMI.... MZA...."
==============================================================
Program Output (145): Evaluating -> Hide
Evaluating -> Klausenburg
Evaluating -> Budapest
Evaluating -> Belgrade
Evaluating -> Double Back 1
Turn time taken: 0.118840

==============================================================
Move:  {
  "move": "KL",
  "message": "",
  "timer": 119667
}
> Game score: 351
> Moving from: SZ
> Blood Points: 18
> Legal Drac moves: BE BD KL D1 D2 HI
> Player 4 made move:
> +++
  move: KL
  message: 
  timer: 119667
> ---
> End of Round:  9
> Starting Round:  10
--------------------------------------------------------------------------
> Running player 0... 
Running with input: "past_plays": "GSZ.... SLO.... HSR.... MZU.... DS?.... GBD.... SSW.... HMA.... MST.... DC?T... GVI.... SLO.... HSR.... MZU.... DHIT... GVE.... SLO.... HMA.... MST.... DC?T... GAS.... SLO.... HSR.... MZU.... DSTT... GVE.... SSW.... HMA.... MSTTD.. DZUT... GMI.... SLO.... HSR.... MZUTD.. DMUT... GZU.... SEC.... HTO.... MZA.... DZAT.M. GMUT... SNS.... HMR.... MSJ.... DC?T.M. GZAT... SHA.... HMI.... MZA.... DC?T.M."
==============================================================
Program Output (0): 
==============================================================
Move:  {
  "move": "SJ",
  "message": "132?",
  "timer": 75
}
> Game score: 350
> Moving from: ZA
> Life Points: 5
> Player 0 made move:
> +++
  move: SJ
  message: 132?
  timer: 75
> ---
--------------------------------------------------------------------------
> Running player 1... 
Running with input: "past_plays": "GSZ.... SLO.... HSR.... MZU.... DS?.... GBD.... SSW.... HMA.... MST.... DC?T... GVI.... SLO.... HSR.... MZU.... DHIT... GVE.... SLO.... HMA.... MST.... DC?T... GAS.... SLO.... HSR.... MZU.... DSTT... GVE.... SSW.... HMA.... MSTTD.. DZUT... GMI.... SLO.... HSR.... MZUTD.. DMUT... GZU.... SEC.... HTO.... MZA.... DZAT.M. GMUT... SNS.... HMR.... MSJ.... DC?T.M. GZAT... SHA.... HMI.... MZA.... DC?T.M. GSJ...."
==============================================================
Program Output (0): 
==============================================================
Move:  {
  "message": "132",
  "move": "VI",
  "timer": 637
}
> Game score: 350
> Moving from: HA
> Life Points: 9
> Player 1 made move:
> +++
  message: 132
  move: VI
  timer: 637
> ---
--------------------------------------------------------------------------
> Running player 2... 
Running with input: "past_plays": "GSZ.... SLO.... HSR.... MZU.... DS?.... GBD.... SSW.... HMA.... MST.... DC?T... GVI.... SLO.... HSR.... MZU.... DHIT... GVE.... SLO.... HMA.... MST.... DC?T... GAS.... SLO.... HSR.... MZU.... DSTT... GVE.... SSW.... HMA.... MSTTD.. DZUT... GMI.... SLO.... HSR.... MZUTD.. DMUT... GZU.... SEC.... HTO.... MZA.... DZAT.M. GMUT... SNS.... HMR.... MSJ.... DC?T.M. GZAT... SHA.... HMI.... MZA.... DC?T.M. GSJ.... SVI...."
==============================================================
Program Output (0): 
==============================================================
Move:  {
  "move": "MU",
  "message": "132",
  "timer": 619
}
> Game score: 350
> Moving from: MI
> Life Points: 9
> Player 2 made move:
> +++
  move: MU
  message: 132
  timer: 619
> ---
--------------------------------------------------------------------------
> Running player 3... 
Running with input: "past_plays": "GSZ.... SLO.... HSR.... MZU.... DS?.... GBD.... SSW.... HMA.... MST.... DC?T... GVI.... SLO.... HSR.... MZU.... DHIT... GVE.... SLO.... HMA.... MST.... DC?T... GAS.... SLO.... HSR.... MZU.... DSTT... GVE.... SSW.... HMA.... MSTTD.. DZUT... GMI.... SLO.... HSR.... MZUTD.. DMUT... GZU.... SEC.... HTO.... MZA.... DZAT.M. GMUT... SNS.... HMR.... MSJ.... DC?T.M. GZAT... SHA.... HMI.... MZA.... DC?T.M. GSJ.... SVI.... HMU...."
==============================================================
Program Output (0): 
==============================================================
Move:  {
  "move": "SJ",
  "message": "132?",
  "timer": 71
}
> Game score: 350
> Moving from: ZA
> Life Points: 9
> Player 3 made move:
> +++
  move: SJ
  message: 132?
  timer: 71
> ---
--------------------------------------------------------------------------
> Running player 4... 
Running with input: "past_plays": "GSZ.... SLO.... HSR.... MZU.... DBB.... GBD.... SSW.... HMA.... MST.... DNAT... GVI.... SLO.... HSR.... MZU.... DHIT... GVE.... SLO.... HMA.... MST.... DPAT... GAS.... SLO.... HSR.... MZU.... DSTT... GVE.... SSW.... HMA.... MSTTD.. DZUT... GMI.... SLO.... HSR.... MZUTD.. DMUT... GZU.... SEC.... HTO.... MZA.... DZAT.M. GMUT... SNS.... HMR.... MSJ.... DSZT.M. GZAT... SHA.... HMI.... MZA.... DKLT.M. GSJ.... SVI.... HMU.... MSJ...."
==============================================================
Program Output (193): Evaluating -> Hide
Evaluating -> Galatz
Evaluating -> Castle Dracula
Evaluating -> Budapest
Evaluating -> Bucharest
Evaluating -> Belgrade
Evaluating -> Double Back 1
Turn time taken: 0.102758

==============================================================
Move:  {
  "move": "CD",
  "message": "",
  "timer": 103512
}
> Game score: 350
> Moving from: KL
> Blood Points: 18
> Legal Drac moves: BE BC BD CD GA D1 D2 HI
> Player 4 made move:
> +++
  move: CD
  message: 
  timer: 103512
> ---
> End of Round:  10
> Starting Round:  11
--------------------------------------------------------------------------
> Running player 0... 
Running with input: "past_plays": "GSZ.... SLO.... HSR.... MZU.... DS?.... GBD.... SSW.... HMA.... MST.... DC?T... GVI.... SLO.... HSR.... MZU.... DHIT... GVE.... SLO.... HMA.... MST.... DC?T... GAS.... SLO.... HSR.... MZU.... DSTT... GVE.... SSW.... HMA.... MSTTD.. DZUT... GMI.... SLO.... HSR.... MZUTD.. DMUT... GZU.... SEC.... HTO.... MZA.... DZAT.M. GMUT... SNS.... HMR.... MSJ.... DC?T.M. GZAT... SHA.... HMI.... MZA.... DC?T.M. GSJ.... SVI.... HMU.... MSJ.... DCDT..."
==============================================================
Program Output (0): 
==============================================================
Move:  {
  "move": "BE",
  "message": "132",
  "timer": 498
}
> Game score: 349
> Moving from: SJ
> Life Points: 5
> Player 0 made move:
> +++
  move: BE
  message: 132
  timer: 498
> ---
--------------------------------------------------------------------------
> Running player 1... 
Running with input: "past_plays": "GSZ.... SLO.... HSR.... MZU.... DS?.... GBD.... SSW.... HMA.... MST.... DC?T... GVI.... SLO.... HSR.... MZU.... DHIT... GVE.... SLO.... HMA.... MST.... DC?T... GAS.... SLO.... HSR.... MZU.... DSTT... GVE.... SSW.... HMA.... MSTTD.. DZUT... GMI.... SLO.... HSR.... MZUTD.. DMUT... GZU.... SEC.... HTO.... MZA.... DZAT.M. GMUT... SNS.... HMR.... MSJ.... DC?T.M. GZAT... SHA.... HMI.... MZA.... DC?T.M. GSJ.... SVI.... HMU.... MSJ.... DCDT... GBE...."
==============================================================
Program Output (0): 
==============================================================
Move:  {
  "move": "BD",
  "message": "132",
  "timer": 631
}
> Game score: 349
> Moving from: VI
> Life Points: 9
> Player 1 made move:
> +++
  move: BD
  message: 132
  timer: 631
> ---
--------------------------------------------------------------------------
> Running player 2... 
Running with input: "past_plays": "GSZ.... SLO.... HSR.... MZU.... DS?.... GBD.... SSW.... HMA.... MST.... DC?T... GVI.... SLO.... HSR.... MZU.... DHIT... GVE.... SLO.... HMA.... MST.... DC?T... GAS.... SLO.... HSR.... MZU.... DSTT... GVE.... SSW.... HMA.... MSTTD.. DZUT... GMI.... SLO.... HSR.... MZUTD.. DMUT... GZU.... SEC.... HTO.... MZA.... DZAT.M. GMUT... SNS.... HMR.... MSJ.... DC?T.M. GZAT... SHA.... HMI.... MZA.... DC?T.M. GSJ.... SVI.... HMU.... MSJ.... DCDT... GBE.... SBD...."
==============================================================
Program Output (0): 
==============================================================
Move:  {
  "move": "ZA",
  "message": "132",
  "timer": 668
}
> Game score: 349
> Moving from: MU
> Life Points: 9
> Player 2 made move:
> +++
  move: ZA
  message: 132
  timer: 668
> ---
--------------------------------------------------------------------------
> Running player 3... 
Running with input: "past_plays": "GSZ.... SLO.... HSR.... MZU.... DS?.... GBD.... SSW.... HMA.... MST.... DC?T... GVI.... SLO.... HSR.... MZU.... DHIT... GVE.... SLO.... HMA.... MST.... DC?T... GAS.... SLO.... HSR.... MZU.... DSTT... GVE.... SSW.... HMA.... MSTTD.. DZUT... GMI.... SLO.... HSR.... MZUTD.. DMUT... GZU.... SEC.... HTO.... MZA.... DZAT.M. GMUT... SNS.... HMR.... MSJ.... DC?T.M. GZAT... SHA.... HMI.... MZA.... DC?T.M. GSJ.... SVI.... HMU.... MSJ.... DCDT... GBE.... SBD.... HZA...."
==============================================================
Program Output (0): 
==============================================================
Move:  {
  "move": "BE",
  "message": "132",
  "timer": 545
}
> Game score: 349
> Moving from: SJ
> Life Points: 9
> Player 3 made move:
> +++
  move: BE
  message: 132
  timer: 545
> ---
--------------------------------------------------------------------------
> Running player 4... 
Running with input: "past_plays": "GSZ.... SLO.... HSR.... MZU.... DBB.... GBD.... SSW.... HMA.... MST.... DNAT... GVI.... SLO.... HSR.... MZU.... DHIT... GVE.... SLO.... HMA.... MST.... DPAT... GAS.... SLO.... HSR.... MZU.... DSTT... GVE.... SSW.... HMA.... MSTTD.. DZUT... GMI.... SLO.... HSR.... MZUTD.. DMUT... GZU.... SEC.... HTO.... MZA.... DZAT.M. GMUT... SNS.... HMR.... MSJ.... DSZT.M. GZAT... SHA.... HMI.... MZA.... DKLT.M. GSJ.... SVI.... HMU.... MSJ.... DCDT... GBE.... SBD.... HZA.... MBE...."
==============================================================
Program Output (94): Evaluating -> Hide
Evaluating -> Galatz
Evaluating -> Double Back 1
Turn time taken: 0.047921

==============================================================
Move:  {
  "move": "HI",
  "timer": 48437,
  "message": ""
}
> Game score: 349
> Moving from: CD
> Blood Points: 28
> Legal Drac moves: GA D1 D2 HI
> Player 4 made move:
> +++
  move: HI
  timer: 48437
  message: 
> ---
> End of Round:  11
> Starting Round:  12
--------------------------------------------------------------------------
> Running player 0... 
Running with input: "past_plays": "GSZ.... SLO.... HSR.... MZU.... DS?.... GBD.... SSW.... HMA.... MST.... DC?T... GVI.... SLO.... HSR.... MZU.... DHIT... GVE.... SLO.... HMA.... MST.... DC?T... GAS.... SLO.... HSR.... MZU.... DSTT... GVE.... SSW.... HMA.... MSTTD.. DZUT... GMI.... SLO.... HSR.... MZUTD.. DMUT... GZU.... SEC.... HTO.... MZA.... DZAT.M. GMUT... SNS.... HMR.... MSJ.... DC?T.M. GZAT... SHA.... HMI.... MZA.... DC?T.M. GSJ.... SVI.... HMU.... MSJ.... DCDT... GBE.... SBD.... HZA.... MBE.... DHIT..."
==============================================================
Program Output (0): 
==============================================================
Move:  {
  "move": "KL",
  "message": "132",
  "timer": 586
}
> Game score: 348
> Moving from: BE
> Life Points: 5
> Player 0 made move:
> +++
  move: KL
  message: 132
  timer: 586
> ---
--------------------------------------------------------------------------
> Running player 1... 
Running with input: "past_plays": "GSZ.... SLO.... HSR.... MZU.... DS?.... GBD.... SSW.... HMA.... MST.... DC?T... GVI.... SLO.... HSR.... MZU.... DHIT... GVE.... SLO.... HMA.... MST.... DC?T... GAS.... SLO.... HSR.... MZU.... DSTT... GVE.... SSW.... HMA.... MSTTD.. DZUT... GMI.... SLO.... HSR.... MZUTD.. DMUT... GZU.... SEC.... HTO.... MZA.... DZAT.M. GMUT... SNS.... HMR.... MSJ.... DC?T.M. GZAT... SHA.... HMI.... MZA.... DKLT.M. GSJ.... SVI.... HMU.... MSJ.... DCDT... GBE.... SBD.... HZA.... MBE.... DHIT... GKLT..."
==============================================================
Program Output (0): 
==============================================================
Move:  {
  "move": "KL",
  "message": "132",
  "timer": 550
}
> Game score: 348
> Moving from: BD
> Life Points: 9
> Player 1 made move:
> +++
  move: KL
  message: 132
  timer: 550
> ---
--------------------------------------------------------------------------
> Running player 2... 
Running with input: "past_plays": "GSZ.... SLO.... HSR.... MZU.... DS?.... GBD.... SSW.... HMA.... MST.... DC?T... GVI.... SLO.... HSR.... MZU.... DHIT... GVE.... SLO.... HMA.... MST.... DC?T... GAS.... SLO.... HSR.... MZU.... DSTT... GVE.... SSW.... HMA.... MSTTD.. DZUT... GMI.... SLO.... HSR.... MZUTD.. DMUT... GZU.... SEC.... HTO.... MZA.... DZAT.M. GMUT... SNS.... HMR.... MSJ.... DC?T.M. GZAT... SHA.... HMI.... MZA.... DKLT.M. GSJ.... SVI.... HMU.... MSJ.... DCDT... GBE.... SBD.... HZA.... MBE.... DHIT... GKLT... SKL...."
==============================================================
Program Output (0): 
==============================================================
Move:  {
  "move": "SZ",
  "message": "132",
  "timer": 445
}
> Game score: 348
> Moving from: ZA
> Life Points: 9
> Player 2 made move:
> +++
  move: SZ
  message: 132
  timer: 445
> ---
--------------------------------------------------------------------------
> Running player 3... 
Running with input: "past_plays": "GSZ.... SLO.... HSR.... MZU.... DS?.... GBD.... SSW.... HMA.... MST.... DC?T... GVI.... SLO.... HSR.... MZU.... DHIT... GVE.... SLO.... HMA.... MST.... DC?T... GAS.... SLO.... HSR.... MZU.... DSTT... GVE.... SSW.... HMA.... MSTTD.. DZUT... GMI.... SLO.... HSR.... MZUTD.. DMUT... GZU.... SEC.... HTO.... MZA.... DZAT.M. GMUT... SNS.... HMR.... MSJ.... DSZT.M. GZAT... SHA.... HMI.... MZA.... DKLT.M. GSJ.... SVI.... HMU.... MSJ.... DCDT... GBE.... SBD.... HZA.... MBE.... DHIT... GKLT... SKL.... HSZT..."
==============================================================
Program Output (0): 
==============================================================
Move:  {
  "move": "GA",
  "message": "132",
  "timer": 458
}
> Game score: 348
> Moving from: BE
> Life Points: 9
> Player 3 made move:
> +++
  move: GA
  message: 132
  timer: 458
> ---
--------------------------------------------------------------------------
> Running player 4... 
Running with input: "past_plays": "GSZ.... SLO.... HSR.... MZU.... DBB.... GBD.... SSW.... HMA.... MST.... DNAT... GVI.... SLO.... HSR.... MZU.... DHIT... GVE.... SLO.... HMA.... MST.... DPAT... GAS.... SLO.... HSR.... MZU.... DSTT... GVE.... SSW.... HMA.... MSTTD.. DZUT... GMI.... SLO.... HSR.... MZUTD.. DMUT... GZU.... SEC.... HTO.... MZA.... DZAT.M. GMUT... SNS.... HMR.... MSJ.... DSZT.M. GZAT... SHA.... HMI.... MZA.... DKLT.M. GSJ.... SVI.... HMU.... MSJ.... DCDT... GBE.... SBD.... HZA.... MBE.... DHIT... GKLT... SKL.... HSZT... MGA...."
==============================================================
Program Output (103): Evaluating -> Galatz
Evaluating -> Double Back 1
Evaluating -> Double Back 2
Turn time taken: 0.121841

==============================================================
Move:  {
  "move": "D1",
  "message": "",
  "timer": 123011
}
> Game score: 348
> Moving from: CD
> Blood Points: 38
> Legal Drac moves: GA D1 D2 D3
> Player 4 made move:
> +++
  move: D1
  message: 
  timer: 123011
> ---
> End of Round:  12
> Starting Round:  13
--------------------------------------------------------------------------
> Running player 0... 
Running with input: "past_plays": "GSZ.... SLO.... HSR.... MZU.... DS?.... GBD.... SSW.... HMA.... MST.... DC?T... GVI.... SLO.... HSR.... MZU.... DHIT... GVE.... SLO.... HMA.... MST.... DC?T... GAS.... SLO.... HSR.... MZU.... DSTT... GVE.... SSW.... HMA.... MSTTD.. DZUT... GMI.... SLO.... HSR.... MZUTD.. DMUT... GZU.... SEC.... HTO.... MZA.... DZAT.M. GMUT... SNS.... HMR.... MSJ.... DSZT.M. GZAT... SHA.... HMI.... MZA.... DKLT.M. GSJ.... SVI.... HMU.... MSJ.... DCDT... GBE.... SBD.... HZA.... MBE.... DHIT... GKLT... SKL.... HSZT... MGA.... DD1T..."
==============================================================
Program Output (0): 
==============================================================
Move:  {
  "move": "CD",
  "timer": 455,
  "message": "132"
}
> Game score: 347
> Moving from: KL
> Life Points: 3
> Player 0 made move:
> +++
  move: CD
  timer: 455
  message: 132
> ---
--------------------------------------------------------------------------
> Running player 1... 
Running with input: "past_plays": "GSZ.... SLO.... HSR.... MZU.... DS?.... GBD.... SSW.... HMA.... MST.... DC?T... GVI.... SLO.... HSR.... MZU.... DHIT... GVE.... SLO.... HMA.... MST.... DC?T... GAS.... SLO.... HSR.... MZU.... DSTT... GVE.... SSW.... HMA.... MSTTD.. DZUT... GMI.... SLO.... HSR.... MZUTD.. DMUT... GZU.... SEC.... HTO.... MZA.... DZAT.M. GMUT... SNS.... HMR.... MSJ.... DSZT.M. GZAT... SHA.... HMI.... MZA.... DKLT.M. GSJ.... SVI.... HMU.... MSJ.... DCDT... GBE.... SBD.... HZA.... MBE.... DHIT... GKLT... SKL.... HSZT... MGA.... DD1T... GCDTT.."
==============================================================
Program Output (0): 
==============================================================
Move:  {
  "move": "CD",
  "message": "132",
  "timer": 580
}
> Game score: 341
> Moving from: KL
> Life Points: 9
> Player 1 made move:
> +++
  move: CD
  message: 132
  timer: 580
> ---
--------------------------------------------------------------------------
> Running player 2... 
Running with input: "past_plays": "GSZ.... SLO.... HSR.... MZU.... DS?.... GBD.... SSW.... HMA.... MST.... DC?T... GVI.... SLO.... HSR.... MZU.... DHIT... GVE.... SLO.... HMA.... MST.... DC?T... GAS.... SLO.... HSR.... MZU.... DSTT... GVE.... SSW.... HMA.... MSTTD.. DZUT... GMI.... SLO.... HSR.... MZUTD.. DMUT... GZU.... SEC.... HTO.... MZA.... DZAT.M. GMUT... SNS.... HMR.... MSJ.... DSZT.M. GZAT... SHA.... HMI.... MZA.... DKLT.M. GSJ.... SVI.... HMU.... MSJ.... DCDT... GBE.... SBD.... HZA.... MBE.... DHIT... GKLT... SKL.... HSZT... MGA.... DD1T... GCDTT.. SCDTD.."
==============================================================
Program Output (0): 
==============================================================
Move:  {
  "move": "KL",
  "message": "132",
  "timer": 563
}
> Game score: 341
> Moving from: SZ
> Life Points: 7
> Player 2 made move:
> +++
  move: KL
  message: 132
  timer: 563
> ---
--------------------------------------------------------------------------
> Running player 3... 
Running with input: "past_plays": "GSZ.... SLO.... HSR.... MZU.... DS?.... GBD.... SSW.... HMA.... MST.... DC?T... GVI.... SLO.... HSR.... MZU.... DHIT... GVE.... SLO.... HMA.... MST.... DC?T... GAS.... SLO.... HSR.... MZU.... DSTT... GVE.... SSW.... HMA.... MSTTD.. DZUT... GMI.... SLO.... HSR.... MZUTD.. DMUT... GZU.... SEC.... HTO.... MZA.... DZAT.M. GMUT... SNS.... HMR.... MSJ.... DSZT.M. GZAT... SHA.... HMI.... MZA.... DKLT.M. GSJ.... SVI.... HMU.... MSJ.... DCDT... GBE.... SBD.... HZA.... MBE.... DHIT... GKLT... SKL.... HSZT... MGA.... DD1T... GCDTT.. SCDTD.. HKL...."
==============================================================
Program Output (0): 
==============================================================
Move:  {
  "move": "CD",
  "message": "132",
  "timer": 464
}
> Game score: 341
> Moving from: GA
> Life Points: 9
> Player 3 made move:
> +++
  move: CD
  message: 132
  timer: 464
> ---
--------------------------------------------------------------------------
> Running player 4... 
Running with input: "past_plays": "GSZ.... SLO.... HSR.... MZU.... DBB.... GBD.... SSW.... HMA.... MST.... DNAT... GVI.... SLO.... HSR.... MZU.... DHIT... GVE.... SLO.... HMA.... MST.... DPAT... GAS.... SLO.... HSR.... MZU.... DSTT... GVE.... SSW.... HMA.... MSTTD.. DZUT... GMI.... SLO.... HSR.... MZUTD.. DMUT... GZU.... SEC.... HTO.... MZA.... DZAT.M. GMUT... SNS.... HMR.... MSJ.... DSZT.M. GZAT... SHA.... HMI.... MZA.... DKLT.M. GSJ.... SVI.... HMU.... MSJ.... DCDT... GBE.... SBD.... HZA.... MBE.... DHIT... GKLT... SKL.... HSZT... MGA.... DD1T... GCDTT.. SCDTD.. HKL.... MCDD..."
==============================================================
Program Output (47): Evaluating -> Galatz
Turn time taken: 0.010131

==============================================================
Move:  {
  "move": "GA",
  "message": "",
  "timer": 10312
}
> Game score: 341
> Moving from: CD
> Blood Points: 28
> Legal Drac moves: GA
> Player 4 made move:
> +++
  move: GA
  message: 
  timer: 10312
> ---
> End of Round:  13
> Starting Round:  14
--------------------------------------------------------------------------
> Running player 0... 
Running with input: "past_plays": "GSZ.... SLO.... HSR.... MZU.... DS?.... GBD.... SSW.... HMA.... MST.... DC?T... GVI.... SLO.... HSR.... MZU.... DHIT... GVE.... SLO.... HMA.... MST.... DC?T... GAS.... SLO.... HSR.... MZU.... DSTT... GVE.... SSW.... HMA.... MSTTD.. DZUT... GMI.... SLO.... HSR.... MZUTD.. DMUT... GZU.... SEC.... HTO.... MZA.... DZAT.M. GMUT... SNS.... HMR.... MSJ.... DSZT.M. GZAT... SHA.... HMI.... MZA.... DKLT.M. GSJ.... SVI.... HMU.... MSJ.... DCDT... GBE.... SBD.... HZA.... MBE.... DHIT... GKLT... SKL.... HSZT... MGA.... DD1T... GCDTT.. SCDTD.. HKL.... MCDD... DC?.V.."
==============================================================
Program Output (0): 
==============================================================
Move:  {
  "message": "132?",
  "move": "BE",
  "timer": 77
}
> Game score: 340
> Moving from: JM
> Life Points: 9
> Player 0 made move:
> +++
  message: 132?
  move: BE
  timer: 77
> ---
--------------------------------------------------------------------------
> Running player 1... 
Running with input: "past_plays": "GSZ.... SLO.... HSR.... MZU.... DS?.... GBD.... SSW.... HMA.... MST.... DC?T... GVI.... SLO.... HSR.... MZU.... DHIT... GVE.... SLO.... HMA.... MST.... DC?T... GAS.... SLO.... HSR.... MZU.... DSTT... GVE.... SSW.... HMA.... MSTTD.. DZUT... GMI.... SLO.... HSR.... MZUTD.. DMUT... GZU.... SEC.... HTO.... MZA.... DZAT.M. GMUT... SNS.... HMR.... MSJ.... DSZT.M. GZAT... SHA.... HMI.... MZA.... DKLT.M. GSJ.... SVI.... HMU.... MSJ.... DCDT... GBE.... SBD.... HZA.... MBE.... DHIT... GKLT... SKL.... HSZT... MGA.... DD1T... GCDTT.. SCDTD.. HKL.... MCDD... DC?.V.. GBE...."
==============================================================
Program Output (0): 
==============================================================
Move:  {
  "move": "GA",
  "message": "132?",
  "timer": 79
}
> Game score: 340
> Moving from: CD
> Life Points: 3
> Player 1 made move:
> +++
  move: GA
  message: 132?
  timer: 79
> ---
--------------------------------------------------------------------------
> Running player 2... 
Running with input: "past_plays": "GSZ.... SLO.... HSR.... MZU.... DS?.... GBD.... SSW.... HMA.... MST.... DC?T... GVI.... SLO.... HSR.... MZU.... DHIT... GVE.... SLO.... HMA.... MST.... DC?T... GAS.... SLO.... HSR.... MZU.... DSTT... GVE.... SSW.... HMA.... MSTTD.. DZUT... GMI.... SLO.... HSR.... MZUTD.. DMUT... GZU.... SEC.... HTO.... MZA.... DZAT.M. GMUT... SNS.... HMR.... MSJ.... DSZT.M. GZAT... SHA.... HMI.... MZA.... DKLT.M. GSJ.... SVI.... HMU.... MSJ.... DCDT... GBE.... SBD.... HZA.... MBE.... DHIT... GKLT... SKL.... HSZT... MGA.... DD1T... GCDTT.. SCDTD.. HKL.... MCDD... DGA.V.. GBE.... SGAVD.."
==============================================================
Program Output (0): 
==============================================================
Move:  {
  "timer": 484,
  "move": "GA",
  "message": "132"
}
> Game score: 334
> Moving from: KL
> Life Points: 7
> Player 2 made move:
> +++
  timer: 484
  move: GA
  message: 132
> ---
--------------------------------------------------------------------------
> Running player 3... 
Running with input: "past_plays": "GSZ.... SLO.... HSR.... MZU.... DS?.... GBD.... SSW.... HMA.... MST.... DC?T... GVI.... SLO.... HSR.... MZU.... DHIT... GVE.... SLO.... HMA.... MST.... DC?T... GAS.... SLO.... HSR.... MZU.... DSTT... GVE.... SSW.... HMA.... MSTTD.. DZUT... GMI.... SLO.... HSR.... MZUTD.. DMUT... GZU.... SEC.... HTO.... MZA.... DZAT.M. GMUT... SNS.... HMR.... MSJ.... DSZT.M. GZAT... SHA.... HMI.... MZA.... DKLT.M. GSJ.... SVI.... HMU.... MSJ.... DCDT... GBE.... SBD.... HZA.... MBE.... DHIT... GKLT... SKL.... HSZT... MGA.... DD1T... GCDTT.. SCDTD.. HKL.... MCDD... DGA.V.. GBE.... SGAVD.. HGAD..."
==============================================================
Program Output (0): 
==============================================================
Move:  {
  "message": "132",
  "move": "GA",
  "timer": 577
}
> Game score: 334
> Moving from: CD
> Life Points: 5
> Player 3 made move:
> +++
  message: 132
  move: GA
  timer: 577
> ---
--------------------------------------------------------------------------
> End of game: 
> +++
  score: 334
  revealedPastPlays: GSZ.... SLO.... HSR.... MZU.... DBB.... GBD.... SSW.... HMA.... MST.... DNAT... GVI.... SLO.... HSR.... MZU.... DHIT... GVE.... SLO.... HMA.... MST.... DPAT... GAS.... SLO.... HSR.... MZU.... DSTT... GVE.... SSW.... HMA.... MSTTD.. DZUT... GMI.... SLO.... HSR.... MZUTD.. DMUT... GZU.... SEC.... HTO.... MZA.... DZAT.M. GMUT... SNS.... HMR.... MSJ.... DSZT.M. GZAT... SHA.... HMI.... MZA.... DKLT.M. GSJ.... SVI.... HMU.... MSJ.... DCDT... GBE.... SBD.... HZA.... MBE.... DHIT... GKLT... SKL.... HSZT... MGA.... DD1T... GCDTT.. SCDTD.. HKL.... MCDD... DGA.V.. GBE.... SGAVD.. HGAD... MGAD...
  messages: ["132","132","132","132","Have we nothing Toulouse?","132?","132?","132?","132?","","132?","132?","132?","132?","","132?","132?","132?","132?","","132?","132?","132?","132?","","132?","132?","132?","132?","","132","132","132","132?","","132","132","132","132","","132","132","132","132?","","132","132","132","132","","132?","132","132","132?","","132","132","132","132","","132","132","132","132","","132","132","132","132","","132?","132?","132","132"]
> ---
> Game Over
Final score: 334
Final round: 14
