[0;36mCreated a temp directory '/tmp/tmp.Lt8nankoDZ' for checking your submission[0m
[0;36mCopying your files into '/tmp/tmp.Lt8nankoDZ'[0m
[0;36mChecking that your submission includes all the required files[0m
[0;36mChecking that your submission does NOT include files that shouldn't be modified[0m
[0;36mCopying our versions of files that shouldn't be modified into '/tmp/tmp.Lt8nankoDZ'[0m
[0;36mCopying in the remaining files that you weren't required to modify or submit[0m
[0;36mCheck your Makefile for 'LIBS'[0m
[0;36mChecking that your code compiles[0m
gcc -Wall -Werror -O3   -c -o dracula.o dracula.c
gcc -Wall -Werror -O3 -DI_AM_DRACULA -c player.c -o playerDracula.o
gcc -Wall -Werror -O3   -c -o DraculaView.o DraculaView.c
gcc -Wall -Werror -O3   -c -o GameView.o GameView.c
gcc -Wall -Werror -O3   -c -o Map.o Map.c
gcc -Wall -Werror -O3   -c -o Places.o Places.c
gcc -Wall -Werror -O3   -c -o PathFinding.o PathFinding.c
gcc -Wall -Werror -O3   -c -o BinaryHeap.o BinaryHeap.c
gcc -Wall -Werror -O3   -c -o HashTable.o HashTable.c
gcc -Wall -Werror -O3   -c -o Queue.o Queue.c
gcc -Wall -Werror -O3   -c -o Players.o Players.c
gcc -Wall -Werror -O3   -c -o Utilities.o Utilities.c
gcc -Wall -Werror -O3   -c -o minimax.o minimax.c
gcc   dracula.o playerDracula.o DraculaView.o GameView.o Map.o Places.o PathFinding.o BinaryHeap.o HashTable.o Queue.o Players.o Utilities.o minimax.o /usr/lib/x86_64-linux-gnu/libm.so   -o dracula
gcc -Wall -Werror -O3   -c -o hunter.o hunter.c
gcc -Wall -Werror -O3 -c player.c -o playerHunter.o
gcc -Wall -Werror -O3   -c -o HunterView.o HunterView.c
gcc   hunter.o playerHunter.o HunterView.o GameView.o Map.o Places.o PathFinding.o BinaryHeap.o HashTable.o Queue.o Players.o Utilities.o minimax.o /usr/lib/x86_64-linux-gnu/libm.so   -o hunter
[0;32mCompilation succeeded![0m

[0;32mDryrun succeeded![0m
gcc -Wall -Werror -O3   -c -o dracula.o dracula.c
gcc -Wall -Werror -O3 -DI_AM_DRACULA -c player.c -o playerDracula.o
gcc -Wall -Werror -O3   -c -o DraculaView.o DraculaView.c
gcc -Wall -Werror -O3   -c -o GameView.o GameView.c
gcc -Wall -Werror -O3   -c -o Map.o Map.c
gcc -Wall -Werror -O3   -c -o Places.o Places.c
gcc -Wall -Werror -O3   -c -o PathFinding.o PathFinding.c
gcc -Wall -Werror -O3   -c -o BinaryHeap.o BinaryHeap.c
gcc -Wall -Werror -O3   -c -o HashTable.o HashTable.c
gcc -Wall -Werror -O3   -c -o Queue.o Queue.c
gcc -Wall -Werror -O3   -c -o Players.o Players.c
gcc -Wall -Werror -O3   -c -o Utilities.o Utilities.c
gcc -Wall -Werror -O3   -c -o minimax.o minimax.c
gcc   dracula.o playerDracula.o DraculaView.o GameView.o Map.o Places.o PathFinding.o BinaryHeap.o HashTable.o Queue.o Players.o Utilities.o minimax.o /usr/lib/x86_64-linux-gnu/libm.so /usr/lib/x86_64-linux-gnu/libdl.so /usr/lib/x86_64-linux-gnu/libjansson.so   -o dracula
gcc -Wall -Werror -O3   -c -o hunter.o hunter.c
gcc -Wall -Werror -O3 -c player.c -o playerHunter.o
gcc -Wall -Werror -O3   -c -o HunterView.o HunterView.c
gcc   hunter.o playerHunter.o HunterView.o GameView.o Map.o Places.o PathFinding.o BinaryHeap.o HashTable.o Queue.o Players.o Utilities.o minimax.o /usr/lib/x86_64-linux-gnu/libm.so /usr/lib/x86_64-linux-gnu/libdl.so /usr/lib/x86_64-linux-gnu/libjansson.so   -o hunter
   The FURY of DRACULA   
          _..._          
        .'     '.        
       ; __   __ ;       
       |/  \ /  \|       
     |\| -- ' -- |/|     
     |(| \o| |o/ |)|     
     _\|    U    |/_     
  .-'  | ,.___., |  '-.  
  \    ;  V'-'V  ;    /  
   `\   \       /   /`   
     `\  '-...-'  /`     
       `\  / \  /`       
         `\\_//`         
...........................
--------------------------------------------------------------------------
> Running player 0... 
Running with input: "past_plays": ""
==============================================================
Program Output (0): 
==============================================================
Move:  {
  "move": "SZ",
  "message": "132",
  "timer": 53
}
> Game score: 366
> Moving from: undefined
> Life Points: 9
> Player 0 made move:
> +++
  move: SZ
  message: 132
  timer: 53
> ---
--------------------------------------------------------------------------
> Running player 1... 
Running with input: "past_plays": "GSZ...."
==============================================================
Program Output (0): 
==============================================================
Move:  {
  "move": "LO",
  "message": "132",
  "timer": 49
}
> Game score: 366
> Moving from: undefined
> Life Points: 9
> Player 1 made move:
> +++
  move: LO
  message: 132
  timer: 49
> ---
--------------------------------------------------------------------------
> Running player 2... 
Running with input: "past_plays": "GSZ.... SLO...."
==============================================================
Program Output (0): 
==============================================================
Move:  {
  "move": "SR",
  "timer": 56,
  "message": "132"
}
> Game score: 366
> Moving from: undefined
> Life Points: 9
> Player 2 made move:
> +++
  move: SR
  timer: 56
  message: 132
> ---
--------------------------------------------------------------------------
> Running player 3... 
Running with input: "past_plays": "GSZ.... SLO.... HSR...."
==============================================================
Program Output (0): 
==============================================================
Move:  {
  "move": "ZU",
  "message": "132",
  "timer": 49
}
> Game score: 366
> Moving from: undefined
> Life Points: 9
> Player 3 made move:
> +++
  move: ZU
  message: 132
  timer: 49
> ---
--------------------------------------------------------------------------
> Running player 4... 
Running with input: "past_plays": "GSZ.... SLO.... HSR.... MZU...."
==============================================================
Program Output (0): 
==============================================================
Move:  {
  "timer": 156,
  "move": "CF",
  "message": "Have we nothing Toulouse?"
}
> Game score: 366
> Moving from: undefined
> Blood Points: 40
> Player 4 made move:
> +++
  timer: 156
  move: CF
  message: Have we nothing Toulouse?
> ---
> End of Round:  0
> Starting Round:  1
--------------------------------------------------------------------------
> Running player 0... 
Running with input: "past_plays": "GSZ.... SLO.... HSR.... MZU.... DC?.V.."
==============================================================
Program Output (0): 
==============================================================
Move:  {
  "move": "JM",
  "timer": 54,
  "message": "132?"
}
> Game score: 365
> Moving from: SZ
> Life Points: 9
> Player 0 made move:
> +++
  move: JM
  timer: 54
  message: 132?
> ---
--------------------------------------------------------------------------
> Running player 1... 
Running with input: "past_plays": "GSZ.... SLO.... HSR.... MZU.... DC?.V.. GJM...."
==============================================================
Program Output (0): 
==============================================================
Move:  {
  "move": "EC",
  "message": "132?",
  "timer": 56
}
> Game score: 365
> Moving from: LO
> Life Points: 9
> Player 1 made move:
> +++
  move: EC
  message: 132?
  timer: 56
> ---
--------------------------------------------------------------------------
> Running player 2... 
Running with input: "past_plays": "GSZ.... SLO.... HSR.... MZU.... DC?.V.. GJM.... SEC...."
==============================================================
Program Output (0): 
==============================================================
Move:  {
  "move": "SR",
  "message": "132?",
  "timer": 60
}
> Game score: 365
> Moving from: SR
> Life Points: 9
> Player 2 made move:
> +++
  move: SR
  message: 132?
  timer: 60
> ---
--------------------------------------------------------------------------
> Running player 3... 
Running with input: "past_plays": "GSZ.... SLO.... HSR.... MZU.... DC?.V.. GJM.... SEC.... HSR...."
==============================================================
Program Output (0): 
==============================================================
Move:  {
  "move": "ZU",
  "message": "132?",
  "timer": 57
}
> Game score: 365
> Moving from: ZU
> Life Points: 9
> Player 3 made move:
> +++
  move: ZU
  message: 132?
  timer: 57
> ---
--------------------------------------------------------------------------
> Running player 4... 
Running with input: "past_plays": "GSZ.... SLO.... HSR.... MZU.... DCF.V.. GJM.... SEC.... HSR.... MZU...."
==============================================================
Program Output (206): Evaluating -> Hide
Evaluating -> Toulouse
Evaluating -> Paris
Evaluating -> Nantes
Evaluating -> Marseilles
Evaluating -> Geneva
Evaluating -> Bordeaux
Evaluating -> Double Back 1
Turn time taken: 0.105245

==============================================================
Move:  {
  "move": "HI",
  "message": "",
  "timer": 106207
}
> Game score: 365
> Moving from: CF
> Blood Points: 40
> Legal Drac moves: BO GE MR NA PA TO D1 HI
> Player 4 made move:
> +++
  move: HI
  message: 
  timer: 106207
> ---
> End of Round:  1
> Starting Round:  2
--------------------------------------------------------------------------
> Running player 0... 
Running with input: "past_plays": "GSZ.... SLO.... HSR.... MZU.... DC?.V.. GJM.... SEC.... HSR.... MZU.... DC?T..."
==============================================================
Program Output (0): 
==============================================================
Move:  {
  "move": "SZ",
  "message": "132?",
  "timer": 60
}
> Game score: 364
> Moving from: JM
> Life Points: 9
> Player 0 made move:
> +++
  move: SZ
  message: 132?
  timer: 60
> ---
--------------------------------------------------------------------------
> Running player 1... 
Running with input: "past_plays": "GSZ.... SLO.... HSR.... MZU.... DC?.V.. GJM.... SEC.... HSR.... MZU.... DC?T... GSZ...."
==============================================================
Program Output (0): 
==============================================================
Move:  {
  "move": "EC",
  "timer": 57,
  "message": "132?"
}
> Game score: 364
> Moving from: EC
> Life Points: 9
> Player 1 made move:
> +++
  move: EC
  timer: 57
  message: 132?
> ---
--------------------------------------------------------------------------
> Running player 2... 
Running with input: "past_plays": "GSZ.... SLO.... HSR.... MZU.... DC?.V.. GJM.... SEC.... HSR.... MZU.... DC?T... GSZ.... SEC...."
==============================================================
Program Output (0): 
==============================================================
Move:  {
  "move": "BA",
  "message": "132?",
  "timer": 56
}
> Game score: 364
> Moving from: SR
> Life Points: 9
> Player 2 made move:
> +++
  move: BA
  message: 132?
  timer: 56
> ---
--------------------------------------------------------------------------
> Running player 3... 
Running with input: "past_plays": "GSZ.... SLO.... HSR.... MZU.... DC?.V.. GJM.... SEC.... HSR.... MZU.... DC?T... GSZ.... SEC.... HBA...."
==============================================================
Program Output (0): 
==============================================================
Move:  {
  "move": "ZU",
  "message": "132?",
  "timer": 62
}
> Game score: 364
> Moving from: ZU
> Life Points: 9
> Player 3 made move:
> +++
  move: ZU
  message: 132?
  timer: 62
> ---
--------------------------------------------------------------------------
> Running player 4... 
Running with input: "past_plays": "GSZ.... SLO.... HSR.... MZU.... DCF.V.. GJM.... SEC.... HSR.... MZU.... DHIT... GSZ.... SEC.... HBA.... MZU...."
==============================================================
Program Output (215): Evaluating -> Toulouse
Evaluating -> Paris
Evaluating -> Nantes
Evaluating -> Marseilles
Evaluating -> Geneva
Evaluating -> Bordeaux
Evaluating -> Double Back 1
Evaluating -> Double Back 2
Turn time taken: 0.236625

==============================================================
Move:  {
  "move": "PA",
  "message": "",
  "timer": 243079
}
> Game score: 364
> Moving from: CF
> Blood Points: 40
> Legal Drac moves: BO GE MR NA PA TO D1 D2
> Player 4 made move:
> +++
  move: PA
  message: 
  timer: 243079
> ---
> End of Round:  2
> Starting Round:  3
--------------------------------------------------------------------------
> Running player 0... 
Running with input: "past_plays": "GSZ.... SLO.... HSR.... MZU.... DC?.V.. GJM.... SEC.... HSR.... MZU.... DC?T... GSZ.... SEC.... HBA.... MZU.... DC?T..."
==============================================================
Program Output (0): 
==============================================================
Move:  {
  "move": "ZA",
  "message": "132?",
  "timer": 63
}
> Game score: 363
> Moving from: SZ
> Life Points: 9
> Player 0 made move:
> +++
  move: ZA
  message: 132?
  timer: 63
> ---
--------------------------------------------------------------------------
> Running player 1... 
Running with input: "past_plays": "GSZ.... SLO.... HSR.... MZU.... DC?.V.. GJM.... SEC.... HSR.... MZU.... DC?T... GSZ.... SEC.... HBA.... MZU.... DC?T... GZA...."
==============================================================
Program Output (0): 
==============================================================
Move:  {
  "move": "EC",
  "message": "132?",
  "timer": 72
}
> Game score: 363
> Moving from: EC
> Life Points: 9
> Player 1 made move:
> +++
  move: EC
  message: 132?
  timer: 72
> ---
--------------------------------------------------------------------------
> Running player 2... 
Running with input: "past_plays": "GSZ.... SLO.... HSR.... MZU.... DC?.V.. GJM.... SEC.... HSR.... MZU.... DC?T... GSZ.... SEC.... HBA.... MZU.... DC?T... GZA.... SEC...."
==============================================================
Program Output (0): 
==============================================================
Move:  {
  "move": "AL",
  "message": "132?",
  "timer": 59
}
> Game score: 363
> Moving from: BA
> Life Points: 9
> Player 2 made move:
> +++
  move: AL
  message: 132?
  timer: 59
> ---
--------------------------------------------------------------------------
> Running player 3... 
Running with input: "past_plays": "GSZ.... SLO.... HSR.... MZU.... DC?.V.. GJM.... SEC.... HSR.... MZU.... DC?T... GSZ.... SEC.... HBA.... MZU.... DC?T... GZA.... SEC.... HAL...."
==============================================================
Program Output (0): 
==============================================================
Move:  {
  "move": "ZU",
  "message": "132?",
  "timer": 58
}
> Game score: 363
> Moving from: ZU
> Life Points: 9
> Player 3 made move:
> +++
  move: ZU
  message: 132?
  timer: 58
> ---
--------------------------------------------------------------------------
> Running player 4... 
Running with input: "past_plays": "GSZ.... SLO.... HSR.... MZU.... DCF.V.. GJM.... SEC.... HSR.... MZU.... DHIT... GSZ.... SEC.... HBA.... MZU.... DPAT... GZA.... SEC.... HAL.... MZU...."
==============================================================
Program Output (167): Evaluating -> Strasbourg
Evaluating -> Nantes
Evaluating -> Le Havre
Evaluating -> Geneva
Evaluating -> Brussels
Evaluating -> Double Back 1
Turn time taken: 0.122692

==============================================================
Move:  {
  "message": "",
  "move": "ST",
  "timer": 123725
}
> Game score: 363
> Moving from: PA
> Blood Points: 40
> Legal Drac moves: BU GE LE NA ST D1 D2 D3
> Player 4 made move:
> +++
  message: 
  move: ST
  timer: 123725
> ---
> End of Round:  3
> Starting Round:  4
--------------------------------------------------------------------------
> Running player 0... 
Running with input: "past_plays": "GSZ.... SLO.... HSR.... MZU.... DC?.V.. GJM.... SEC.... HSR.... MZU.... DC?T... GSZ.... SEC.... HBA.... MZU.... DC?T... GZA.... SEC.... HAL.... MZU.... DC?T..."
==============================================================
Program Output (0): 
==============================================================
Move:  {
  "timer": 61,
  "move": "MU",
  "message": "132?"
}
> Game score: 362
> Moving from: ZA
> Life Points: 9
> Player 0 made move:
> +++
  timer: 61
  move: MU
  message: 132?
> ---
--------------------------------------------------------------------------
> Running player 1... 
Running with input: "past_plays": "GSZ.... SLO.... HSR.... MZU.... DC?.V.. GJM.... SEC.... HSR.... MZU.... DC?T... GSZ.... SEC.... HBA.... MZU.... DC?T... GZA.... SEC.... HAL.... MZU.... DC?T... GMU...."
==============================================================
Program Output (0): 
==============================================================
Move:  {
  "message": "132?",
  "move": "EC",
  "timer": 61
}
> Game score: 362
> Moving from: EC
> Life Points: 9
> Player 1 made move:
> +++
  message: 132?
  move: EC
  timer: 61
> ---
--------------------------------------------------------------------------
> Running player 2... 
Running with input: "past_plays": "GSZ.... SLO.... HSR.... MZU.... DC?.V.. GJM.... SEC.... HSR.... MZU.... DC?T... GSZ.... SEC.... HBA.... MZU.... DC?T... GZA.... SEC.... HAL.... MZU.... DC?T... GMU.... SEC...."
==============================================================
Program Output (0): 
==============================================================
Move:  {
  "move": "SN",
  "message": "132?",
  "timer": 65
}
> Game score: 362
> Moving from: AL
> Life Points: 9
> Player 2 made move:
> +++
  move: SN
  message: 132?
  timer: 65
> ---
--------------------------------------------------------------------------
> Running player 3... 
Running with input: "past_plays": "GSZ.... SLO.... HSR.... MZU.... DC?.V.. GJM.... SEC.... HSR.... MZU.... DC?T... GSZ.... SEC.... HBA.... MZU.... DC?T... GZA.... SEC.... HAL.... MZU.... DC?T... GMU.... SEC.... HSN...."
==============================================================
Program Output (0): 
==============================================================
Move:  {
  "move": "ZU",
  "message": "132?",
  "timer": 62
}
> Game score: 362
> Moving from: ZU
> Life Points: 9
> Player 3 made move:
> +++
  move: ZU
  message: 132?
  timer: 62
> ---
--------------------------------------------------------------------------
> Running player 4... 
Running with input: "past_plays": "GSZ.... SLO.... HSR.... MZU.... DCF.V.. GJM.... SEC.... HSR.... MZU.... DHIT... GSZ.... SEC.... HBA.... MZU.... DPAT... GZA.... SEC.... HAL.... MZU.... DSTT... GMU.... SEC.... HSN.... MZU...."
==============================================================
Program Output (210): Evaluating -> Zurich
Evaluating -> Nuremburg
Evaluating -> Munich
Evaluating -> Geneva
Evaluating -> Frankfurt
Evaluating -> Cologne
Evaluating -> Brussels
Evaluating -> Double Back 1
Turn time taken: 0.182882

==============================================================
Move:  {
  "move": "ZU",
  "message": "",
  "timer": 184663
}
> Game score: 362
> Moving from: ST
> Blood Points: 40
> Legal Drac moves: BU CO FR GE MU NU ZU D1 D2
> Player 4 made move:
> +++
  move: ZU
  message: 
  timer: 184663
> ---
> End of Round:  4
> Starting Round:  5
--------------------------------------------------------------------------
> Running player 0... 
Running with input: "past_plays": "GSZ.... SLO.... HSR.... MZU.... DC?.V.. GJM.... SEC.... HSR.... MZU.... DC?T... GSZ.... SEC.... HBA.... MZU.... DC?T... GZA.... SEC.... HAL.... MZU.... DC?T... GMU.... SEC.... HSN.... MZU.... DZUT..."
==============================================================
Program Output (0): 
==============================================================
Move:  {
  "message": "132",
  "move": "ZU",
  "timer": 676
}
> Game score: 361
> Moving from: MU
> Life Points: 9
> Player 0 made move:
> +++
  message: 132
  move: ZU
  timer: 676
> ---
--------------------------------------------------------------------------
> Running player 1... 
Running with input: "past_plays": "GSZ.... SLO.... HSR.... MZU.... DC?.V.. GJM.... SEC.... HSR.... MZU.... DC?T... GSZ.... SEC.... HBA.... MZU.... DC?T... GZA.... SEC.... HAL.... MZU.... DC?T... GMU.... SEC.... HSN.... MZU.... DZUT... GZUTD.."
==============================================================
Program Output (0): 
==============================================================
Move:  {
  "move": "LE",
  "message": "132",
  "timer": 608
}
> Game score: 361
> Moving from: EC
> Life Points: 9
> Player 1 made move:
> +++
  move: LE
  message: 132
  timer: 608
> ---
--------------------------------------------------------------------------
> Running player 2... 
Running with input: "past_plays": "GSZ.... SLO.... HSR.... MZU.... DC?.V.. GJM.... SEC.... HSR.... MZU.... DC?T... GSZ.... SEC.... HBA.... MZU.... DC?T... GZA.... SEC.... HAL.... MZU.... DC?T... GMU.... SEC.... HSN.... MZU.... DZUT... GZUTD.. SLE...."
==============================================================
Program Output (0): 
==============================================================
Move:  {
  "message": "132",
  "move": "BA",
  "timer": 612
}
> Game score: 361
> Moving from: SN
> Life Points: 9
> Player 2 made move:
> +++
  message: 132
  move: BA
  timer: 612
> ---
--------------------------------------------------------------------------
> Running player 3... 
Running with input: "past_plays": "GSZ.... SLO.... HSR.... MZU.... DC?.V.. GJM.... SEC.... HSR.... MZU.... DC?T... GSZ.... SEC.... HBA.... MZU.... DC?T... GZA.... SEC.... HAL.... MZU.... DC?T... GMU.... SEC.... HSN.... MZU.... DZUT... GZUTD.. SLE.... HBA...."
==============================================================
Program Output (0): 
==============================================================
Move:  {
  "move": "ZU",
  "message": "132",
  "timer": 60
}
> Game score: 361
> Moving from: ZU
> Life Points: 9
> Player 3 made move:
> +++
  move: ZU
  message: 132
  timer: 60
> ---
--------------------------------------------------------------------------
> Running player 4... 
Running with input: "past_plays": "GSZ.... SLO.... HSR.... MZU.... DCF.V.. GJM.... SEC.... HSR.... MZU.... DHIT... GSZ.... SEC.... HBA.... MZU.... DPAT... GZA.... SEC.... HAL.... MZU.... DSTT... GMU.... SEC.... HSN.... MZU.... DZUT... GZUTD.. SLE.... HBA.... MZUD..."
==============================================================
Program Output (141): Evaluating -> Munich
Evaluating -> Milan
Evaluating -> Marseilles
Evaluating -> Geneva
Evaluating -> Double Back 1
Turn time taken: 0.111811

==============================================================
Move:  {
  "move": "MU",
  "timer": 113107,
  "message": ""
}
> Game score: 361
> Moving from: ZU
> Blood Points: 20
> Legal Drac moves: GE MR MI MU D1 D2
> Player 4 made move:
> +++
  move: MU
  timer: 113107
  message: 
> ---
> End of Round:  5
> Starting Round:  6
--------------------------------------------------------------------------
> Running player 0... 
Running with input: "past_plays": "GSZ.... SLO.... HSR.... MZU.... DC?.V.. GJM.... SEC.... HSR.... MZU.... DC?T... GSZ.... SEC.... HBA.... MZU.... DC?T... GZA.... SEC.... HAL.... MZU.... DC?T... GMU.... SEC.... HSN.... MZU.... DZUT... GZUTD.. SLE.... HBA.... MZUD... DC?T..."
==============================================================
Program Output (0): 
==============================================================
Move:  {
  "move": "ZU",
  "message": "132?",
  "timer": 65
}
> Game score: 360
> Moving from: ZU
> Life Points: 3
> Player 0 made move:
> +++
  move: ZU
  message: 132?
  timer: 65
> ---
--------------------------------------------------------------------------
> Running player 1... 
Running with input: "past_plays": "GSZ.... SLO.... HSR.... MZU.... DC?.V.. GJM.... SEC.... HSR.... MZU.... DC?T... GSZ.... SEC.... HBA.... MZU.... DC?T... GZA.... SEC.... HAL.... MZU.... DC?T... GMU.... SEC.... HSN.... MZU.... DZUT... GZUTD.. SLE.... HBA.... MZUD... DC?T... GZU...."
==============================================================
Program Output (0): 
==============================================================
Move:  {
  "move": "MR",
  "message": "132",
  "timer": 566
}
> Game score: 360
> Moving from: LE
> Life Points: 9
> Player 1 made move:
> +++
  move: MR
  message: 132
  timer: 566
> ---
--------------------------------------------------------------------------
> Running player 2... 
Running with input: "past_plays": "GSZ.... SLO.... HSR.... MZU.... DC?.V.. GJM.... SEC.... HSR.... MZU.... DC?T... GSZ.... SEC.... HBA.... MZU.... DC?T... GZA.... SEC.... HAL.... MZU.... DC?T... GMU.... SEC.... HSN.... MZU.... DZUT... GZUTD.. SLE.... HBA.... MZUD... DC?T... GZU.... SMR...."
==============================================================
Program Output (0): 
==============================================================
Move:  {
  "timer": 543,
  "move": "MS",
  "message": "132"
}
> Game score: 360
> Moving from: BA
> Life Points: 9
> Player 2 made move:
> +++
  timer: 543
  move: MS
  message: 132
> ---
--------------------------------------------------------------------------
> Running player 3... 
Running with input: "past_plays": "GSZ.... SLO.... HSR.... MZU.... DC?.V.. GJM.... SEC.... HSR.... MZU.... DC?T... GSZ.... SEC.... HBA.... MZU.... DC?T... GZA.... SEC.... HAL.... MZU.... DC?T... GMU.... SEC.... HSN.... MZU.... DZUT... GZUTD.. SLE.... HBA.... MZUD... DC?T... GZU.... SMR.... HMS...."
==============================================================
Program Output (0): 
==============================================================
Move:  {
  "move": "ZU",
  "message": "132?",
  "timer": 70
}
> Game score: 360
> Moving from: ZU
> Life Points: 8
> Player 3 made move:
> +++
  move: ZU
  message: 132?
  timer: 70
> ---
--------------------------------------------------------------------------
> Running player 4... 
Running with input: "past_plays": "GSZ.... SLO.... HSR.... MZU.... DCF.V.. GJM.... SEC.... HSR.... MZU.... DHIT... GSZ.... SEC.... HBA.... MZU.... DPAT... GZA.... SEC.... HAL.... MZU.... DSTT... GMU.... SEC.... HSN.... MZU.... DZUT... GZUTD.. SLE.... HBA.... MZUD... DMUT... GZU.... SMR.... HMS.... MZU...."
==============================================================
Program Output (161): Evaluating -> Zagreb
Evaluating -> Vienna
Evaluating -> Venice
Evaluating -> Nuremburg
Evaluating -> Milan
Evaluating -> Double Back 1
Turn time taken: 0.239227

==============================================================
Move:  {
  "move": "ZA",
  "message": "",
  "timer": 242762
}
> Game score: 360
> Moving from: MU
> Blood Points: 20
> Legal Drac moves: MI NU VE VI ZA D1 D2 D3
> Player 4 made move:
> +++
  move: ZA
  message: 
  timer: 242762
> ---
> End of Round:  6
> Starting Round:  7
--------------------------------------------------------------------------
> Running player 0... 
Running with input: "past_plays": "GSZ.... SLO.... HSR.... MZU.... DC?.V.. GJM.... SEC.... HSR.... MZU.... DHIT... GSZ.... SEC.... HBA.... MZU.... DC?T... GZA.... SEC.... HAL.... MZU.... DC?T... GMU.... SEC.... HSN.... MZU.... DZUT... GZUTD.. SLE.... HBA.... MZUD... DC?T... GZU.... SMR.... HMS.... MZU.... DC?T.V."
==============================================================
Program Output (0): 
==============================================================
Move:  {
  "move": "RO",
  "message": "132?",
  "timer": 73
}
> Game score: 346
> Moving from: ZU
> Life Points: 6
> Player 0 made move:
> +++
  move: RO
  message: 132?
  timer: 73
> ---
--------------------------------------------------------------------------
> Running player 1... 
Running with input: "past_plays": "GSZ.... SLO.... HSR.... MZU.... DC?.V.. GJM.... SEC.... HSR.... MZU.... DHIT... GSZ.... SEC.... HBA.... MZU.... DC?T... GZA.... SEC.... HAL.... MZU.... DC?T... GMU.... SEC.... HSN.... MZU.... DZUT... GZUTD.. SLE.... HBA.... MZUD... DC?T... GZU.... SMR.... HMS.... MZU.... DC?T.V. GRO...."
==============================================================
Program Output (0): 
==============================================================
Move:  {
  "move": "ZU",
  "message": "132",
  "timer": 535
}
> Game score: 346
> Moving from: MR
> Life Points: 9
> Player 1 made move:
> +++
  move: ZU
  message: 132
  timer: 535
> ---
--------------------------------------------------------------------------
> Running player 2... 
Running with input: "past_plays": "GSZ.... SLO.... HSR.... MZU.... DC?.V.. GJM.... SEC.... HSR.... MZU.... DHIT... GSZ.... SEC.... HBA.... MZU.... DC?T... GZA.... SEC.... HAL.... MZU.... DC?T... GMU.... SEC.... HSN.... MZU.... DZUT... GZUTD.. SLE.... HBA.... MZUD... DC?T... GZU.... SMR.... HMS.... MZU.... DC?T.V. GRO.... SZU...."
==============================================================
Program Output (0): 
==============================================================
Move:  {
  "move": "MR",
  "message": "132",
  "timer": 533
}
> Game score: 346
> Moving from: MS
> Life Points: 9
> Player 2 made move:
> +++
  move: MR
  message: 132
  timer: 533
> ---
--------------------------------------------------------------------------
> Running player 3... 
Running with input: "past_plays": "GSZ.... SLO.... HSR.... MZU.... DC?.V.. GJM.... SEC.... HSR.... MZU.... DHIT... GSZ.... SEC.... HBA.... MZU.... DC?T... GZA.... SEC.... HAL.... MZU.... DC?T... GMU.... SEC.... HSN.... MZU.... DZUT... GZUTD.. SLE.... HBA.... MZUD... DC?T... GZU.... SMR.... HMS.... MZU.... DC?T.V. GRO.... SZU.... HMR...."
==============================================================
Program Output (0): 
==============================================================
Move:  {
  "move": "FR",
  "message": "132?",
  "timer": 73
}
> Game score: 346
> Moving from: ZU
> Life Points: 9
> Player 3 made move:
> +++
  move: FR
  message: 132?
  timer: 73
> ---
--------------------------------------------------------------------------
> Running player 4... 
Running with input: "past_plays": "GSZ.... SLO.... HSR.... MZU.... DCF.V.. GJM.... SEC.... HSR.... MZU.... DHIT... GSZ.... SEC.... HBA.... MZU.... DPAT... GZA.... SEC.... HAL.... MZU.... DSTT... GMU.... SEC.... HSN.... MZU.... DZUT... GZUTD.. SLE.... HBA.... MZUD... DMUT... GZU.... SMR.... HMS.... MZU.... DZAT.V. GRO.... SZU.... HMR.... MFR...."
==============================================================
Program Output (161): Evaluating -> Hide
Evaluating -> Vienna
Evaluating -> Szeged
Evaluating -> Sarajevo
Evaluating -> Budapest
Evaluating -> Double Back 1
Turn time taken: 0.124451

==============================================================
Move:  {
  "move": "HI",
  "message": "",
  "timer": 127277
}
> Game score: 346
> Moving from: ZA
> Blood Points: 20
> Legal Drac moves: BD SJ SZ VI D1 D2 HI
> Player 4 made move:
> +++
  move: HI
  message: 
  timer: 127277
> ---
> End of Round:  7
> Starting Round:  8
--------------------------------------------------------------------------
> Running player 0... 
Running with input: "past_plays": "GSZ.... SLO.... HSR.... MZU.... DC?.V.. GJM.... SEC.... HSR.... MZU.... DHIT... GSZ.... SEC.... HBA.... MZU.... DC?T... GZA.... SEC.... HAL.... MZU.... DC?T... GMU.... SEC.... HSN.... MZU.... DZUT... GZUTD.. SLE.... HBA.... MZUD... DC?T... GZU.... SMR.... HMS.... MZU.... DC?T.V. GRO.... SZU.... HMR.... MFR.... DC?T.M."
==============================================================
Program Output (0): 
==============================================================
Move:  {
  "move": "FL",
  "timer": 71,
  "message": "132?"
}
> Game score: 345
> Moving from: RO
> Life Points: 6
> Player 0 made move:
> +++
  move: FL
  timer: 71
  message: 132?
> ---
--------------------------------------------------------------------------
> Running player 1... 
Running with input: "past_plays": "GSZ.... SLO.... HSR.... MZU.... DC?.V.. GJM.... SEC.... HSR.... MZU.... DHIT... GSZ.... SEC.... HBA.... MZU.... DC?T... GZA.... SEC.... HAL.... MZU.... DC?T... GMU.... SEC.... HSN.... MZU.... DZUT... GZUTD.. SLE.... HBA.... MZUD... DC?T... GZU.... SMR.... HMS.... MZU.... DC?T.V. GRO.... SZU.... HMR.... MFR.... DC?T.M. GFL...."
==============================================================
Program Output (0): 
==============================================================
Move:  {
  "move": "MU",
  "message": "132?",
  "timer": 69
}
> Game score: 345
> Moving from: ZU
> Life Points: 9
> Player 1 made move:
> +++
  move: MU
  message: 132?
  timer: 69
> ---
--------------------------------------------------------------------------
> Running player 2... 
Running with input: "past_plays": "GSZ.... SLO.... HSR.... MZU.... DC?.V.. GJM.... SEC.... HSR.... MZU.... DHIT... GSZ.... SEC.... HBA.... MZU.... DC?T... GZA.... SEC.... HAL.... MZU.... DC?T... GMU.... SEC.... HSN.... MZU.... DZUT... GZUTD.. SLE.... HBA.... MZUD... DMUT... GZU.... SMR.... HMS.... MZU.... DC?T.V. GRO.... SZU.... HMR.... MFR.... DC?T.M. GFL.... SMUT..."
==============================================================
Program Output (0): 
==============================================================
Move:  {
  "move": "ZU",
  "message": "132",
  "timer": 471
}
> Game score: 345
> Moving from: MR
> Life Points: 9
> Player 2 made move:
> +++
  move: ZU
  message: 132
  timer: 471
> ---
--------------------------------------------------------------------------
> Running player 3... 
Running with input: "past_plays": "GSZ.... SLO.... HSR.... MZU.... DC?.V.. GJM.... SEC.... HSR.... MZU.... DHIT... GSZ.... SEC.... HBA.... MZU.... DC?T... GZA.... SEC.... HAL.... MZU.... DC?T... GMU.... SEC.... HSN.... MZU.... DZUT... GZUTD.. SLE.... HBA.... MZUD... DMUT... GZU.... SMR.... HMS.... MZU.... DC?T.V. GRO.... SZU.... HMR.... MFR.... DC?T.M. GFL.... SMUT... HZU...."
==============================================================
Program Output (0): 
==============================================================
Move:  {
  "move": "MU",
  "message": "132",
  "timer": 397
}
> Game score: 345
> Moving from: FR
> Life Points: 9
> Player 3 made move:
> +++
  move: MU
  message: 132
  timer: 397
> ---
--------------------------------------------------------------------------
> Running player 4... 
Running with input: "past_plays": "GSZ.... SLO.... HSR.... MZU.... DCF.V.. GJM.... SEC.... HSR.... MZU.... DHIT... GSZ.... SEC.... HBA.... MZU.... DPAT... GZA.... SEC.... HAL.... MZU.... DSTT... GMU.... SEC.... HSN.... MZU.... DZUT... GZUTD.. SLE.... HBA.... MZUD... DMUT... GZU.... SMR.... HMS.... MZU.... DZAT.V. GRO.... SZU.... HMR.... MFR.... DHIT.M. GFL.... SMUT... HZU.... MMU...."
==============================================================
Program Output (170): Evaluating -> Vienna
Evaluating -> Szeged
Evaluating -> Sarajevo
Evaluating -> Budapest
Evaluating -> Double Back 1
Evaluating -> Double Back 2
Turn time taken: 0.179225

==============================================================
Move:  {
  "move": "SZ",
  "message": "",
  "timer": 181348
}
> Game score: 345
> Moving from: ZA
> Blood Points: 20
> Legal Drac moves: BD SJ SZ VI D1 D2 D3
> Player 4 made move:
> +++
  move: SZ
  message: 
  timer: 181348
> ---
> End of Round:  8
> Starting Round:  9
--------------------------------------------------------------------------
> Running player 0... 
Running with input: "past_plays": "GSZ.... SLO.... HSR.... MZU.... DC?.V.. GJM.... SEC.... HSR.... MZU.... DHIT... GSZ.... SEC.... HBA.... MZU.... DC?T... GZA.... SEC.... HAL.... MZU.... DC?T... GMU.... SEC.... HSN.... MZU.... DZUT... GZUTD.. SLE.... HBA.... MZUD... DMUT... GZU.... SMR.... HMS.... MZU.... DC?T.V. GRO.... SZU.... HMR.... MFR.... DC?T.M. GFL.... SMUT... HZU.... MMU.... DC?T.M."
==============================================================
Program Output (0): 
==============================================================
Move:  {
  "move": "VE",
  "message": "132?",
  "timer": 74
}
> Game score: 344
> Moving from: FL
> Life Points: 6
> Player 0 made move:
> +++
  move: VE
  message: 132?
  timer: 74
> ---
--------------------------------------------------------------------------
> Running player 1... 
Running with input: "past_plays": "GSZ.... SLO.... HSR.... MZU.... DC?.V.. GJM.... SEC.... HSR.... MZU.... DHIT... GSZ.... SEC.... HBA.... MZU.... DC?T... GZA.... SEC.... HAL.... MZU.... DC?T... GMU.... SEC.... HSN.... MZU.... DZUT... GZUTD.. SLE.... HBA.... MZUD... DMUT... GZU.... SMR.... HMS.... MZU.... DC?T.V. GRO.... SZU.... HMR.... MFR.... DC?T.M. GFL.... SMUT... HZU.... MMU.... DC?T.M. GVE...."
==============================================================
Program Output (0): 
==============================================================
Move:  {
  "move": "ZU",
  "message": "132?",
  "timer": 76
}
> Game score: 344
> Moving from: MU
> Life Points: 7
> Player 1 made move:
> +++
  move: ZU
  message: 132?
  timer: 76
> ---
--------------------------------------------------------------------------
> Running player 2... 
Running with input: "past_plays": "GSZ.... SLO.... HSR.... MZU.... DC?.V.. GJM.... SEC.... HSR.... MZU.... DHIT... GSZ.... SEC.... HBA.... MZU.... DC?T... GZA.... SEC.... HAL.... MZU.... DC?T... GMU.... SEC.... HSN.... MZU.... DZUT... GZUTD.. SLE.... HBA.... MZUD... DMUT... GZU.... SMR.... HMS.... MZU.... DC?T.V. GRO.... SZU.... HMR.... MFR.... DC?T.M. GFL.... SMUT... HZU.... MMU.... DC?T.M. GVE.... SZU...."
==============================================================
Program Output (0): 
==============================================================
Move:  {
  "move": "RO",
  "message": "132?",
  "timer": 77
}
> Game score: 344
> Moving from: ZU
> Life Points: 9
> Player 2 made move:
> +++
  move: RO
  message: 132?
  timer: 77
> ---
--------------------------------------------------------------------------
> Running player 3... 
Running with input: "past_plays": "GSZ.... SLO.... HSR.... MZU.... DC?.V.. GJM.... SEC.... HSR.... MZU.... DHIT... GSZ.... SEC.... HBA.... MZU.... DC?T... GZA.... SEC.... HAL.... MZU.... DC?T... GMU.... SEC.... HSN.... MZU.... DZUT... GZUTD.. SLE.... HBA.... MZUD... DMUT... GZU.... SMR.... HMS.... MZU.... DC?T.V. GRO.... SZU.... HMR.... MFR.... DC?T.M. GFL.... SMUT... HZU.... MMU.... DC?T.M. GVE.... SZU.... HRO...."
==============================================================
Program Output (0): 
==============================================================
Move:  {
  "move": "ZU",
  "message": "132?",
  "timer": 71
}
> Game score: 344
> Moving from: MU
> Life Points: 9
> Player 3 made move:
> +++
  move: ZU
  message: 132?
  timer: 71
> ---
--------------------------------------------------------------------------
> Running player 4... 
Running with input: "past_plays": "GSZ.... SLO.... HSR.... MZU.... DCF.V.. GJM.... SEC.... HSR.... MZU.... DHIT... GSZ.... SEC.... HBA.... MZU.... DPAT... GZA.... SEC.... HAL.... MZU.... DSTT... GMU.... SEC.... HSN.... MZU.... DZUT... GZUTD.. SLE.... HBA.... MZUD... DMUT... GZU.... SMR.... HMS.... MZU.... DZAT.V. GRO.... SZU.... HMR.... MFR.... DHIT.M. GFL.... SMUT... HZU.... MMU.... DSZT.M. GVE.... SZU.... HRO.... MZU...."
==============================================================
Program Output (126): Evaluating -> Klausenburg
Evaluating -> Budapest
Evaluating -> Belgrade
Evaluating -> Double Back 1
Turn time taken: 0.139734

==============================================================
Move:  {
  "move": "KL",
  "message": "",
  "timer": 140647
}
> Game score: 344
> Moving from: SZ
> Blood Points: 20
> Legal Drac moves: BE BD KL D1 D2 D3
> Player 4 made move:
> +++
  move: KL
  message: 
  timer: 140647
> ---
> End of Round:  9
> Starting Round:  10
--------------------------------------------------------------------------
> Running player 0... 
Running with input: "past_plays": "GSZ.... SLO.... HSR.... MZU.... DC?.V.. GJM.... SEC.... HSR.... MZU.... DHIT... GSZ.... SEC.... HBA.... MZU.... DC?T... GZA.... SEC.... HAL.... MZU.... DC?T... GMU.... SEC.... HSN.... MZU.... DZUT... GZUTD.. SLE.... HBA.... MZUD... DMUT... GZU.... SMR.... HMS.... MZU.... DC?T.V. GRO.... SZU.... HMR.... MFR.... DC?T.M. GFL.... SMUT... HZU.... MMU.... DC?T.M. GVE.... SZU.... HRO.... MZU.... DC?T.M."
==============================================================
Program Output (0): 
==============================================================
Move:  {
  "timer": 77,
  "move": "BD",
  "message": "132?"
}
> Game score: 343
> Moving from: VE
> Life Points: 6
> Player 0 made move:
> +++
  timer: 77
  move: BD
  message: 132?
> ---
--------------------------------------------------------------------------
> Running player 1... 
Running with input: "past_plays": "GSZ.... SLO.... HSR.... MZU.... DC?.V.. GJM.... SEC.... HSR.... MZU.... DHIT... GSZ.... SEC.... HBA.... MZU.... DC?T... GZA.... SEC.... HAL.... MZU.... DC?T... GMU.... SEC.... HSN.... MZU.... DZUT... GZUTD.. SLE.... HBA.... MZUD... DMUT... GZU.... SMR.... HMS.... MZU.... DC?T.V. GRO.... SZU.... HMR.... MFR.... DC?T.M. GFL.... SMUT... HZU.... MMU.... DC?T.M. GVE.... SZU.... HRO.... MZU.... DC?T.M. GBD...."
==============================================================
Program Output (0): 
==============================================================
Move:  {
  "message": "132?",
  "move": "RO",
  "timer": 76
}
> Game score: 343
> Moving from: ZU
> Life Points: 7
> Player 1 made move:
> +++
  message: 132?
  move: RO
  timer: 76
> ---
--------------------------------------------------------------------------
> Running player 2... 
Running with input: "past_plays": "GSZ.... SLO.... HSR.... MZU.... DC?.V.. GJM.... SEC.... HSR.... MZU.... DHIT... GSZ.... SEC.... HBA.... MZU.... DC?T... GZA.... SEC.... HAL.... MZU.... DC?T... GMU.... SEC.... HSN.... MZU.... DZUT... GZUTD.. SLE.... HBA.... MZUD... DMUT... GZU.... SMR.... HMS.... MZU.... DC?T.V. GRO.... SZU.... HMR.... MFR.... DC?T.M. GFL.... SMUT... HZU.... MMU.... DC?T.M. GVE.... SZU.... HRO.... MZU.... DC?T.M. GBD.... SRO...."
==============================================================
Program Output (0): 
==============================================================
Move:  {
  "move": "FL",
  "timer": 71,
  "message": "132?"
}
> Game score: 343
> Moving from: RO
> Life Points: 9
> Player 2 made move:
> +++
  move: FL
  timer: 71
  message: 132?
> ---
--------------------------------------------------------------------------
> Running player 3... 
Running with input: "past_plays": "GSZ.... SLO.... HSR.... MZU.... DC?.V.. GJM.... SEC.... HSR.... MZU.... DHIT... GSZ.... SEC.... HBA.... MZU.... DC?T... GZA.... SEC.... HAL.... MZU.... DC?T... GMU.... SEC.... HSN.... MZU.... DZUT... GZUTD.. SLE.... HBA.... MZUD... DMUT... GZU.... SMR.... HMS.... MZU.... DC?T.V. GRO.... SZU.... HMR.... MFR.... DC?T.M. GFL.... SMUT... HZU.... MMU.... DC?T.M. GVE.... SZU.... HRO.... MZU.... DC?T.M. GBD.... SRO.... HFL...."
==============================================================
Program Output (0): 
==============================================================
Move:  {
  "move": "MU",
  "message": "132?",
  "timer": 78
}
> Game score: 343
> Moving from: ZU
> Life Points: 9
> Player 3 made move:
> +++
  move: MU
  message: 132?
  timer: 78
> ---
--------------------------------------------------------------------------
> Running player 4... 
Running with input: "past_plays": "GSZ.... SLO.... HSR.... MZU.... DCF.V.. GJM.... SEC.... HSR.... MZU.... DHIT... GSZ.... SEC.... HBA.... MZU.... DPAT... GZA.... SEC.... HAL.... MZU.... DSTT... GMU.... SEC.... HSN.... MZU.... DZUT... GZUTD.. SLE.... HBA.... MZUD... DMUT... GZU.... SMR.... HMS.... MZU.... DZAT.V. GRO.... SZU.... HMR.... MFR.... DHIT.M. GFL.... SMUT... HZU.... MMU.... DSZT.M. GVE.... SZU.... HRO.... MZU.... DKLT.M. GBD.... SRO.... HFL.... MMU...."
==============================================================
Program Output (174): Evaluating -> Galatz
Evaluating -> Castle Dracula
Evaluating -> Budapest
Evaluating -> Bucharest
Evaluating -> Belgrade
Evaluating -> Double Back 1
Turn time taken: 0.131123

==============================================================
Move:  {
  "move": "CD",
  "message": "",
  "timer": 132159
}
> Game score: 343
> Moving from: KL
> Blood Points: 20
> Legal Drac moves: BE BC BD CD GA D1 D2
> Player 4 made move:
> +++
  move: CD
  message: 
  timer: 132159
> ---
> End of Round:  10
> Starting Round:  11
--------------------------------------------------------------------------
> Running player 0... 
Running with input: "past_plays": "GSZ.... SLO.... HSR.... MZU.... DC?.V.. GJM.... SEC.... HSR.... MZU.... DHIT... GSZ.... SEC.... HBA.... MZU.... DC?T... GZA.... SEC.... HAL.... MZU.... DC?T... GMU.... SEC.... HSN.... MZU.... DZUT... GZUTD.. SLE.... HBA.... MZUD... DMUT... GZU.... SMR.... HMS.... MZU.... DC?T.V. GRO.... SZU.... HMR.... MFR.... DC?T.M. GFL.... SMUT... HZU.... MMU.... DC?T.M. GVE.... SZU.... HRO.... MZU.... DC?T.M. GBD.... SRO.... HFL.... MMU.... DCDT..."
==============================================================
Program Output (0): 
==============================================================
Move:  {
  "move": "GA",
  "message": "132",
  "timer": 565
}
> Game score: 342
> Moving from: BD
> Life Points: 6
> Player 0 made move:
> +++
  move: GA
  message: 132
  timer: 565
> ---
--------------------------------------------------------------------------
> Running player 1... 
Running with input: "past_plays": "GSZ.... SLO.... HSR.... MZU.... DC?.V.. GJM.... SEC.... HSR.... MZU.... DHIT... GSZ.... SEC.... HBA.... MZU.... DC?T... GZA.... SEC.... HAL.... MZU.... DC?T... GMU.... SEC.... HSN.... MZU.... DZUT... GZUTD.. SLE.... HBA.... MZUD... DMUT... GZU.... SMR.... HMS.... MZU.... DC?T.V. GRO.... SZU.... HMR.... MFR.... DC?T.M. GFL.... SMUT... HZU.... MMU.... DC?T.M. GVE.... SZU.... HRO.... MZU.... DC?T.M. GBD.... SRO.... HFL.... MMU.... DCDT... GGA...."
==============================================================
Program Output (0): 
==============================================================
Move:  {
  "message": "132",
  "move": "FL",
  "timer": 530
}
> Game score: 342
> Moving from: RO
> Life Points: 7
> Player 1 made move:
> +++
  message: 132
  move: FL
  timer: 530
> ---
--------------------------------------------------------------------------
> Running player 2... 
Running with input: "past_plays": "GSZ.... SLO.... HSR.... MZU.... DC?.V.. GJM.... SEC.... HSR.... MZU.... DHIT... GSZ.... SEC.... HBA.... MZU.... DC?T... GZA.... SEC.... HAL.... MZU.... DC?T... GMU.... SEC.... HSN.... MZU.... DZUT... GZUTD.. SLE.... HBA.... MZUD... DMUT... GZU.... SMR.... HMS.... MZU.... DC?T.V. GRO.... SZU.... HMR.... MFR.... DC?T.M. GFL.... SMUT... HZU.... MMU.... DC?T.M. GVE.... SZU.... HRO.... MZU.... DC?T.M. GBD.... SRO.... HFL.... MMU.... DCDT... GGA.... SFL...."
==============================================================
Program Output (0): 
==============================================================
Move:  {
  "move": "VE",
  "message": "132",
  "timer": 547
}
> Game score: 342
> Moving from: FL
> Life Points: 9
> Player 2 made move:
> +++
  move: VE
  message: 132
  timer: 547
> ---
--------------------------------------------------------------------------
> Running player 3... 
Running with input: "past_plays": "GSZ.... SLO.... HSR.... MZU.... DC?.V.. GJM.... SEC.... HSR.... MZU.... DHIT... GSZ.... SEC.... HBA.... MZU.... DC?T... GZA.... SEC.... HAL.... MZU.... DC?T... GMU.... SEC.... HSN.... MZU.... DZUT... GZUTD.. SLE.... HBA.... MZUD... DMUT... GZU.... SMR.... HMS.... MZU.... DC?T.V. GRO.... SZU.... HMR.... MFR.... DC?T.M. GFL.... SMUT... HZU.... MMU.... DC?T.M. GVE.... SZU.... HRO.... MZU.... DC?T.M. GBD.... SRO.... HFL.... MMU.... DCDT... GGA.... SFL.... HVE...."
==============================================================
Program Output (0): 
==============================================================
Move:  {
  "move": "VE",
  "message": "132",
  "timer": 445
}
> Game score: 342
> Moving from: MU
> Life Points: 9
> Player 3 made move:
> +++
  move: VE
  message: 132
  timer: 445
> ---
--------------------------------------------------------------------------
> Running player 4... 
Running with input: "past_plays": "GSZ.... SLO.... HSR.... MZU.... DCF.V.. GJM.... SEC.... HSR.... MZU.... DHIT... GSZ.... SEC.... HBA.... MZU.... DPAT... GZA.... SEC.... HAL.... MZU.... DSTT... GMU.... SEC.... HSN.... MZU.... DZUT... GZUTD.. SLE.... HBA.... MZUD... DMUT... GZU.... SMR.... HMS.... MZU.... DZAT.V. GRO.... SZU.... HMR.... MFR.... DHIT.M. GFL.... SMUT... HZU.... MMU.... DSZT.M. GVE.... SZU.... HRO.... MZU.... DKLT.M. GBD.... SRO.... HFL.... MMU.... DCDT... GGA.... SFL.... HVE.... MVE...."
==============================================================
Program Output (75): Evaluating -> Galatz
Evaluating -> Double Back 1
Turn time taken: 0.031890

==============================================================
Move:  {
  "move": "D1",
  "timer": 32351,
  "message": ""
}
> Game score: 342
> Moving from: CD
> Blood Points: 30
> Legal Drac moves: GA D1 D2
> Player 4 made move:
> +++
  move: D1
  timer: 32351
  message: 
> ---
> End of Round:  11
> Starting Round:  12
--------------------------------------------------------------------------
> Running player 0... 
Running with input: "past_plays": "GSZ.... SLO.... HSR.... MZU.... DC?.V.. GJM.... SEC.... HSR.... MZU.... DHIT... GSZ.... SEC.... HBA.... MZU.... DC?T... GZA.... SEC.... HAL.... MZU.... DC?T... GMU.... SEC.... HSN.... MZU.... DZUT... GZUTD.. SLE.... HBA.... MZUD... DMUT... GZU.... SMR.... HMS.... MZU.... DC?T.V. GRO.... SZU.... HMR.... MFR.... DC?T.M. GFL.... SMUT... HZU.... MMU.... DC?T.M. GVE.... SZU.... HRO.... MZU.... DC?T.M. GBD.... SRO.... HFL.... MMU.... DCDT... GGA.... SFL.... HVE.... MVE.... DD1T..."
==============================================================
Program Output (0): 
==============================================================
Move:  {
  "move": "CD",
  "message": "132",
  "timer": 473
}
> Game score: 341
> Moving from: GA
> Life Points: 6
> Player 0 made move:
> +++
  move: CD
  message: 132
  timer: 473
> ---
--------------------------------------------------------------------------
> Running player 1... 
Running with input: "past_plays": "GSZ.... SLO.... HSR.... MZU.... DC?.V.. GJM.... SEC.... HSR.... MZU.... DHIT... GSZ.... SEC.... HBA.... MZU.... DC?T... GZA.... SEC.... HAL.... MZU.... DC?T... GMU.... SEC.... HSN.... MZU.... DZUT... GZUTD.. SLE.... HBA.... MZUD... DMUT... GZU.... SMR.... HMS.... MZU.... DC?T.V. GRO.... SZU.... HMR.... MFR.... DC?T.M. GFL.... SMUT... HZU.... MMU.... DC?T.M. GVE.... SZU.... HRO.... MZU.... DC?T.M. GBD.... SRO.... HFL.... MMU.... DCDT... GGA.... SFL.... HVE.... MVE.... DD1T... GCDTTD."
==============================================================
Program Output (0): 
==============================================================
Move:  {
  "move": "VE",
  "message": "132",
  "timer": 566
}
> Game score: 335
> Moving from: FL
> Life Points: 7
> Player 1 made move:
> +++
  move: VE
  message: 132
  timer: 566
> ---
--------------------------------------------------------------------------
> Running player 2... 
Running with input: "past_plays": "GSZ.... SLO.... HSR.... MZU.... DC?.V.. GJM.... SEC.... HSR.... MZU.... DHIT... GSZ.... SEC.... HBA.... MZU.... DC?T... GZA.... SEC.... HAL.... MZU.... DC?T... GMU.... SEC.... HSN.... MZU.... DZUT... GZUTD.. SLE.... HBA.... MZUD... DMUT... GZU.... SMR.... HMS.... MZU.... DC?T.V. GRO.... SZU.... HMR.... MFR.... DC?T.M. GFL.... SMUT... HZU.... MMU.... DC?T.M. GVE.... SZU.... HRO.... MZU.... DC?T.M. GBD.... SRO.... HFL.... MMU.... DCDT... GGA.... SFL.... HVE.... MVE.... DD1T... GCDTTD. SVE...."
==============================================================
Program Output (0): 
==============================================================
Move:  {
  "timer": 471,
  "message": "132",
  "move": "BD"
}
> Game score: 335
> Moving from: VE
> Life Points: 9
> Player 2 made move:
> +++
  timer: 471
  message: 132
  move: BD
> ---
--------------------------------------------------------------------------
> Running player 3... 
Running with input: "past_plays": "GSZ.... SLO.... HSR.... MZU.... DC?.V.. GJM.... SEC.... HSR.... MZU.... DHIT... GSZ.... SEC.... HBA.... MZU.... DC?T... GZA.... SEC.... HAL.... MZU.... DC?T... GMU.... SEC.... HSN.... MZU.... DZUT... GZUTD.. SLE.... HBA.... MZUD... DMUT... GZU.... SMR.... HMS.... MZU.... DC?T.V. GRO.... SZU.... HMR.... MFR.... DC?T.M. GFL.... SMUT... HZU.... MMU.... DC?T.M. GVE.... SZU.... HRO.... MZU.... DC?T.M. GBD.... SRO.... HFL.... MMU.... DCDT... GGA.... SFL.... HVE.... MVE.... DD1T... GCDTTD. SVE.... HBD...."
==============================================================
Program Output (0): 
==============================================================
Move:  {
  "move": "SZ",
  "message": "132",
  "timer": 582
}
> Game score: 335
> Moving from: VE
> Life Points: 9
> Player 3 made move:
> +++
  move: SZ
  message: 132
  timer: 582
> ---
--------------------------------------------------------------------------
> Running player 4... 
Running with input: "past_plays": "GSZ.... SLO.... HSR.... MZU.... DCF.V.. GJM.... SEC.... HSR.... MZU.... DHIT... GSZ.... SEC.... HBA.... MZU.... DPAT... GZA.... SEC.... HAL.... MZU.... DSTT... GMU.... SEC.... HSN.... MZU.... DZUT... GZUTD.. SLE.... HBA.... MZUD... DMUT... GZU.... SMR.... HMS.... MZU.... DZAT.V. GRO.... SZU.... HMR.... MFR.... DHIT.M. GFL.... SMUT... HZU.... MMU.... DSZT.M. GVE.... SZU.... HRO.... MZU.... DKLT.M. GBD.... SRO.... HFL.... MMU.... DCDT... GGA.... SFL.... HVE.... MVE.... DD1T... GCDTTD. SVE.... HBD.... MSZT..."
==============================================================
Program Output (47): Evaluating -> Galatz
Turn time taken: 0.039095

==============================================================
Move:  {
  "move": "GA",
  "message": "",
  "timer": 39455
}
> Game score: 335
> Moving from: CD
> Blood Points: 30
> Legal Drac moves: GA
> Player 4 made move:
> +++
  move: GA
  message: 
  timer: 39455
> ---
> End of Round:  12
> Starting Round:  13
--------------------------------------------------------------------------
> Running player 0... 
Running with input: "past_plays": "GSZ.... SLO.... HSR.... MZU.... DC?.V.. GJM.... SEC.... HSR.... MZU.... DHIT... GSZ.... SEC.... HBA.... MZU.... DC?T... GZA.... SEC.... HAL.... MZU.... DC?T... GMU.... SEC.... HSN.... MZU.... DZUT... GZUTD.. SLE.... HBA.... MZUD... DMUT... GZU.... SMR.... HMS.... MZU.... DC?T.V. GRO.... SZU.... HMR.... MFR.... DHIT.M. GFL.... SMUT... HZU.... MMU.... DSZT.M. GVE.... SZU.... HRO.... MZU.... DC?T.M. GBD.... SRO.... HFL.... MMU.... DCDT... GGA.... SFL.... HVE.... MVE.... DD1T... GCDTTD. SVE.... HBD.... MSZT... DC?T.M."
==============================================================
Program Output (0): 
==============================================================
Move:  {
  "move": "BE",
  "message": "132",
  "timer": 507
}
> Game score: 334
> Moving from: JM
> Life Points: 9
> Player 0 made move:
> +++
  move: BE
  message: 132
  timer: 507
> ---
--------------------------------------------------------------------------
> Running player 1... 
Running with input: "past_plays": "GSZ.... SLO.... HSR.... MZU.... DC?.V.. GJM.... SEC.... HSR.... MZU.... DHIT... GSZ.... SEC.... HBA.... MZU.... DC?T... GZA.... SEC.... HAL.... MZU.... DC?T... GMU.... SEC.... HSN.... MZU.... DZUT... GZUTD.. SLE.... HBA.... MZUD... DMUT... GZU.... SMR.... HMS.... MZU.... DC?T.V. GRO.... SZU.... HMR.... MFR.... DHIT.M. GFL.... SMUT... HZU.... MMU.... DSZT.M. GVE.... SZU.... HRO.... MZU.... DC?T.M. GBD.... SRO.... HFL.... MMU.... DCDT... GGA.... SFL.... HVE.... MVE.... DD1T... GCDTTD. SVE.... HBD.... MSZT... DC?T.M. GBE...."
==============================================================
Program Output (0): 
==============================================================
Move:  {
  "move": "BD",
  "timer": 467,
  "message": "132"
}
> Game score: 334
> Moving from: VE
> Life Points: 7
> Player 1 made move:
> +++
  move: BD
  timer: 467
  message: 132
> ---
--------------------------------------------------------------------------
> Running player 2... 
Running with input: "past_plays": "GSZ.... SLO.... HSR.... MZU.... DC?.V.. GJM.... SEC.... HSR.... MZU.... DHIT... GSZ.... SEC.... HBA.... MZU.... DC?T... GZA.... SEC.... HAL.... MZU.... DC?T... GMU.... SEC.... HSN.... MZU.... DZUT... GZUTD.. SLE.... HBA.... MZUD... DMUT... GZU.... SMR.... HMS.... MZU.... DC?T.V. GRO.... SZU.... HMR.... MFR.... DHIT.M. GFL.... SMUT... HZU.... MMU.... DSZT.M. GVE.... SZU.... HRO.... MZU.... DC?T.M. GBD.... SRO.... HFL.... MMU.... DCDT... GGA.... SFL.... HVE.... MVE.... DD1T... GCDTTD. SVE.... HBD.... MSZT... DC?T.M. GBE.... SBD...."
==============================================================
Program Output (0): 
==============================================================
Move:  {
  "timer": 562,
  "message": "132",
  "move": "GA"
}
> Game score: 334
> Moving from: BD
> Life Points: 9
> Player 2 made move:
> +++
  timer: 562
  message: 132
  move: GA
> ---
--------------------------------------------------------------------------
> Running player 3... 
Running with input: "past_plays": "GSZ.... SLO.... HSR.... MZU.... DC?.V.. GJM.... SEC.... HSR.... MZU.... DHIT... GSZ.... SEC.... HBA.... MZU.... DC?T... GZA.... SEC.... HAL.... MZU.... DC?T... GMU.... SEC.... HSN.... MZU.... DZUT... GZUTD.. SLE.... HBA.... MZUD... DMUT... GZU.... SMR.... HMS.... MZU.... DC?T.V. GRO.... SZU.... HMR.... MFR.... DHIT.M. GFL.... SMUT... HZU.... MMU.... DSZT.M. GVE.... SZU.... HRO.... MZU.... DC?T.M. GBD.... SRO.... HFL.... MMU.... DCDT... GGA.... SFL.... HVE.... MVE.... DD1T... GCDTTD. SVE.... HBD.... MSZT... DGAT.M. GBE.... SBD.... HGATD.."
==============================================================
Program Output (0): 
==============================================================
Move:  {
  "move": "KL",
  "timer": 595,
  "message": "132"
}
> Game score: 334
> Moving from: SZ
> Life Points: 7
> Player 3 made move:
> +++
  move: KL
  timer: 595
  message: 132
> ---
--------------------------------------------------------------------------
> Running player 4... 
Running with input: "past_plays": "GSZ.... SLO.... HSR.... MZU.... DCF.V.. GJM.... SEC.... HSR.... MZU.... DHIT... GSZ.... SEC.... HBA.... MZU.... DPAT... GZA.... SEC.... HAL.... MZU.... DSTT... GMU.... SEC.... HSN.... MZU.... DZUT... GZUTD.. SLE.... HBA.... MZUD... DMUT... GZU.... SMR.... HMS.... MZU.... DZAT.V. GRO.... SZU.... HMR.... MFR.... DHIT.M. GFL.... SMUT... HZU.... MMU.... DSZT.M. GVE.... SZU.... HRO.... MZU.... DKLT.M. GBD.... SRO.... HFL.... MMU.... DCDT... GGA.... SFL.... HVE.... MVE.... DD1T... GCDTTD. SVE.... HBD.... MSZT... DGAT.M. GBE.... SBD.... HGATD.. MKLT..."
==============================================================
Program Output (93): Evaluating -> Hide
Evaluating -> Constanta
Evaluating -> Bucharest
Turn time taken: 0.124742

==============================================================
Move:  {
  "move": "HI",
  "message": "",
  "timer": 125230
}
> Game score: 334
> Moving from: GA
> Blood Points: 20
> Legal Drac moves: BC CN HI
> Player 4 made move:
> +++
  move: HI
  message: 
  timer: 125230
> ---
> End of Round:  13
> Starting Round:  14
--------------------------------------------------------------------------
> Running player 0... 
Running with input: "past_plays": "GSZ.... SLO.... HSR.... MZU.... DC?.V.. GJM.... SEC.... HSR.... MZU.... DHIT... GSZ.... SEC.... HBA.... MZU.... DC?T... GZA.... SEC.... HAL.... MZU.... DC?T... GMU.... SEC.... HSN.... MZU.... DZUT... GZUTD.. SLE.... HBA.... MZUD... DMUT... GZU.... SMR.... HMS.... MZU.... DC?T.V. GRO.... SZU.... HMR.... MFR.... DHIT.M. GFL.... SMUT... HZU.... MMU.... DSZT.M. GVE.... SZU.... HRO.... MZU.... DKLT.M. GBD.... SRO.... HFL.... MMU.... DCDT... GGA.... SFL.... HVE.... MVE.... DD1T... GCDTTD. SVE.... HBD.... MSZT... DGAT.M. GBE.... SBD.... HGATD.. MKLT... DHI.VM."
==============================================================
Program Output (0): 
==============================================================
Move:  {
  "message": "132",
  "move": "SZ",
  "timer": 604
}
> Game score: 333
> Moving from: BE
> Life Points: 9
> Player 0 made move:
> +++
  message: 132
  move: SZ
  timer: 604
> ---
--------------------------------------------------------------------------
> Running player 1... 
Running with input: "past_plays": "GSZ.... SLO.... HSR.... MZU.... DC?.V.. GJM.... SEC.... HSR.... MZU.... DHIT... GSZ.... SEC.... HBA.... MZU.... DC?T... GZA.... SEC.... HAL.... MZU.... DC?T... GMU.... SEC.... HSN.... MZU.... DZUT... GZUTD.. SLE.... HBA.... MZUD... DMUT... GZU.... SMR.... HMS.... MZU.... DC?T.V. GRO.... SZU.... HMR.... MFR.... DHIT.M. GFL.... SMUT... HZU.... MMU.... DSZT.M. GVE.... SZU.... HRO.... MZU.... DKLT.M. GBD.... SRO.... HFL.... MMU.... DCDT... GGA.... SFL.... HVE.... MVE.... DD1T... GCDTTD. SVE.... HBD.... MSZT... DGAT.M. GBE.... SBD.... HGATD.. MKLT... DHI.VM. GSZ...."
==============================================================
Program Output (0): 
==============================================================
Move:  {
  "move": "GA",
  "message": "132",
  "timer": 593
}
> Game score: 333
> Moving from: BD
> Life Points: 7
> Player 1 made move:
> +++
  move: GA
  message: 132
  timer: 593
> ---
--------------------------------------------------------------------------
> Running player 2... 
Running with input: "past_plays": "GSZ.... SLO.... HSR.... MZU.... DC?.V.. GJM.... SEC.... HSR.... MZU.... DHIT... GSZ.... SEC.... HBA.... MZU.... DC?T... GZA.... SEC.... HAL.... MZU.... DC?T... GMU.... SEC.... HSN.... MZU.... DZUT... GZUTD.. SLE.... HBA.... MZUD... DMUT... GZU.... SMR.... HMS.... MZU.... DC?T.V. GRO.... SZU.... HMR.... MFR.... DHIT.M. GFL.... SMUT... HZU.... MMU.... DSZT.M. GVE.... SZU.... HRO.... MZU.... DKLT.M. GBD.... SRO.... HFL.... MMU.... DCDT... GGA.... SFL.... HVE.... MVE.... DD1T... GCDTTD. SVE.... HBD.... MSZT... DGAT.M. GBE.... SBD.... HGATD.. MKLT... DHI.VM. GSZ.... SGAVD.."
==============================================================
Program Output (0): 
==============================================================
Move:  {
  "message": "132?",
  "move": "KL",
  "timer": 75
}
> Game score: 333
> Moving from: GA
> Life Points: 3
> Player 2 made move:
> +++
  message: 132?
  move: KL
  timer: 75
> ---
--------------------------------------------------------------------------
> Running player 3... 
Running with input: "past_plays": "GSZ.... SLO.... HSR.... MZU.... DC?.V.. GJM.... SEC.... HSR.... MZU.... DHIT... GSZ.... SEC.... HBA.... MZU.... DC?T... GZA.... SEC.... HAL.... MZU.... DC?T... GMU.... SEC.... HSN.... MZU.... DZUT... GZUTD.. SLE.... HBA.... MZUD... DMUT... GZU.... SMR.... HMS.... MZU.... DC?T.V. GRO.... SZU.... HMR.... MFR.... DHIT.M. GFL.... SMUT... HZU.... MMU.... DSZT.M. GVE.... SZU.... HRO.... MZU.... DKLT.M. GBD.... SRO.... HFL.... MMU.... DCDT... GGA.... SFL.... HVE.... MVE.... DD1T... GCDTTD. SVE.... HBD.... MSZT... DGAT.M. GBE.... SBD.... HGATD.. MKLT... DHI.VM. GSZ.... SGAVD.. HKL...."
==============================================================
Program Output (0): 
==============================================================
Move:  {
  "move": "GA",
  "message": "132",
  "timer": 464
}
> Game score: 333
> Moving from: KL
> Life Points: 5
> Player 3 made move:
> +++
  move: GA
  message: 132
  timer: 464
> ---
--------------------------------------------------------------------------
> End of game: 
> +++
  score: 333
  revealedPastPlays: GSZ.... SLO.... HSR.... MZU.... DCF.V.. GJM.... SEC.... HSR.... MZU.... DHIT... GSZ.... SEC.... HBA.... MZU.... DPAT... GZA.... SEC.... HAL.... MZU.... DSTT... GMU.... SEC.... HSN.... MZU.... DZUT... GZUTD.. SLE.... HBA.... MZUD... DMUT... GZU.... SMR.... HMS.... MZU.... DZAT.V. GRO.... SZU.... HMR.... MFR.... DHIT.M. GFL.... SMUT... HZU.... MMU.... DSZT.M. GVE.... SZU.... HRO.... MZU.... DKLT.M. GBD.... SRO.... HFL.... MMU.... DCDT... GGA.... SFL.... HVE.... MVE.... DD1T... GCDTTD. SVE.... HBD.... MSZT... DGAT.M. GBE.... SBD.... HGATD.. MKLT... DHI.VM. GSZ.... SGAVD.. HKL.... MGAD...
  messages: ["132","132","132","132","Have we nothing Toulouse?","132?","132?","132?","132?","","132?","132?","132?","132?","","132?","132?","132?","132?","","132?","132?","132?","132?","","132","132","132","132","","132?","132","132","132?","","132?","132","132","132?","","132?","132?","132","132","","132?","132?","132?","132?","","132?","132?","132?","132?","","132","132","132","132","","132","132","132","132","","132","132","132","132","","132","132","132?","132"]
> ---
> Game Over
Final score: 333
Final round: 14
Final score: 333
Final round: 14
