[0;36mCreated a temp directory '/tmp/tmp.dw3Ld6QfzN' for checking your submission[0m
[0;36mCopying your files into '/tmp/tmp.dw3Ld6QfzN'[0m
[0;36mChecking that your submission includes all the required files[0m
[0;36mChecking that your submission does NOT include files that shouldn't be modified[0m
[0;36mCopying our versions of files that shouldn't be modified into '/tmp/tmp.dw3Ld6QfzN'[0m
[0;36mCopying in the remaining files that you weren't required to modify or submit[0m
[0;36mCheck your Makefile for 'LIBS'[0m
[0;36mChecking that your code compiles[0m
gcc -Wall -Werror -O3   -c -o dracula.o dracula.c
gcc -Wall -Werror -O3 -DI_AM_DRACULA -c player.c -o playerDracula.o
gcc -Wall -Werror -O3   -c -o DraculaView.o DraculaView.c
gcc -Wall -Werror -O3   -c -o GameView.o GameView.c
gcc -Wall -Werror -O3   -c -o Map.o Map.c
gcc -Wall -Werror -O3   -c -o Places.o Places.c
gcc -Wall -Werror -O3   -c -o PathFinding.o PathFinding.c
gcc -Wall -Werror -O3   -c -o BinaryHeap.o BinaryHeap.c
gcc -Wall -Werror -O3   -c -o HashTable.o HashTable.c
gcc -Wall -Werror -O3   -c -o Queue.o Queue.c
gcc -Wall -Werror -O3   -c -o Players.o Players.c
gcc -Wall -Werror -O3   -c -o Utilities.o Utilities.c
gcc -Wall -Werror -O3   -c -o minimax.o minimax.c
gcc   dracula.o playerDracula.o DraculaView.o GameView.o Map.o Places.o PathFinding.o BinaryHeap.o HashTable.o Queue.o Players.o Utilities.o minimax.o /usr/lib/x86_64-linux-gnu/libm.so   -o dracula
gcc -Wall -Werror -O3   -c -o hunter.o hunter.c
gcc -Wall -Werror -O3 -c player.c -o playerHunter.o
gcc -Wall -Werror -O3   -c -o HunterView.o HunterView.c
gcc   hunter.o playerHunter.o HunterView.o GameView.o Map.o Places.o PathFinding.o BinaryHeap.o HashTable.o Queue.o Players.o Utilities.o minimax.o /usr/lib/x86_64-linux-gnu/libm.so   -o hunter
[0;32mCompilation succeeded![0m

[0;32mDryrun succeeded![0m
gcc -Wall -Werror -O3   -c -o dracula.o dracula.c
gcc -Wall -Werror -O3 -DI_AM_DRACULA -c player.c -o playerDracula.o
gcc -Wall -Werror -O3   -c -o DraculaView.o DraculaView.c
gcc -Wall -Werror -O3   -c -o GameView.o GameView.c
gcc -Wall -Werror -O3   -c -o Map.o Map.c
gcc -Wall -Werror -O3   -c -o Places.o Places.c
gcc -Wall -Werror -O3   -c -o PathFinding.o PathFinding.c
gcc -Wall -Werror -O3   -c -o BinaryHeap.o BinaryHeap.c
gcc -Wall -Werror -O3   -c -o HashTable.o HashTable.c
gcc -Wall -Werror -O3   -c -o Queue.o Queue.c
gcc -Wall -Werror -O3   -c -o Players.o Players.c
gcc -Wall -Werror -O3   -c -o Utilities.o Utilities.c
gcc -Wall -Werror -O3   -c -o minimax.o minimax.c
gcc   dracula.o playerDracula.o DraculaView.o GameView.o Map.o Places.o PathFinding.o BinaryHeap.o HashTable.o Queue.o Players.o Utilities.o minimax.o /usr/lib/x86_64-linux-gnu/libm.so /usr/lib/x86_64-linux-gnu/libdl.so /usr/lib/x86_64-linux-gnu/libjansson.so   -o dracula
gcc -Wall -Werror -O3   -c -o hunter.o hunter.c
gcc -Wall -Werror -O3 -c player.c -o playerHunter.o
gcc -Wall -Werror -O3   -c -o HunterView.o HunterView.c
gcc   hunter.o playerHunter.o HunterView.o GameView.o Map.o Places.o PathFinding.o BinaryHeap.o HashTable.o Queue.o Players.o Utilities.o minimax.o /usr/lib/x86_64-linux-gnu/libm.so /usr/lib/x86_64-linux-gnu/libdl.so /usr/lib/x86_64-linux-gnu/libjansson.so   -o hunter
   The FURY of DRACULA   
          _..._          
        .'     '.        
       ; __   __ ;       
       |/  \ /  \|       
     |\| -- ' -- |/|     
     |(| \o| |o/ |)|     
     _\|    U    |/_     
  .-'  | ,.___., |  '-.  
  \    ;  V'-'V  ;    /  
   `\   \       /   /`   
     `\  '-...-'  /`     
       `\  / \  /`       
         `\\_//`         
...........................
--------------------------------------------------------------------------
> Running player 0... 
Running with input: "past_plays": ""
==============================================================
Program Output (0): 
==============================================================
Move:  {
  "move": "SZ",
  "message": "132",
  "timer": 50
}
> Game score: 366
> Moving from: undefined
> Life Points: 9
> Player 0 made move:
> +++
  move: SZ
  message: 132
  timer: 50
> ---
--------------------------------------------------------------------------
> Running player 1... 
Running with input: "past_plays": "GSZ...."
==============================================================
Program Output (0): 
==============================================================
Move:  {
  "move": "LO",
  "message": "132",
  "timer": 84
}
> Game score: 366
> Moving from: undefined
> Life Points: 9
> Player 1 made move:
> +++
  move: LO
  message: 132
  timer: 84
> ---
--------------------------------------------------------------------------
> Running player 2... 
Running with input: "past_plays": "GSZ.... SLO...."
==============================================================
Program Output (0): 
==============================================================
Move:  {
  "move": "SR",
  "message": "132",
  "timer": 49
}
> Game score: 366
> Moving from: undefined
> Life Points: 9
> Player 2 made move:
> +++
  move: SR
  message: 132
  timer: 49
> ---
--------------------------------------------------------------------------
> Running player 3... 
Running with input: "past_plays": "GSZ.... SLO.... HSR...."
==============================================================
Program Output (0): 
==============================================================
Move:  {
  "message": "132",
  "move": "ZU",
  "timer": 53
}
> Game score: 366
> Moving from: undefined
> Life Points: 9
> Player 3 made move:
> +++
  message: 132
  move: ZU
  timer: 53
> ---
--------------------------------------------------------------------------
> Running player 4... 
Running with input: "past_plays": "GSZ.... SLO.... HSR.... MZU...."
==============================================================
Program Output (0): 
==============================================================
Move:  {
  "move": "BE",
  "timer": 165,
  "message": "Have we nothing Toulouse?"
}
> Game score: 366
> Moving from: undefined
> Blood Points: 40
> Player 4 made move:
> +++
  move: BE
  timer: 165
  message: Have we nothing Toulouse?
> ---
> End of Round:  0
> Starting Round:  1
--------------------------------------------------------------------------
> Running player 0... 
Running with input: "past_plays": "GSZ.... SLO.... HSR.... MZU.... DC?.V.."
==============================================================
Program Output (0): 
==============================================================
Move:  {
  "move": "BC",
  "message": "132?",
  "timer": 60
}
> Game score: 365
> Moving from: SZ
> Life Points: 9
> Player 0 made move:
> +++
  move: BC
  message: 132?
  timer: 60
> ---
--------------------------------------------------------------------------
> Running player 1... 
Running with input: "past_plays": "GSZ.... SLO.... HSR.... MZU.... DC?.V.. GBC...."
==============================================================
Program Output (0): 
==============================================================
Move:  {
  "move": "MN",
  "message": "132?",
  "timer": 53
}
> Game score: 365
> Moving from: LO
> Life Points: 9
> Player 1 made move:
> +++
  move: MN
  message: 132?
  timer: 53
> ---
--------------------------------------------------------------------------
> Running player 2... 
Running with input: "past_plays": "GSZ.... SLO.... HSR.... MZU.... DC?.V.. GBC.... SMN...."
==============================================================
Program Output (0): 
==============================================================
Move:  {
  "timer": 57,
  "message": "132?",
  "move": "BU"
}
> Game score: 365
> Moving from: SR
> Life Points: 9
> Player 2 made move:
> +++
  timer: 57
  message: 132?
  move: BU
> ---
--------------------------------------------------------------------------
> Running player 3... 
Running with input: "past_plays": "GSZ.... SLO.... HSR.... MZU.... DC?.V.. GBC.... SMN.... HBU...."
==============================================================
Program Output (0): 
==============================================================
Move:  {
  "move": "MR",
  "timer": 55,
  "message": "132?"
}
> Game score: 365
> Moving from: ZU
> Life Points: 9
> Player 3 made move:
> +++
  move: MR
  timer: 55
  message: 132?
> ---
--------------------------------------------------------------------------
> Running player 4... 
Running with input: "past_plays": "GSZ.... SLO.... HSR.... MZU.... DBE.V.. GBC.... SMN.... HBU.... MMR...."
==============================================================
Program Output (247): Evaluating -> Hide
Best move updated: 102 HideEvaluating -> Szeged
Evaluating -> Sofia
Evaluating -> Sarajevo
Evaluating -> Klausenburg
Best move updated: 34 KlausenburgEvaluating -> Bucharest
Evaluating -> Double Back 1
Turn time taken: 0.038734

==============================================================
Move:  {
  "timer": 41109,
  "move": "KL",
  "message": ""
}
> Game score: 365
> Moving from: BE
> Blood Points: 40
> Legal Drac moves: BC KL SJ SO SZ D1 HI
> Player 4 made move:
> +++
  timer: 41109
  move: KL
  message: 
> ---
> End of Round:  1
> Starting Round:  2
--------------------------------------------------------------------------
> Running player 0... 
Running with input: "past_plays": "GSZ.... SLO.... HSR.... MZU.... DC?.V.. GBC.... SMN.... HBU.... MMR.... DC?T..."
==============================================================
Program Output (0): 
==============================================================
Move:  {
  "move": "GA",
  "message": "132?",
  "timer": 58
}
> Game score: 364
> Moving from: BC
> Life Points: 9
> Player 0 made move:
> +++
  move: GA
  message: 132?
  timer: 58
> ---
--------------------------------------------------------------------------
> Running player 1... 
Running with input: "past_plays": "GSZ.... SLO.... HSR.... MZU.... DC?.V.. GBC.... SMN.... HBU.... MMR.... DC?T... GGA...."
==============================================================
Program Output (0): 
==============================================================
Move:  {
  "move": "ED",
  "message": "132?",
  "timer": 55
}
> Game score: 364
> Moving from: MN
> Life Points: 9
> Player 1 made move:
> +++
  move: ED
  message: 132?
  timer: 55
> ---
--------------------------------------------------------------------------
> Running player 2... 
Running with input: "past_plays": "GSZ.... SLO.... HSR.... MZU.... DC?.V.. GBC.... SMN.... HBU.... MMR.... DC?T... GGA.... SED...."
==============================================================
Program Output (0): 
==============================================================
Move:  {
  "message": "132?",
  "move": "CO",
  "timer": 55
}
> Game score: 364
> Moving from: BU
> Life Points: 9
> Player 2 made move:
> +++
  message: 132?
  move: CO
  timer: 55
> ---
--------------------------------------------------------------------------
> Running player 3... 
Running with input: "past_plays": "GSZ.... SLO.... HSR.... MZU.... DC?.V.. GBC.... SMN.... HBU.... MMR.... DC?T... GGA.... SED.... HCO...."
==============================================================
Program Output (0): 
==============================================================
Move:  {
  "move": "PA",
  "timer": 60,
  "message": "132?"
}
> Game score: 364
> Moving from: MR
> Life Points: 9
> Player 3 made move:
> +++
  move: PA
  timer: 60
  message: 132?
> ---
--------------------------------------------------------------------------
> Running player 4... 
Running with input: "past_plays": "GSZ.... SLO.... HSR.... MZU.... DBE.V.. GBC.... SMN.... HBU.... MMR.... DKLT... GGA.... SED.... HCO.... MPA...."
==============================================================
Program Output (254): Evaluating -> Hide
Best move updated: 102 HideEvaluating -> Szeged
Evaluating -> Galatz
Evaluating -> Castle Dracula
Best move updated: 17 Castle DraculaEvaluating -> Budapest
Evaluating -> Bucharest
Evaluating -> Double Back 1
Turn time taken: 0.029319

==============================================================
Move:  {
  "move": "CD",
  "timer": 30029,
  "message": ""
}
> Game score: 364
> Moving from: KL
> Blood Points: 40
> Legal Drac moves: BC BD CD GA SZ D1 D2 HI
> Player 4 made move:
> +++
  move: CD
  timer: 30029
  message: 
> ---
> End of Round:  2
> Starting Round:  3
--------------------------------------------------------------------------
> Running player 0... 
Running with input: "past_plays": "GSZ.... SLO.... HSR.... MZU.... DC?.V.. GBC.... SMN.... HBU.... MMR.... DC?T... GGA.... SED.... HCO.... MPA.... DCDT..."
==============================================================
Program Output (0): 
==============================================================
Move:  {
  "move": "CD",
  "message": "132",
  "timer": 727
}
> Game score: 363
> Moving from: GA
> Life Points: 9
> Player 0 made move:
> +++
  move: CD
  message: 132
  timer: 727
> ---
--------------------------------------------------------------------------
> Running player 1... 
Running with input: "past_plays": "GSZ.... SLO.... HSR.... MZU.... DC?.V.. GBC.... SMN.... HBU.... MMR.... DC?T... GGA.... SED.... HCO.... MPA.... DCDT... GCDTD.."
==============================================================
Program Output (0): 
==============================================================
Move:  {
  "move": "NS",
  "timer": 584,
  "message": "132"
}
> Game score: 363
> Moving from: ED
> Life Points: 9
> Player 1 made move:
> +++
  move: NS
  timer: 584
  message: 132
> ---
--------------------------------------------------------------------------
> Running player 2... 
Running with input: "past_plays": "GSZ.... SLO.... HSR.... MZU.... DC?.V.. GBC.... SMN.... HBU.... MMR.... DC?T... GGA.... SED.... HCO.... MPA.... DCDT... GCDTD.. SNS...."
==============================================================
Program Output (0): 
==============================================================
Move:  {
  "move": "FR",
  "message": "132",
  "timer": 616
}
> Game score: 363
> Moving from: CO
> Life Points: 9
> Player 2 made move:
> +++
  move: FR
  message: 132
  timer: 616
> ---
--------------------------------------------------------------------------
> Running player 3... 
Running with input: "past_plays": "GSZ.... SLO.... HSR.... MZU.... DC?.V.. GBC.... SMN.... HBU.... MMR.... DC?T... GGA.... SED.... HCO.... MPA.... DCDT... GCDTD.. SNS.... HFR...."
==============================================================
Program Output (0): 
==============================================================
Move:  {
  "move": "ST",
  "message": "132",
  "timer": 566
}
> Game score: 363
> Moving from: PA
> Life Points: 9
> Player 3 made move:
> +++
  move: ST
  message: 132
  timer: 566
> ---
--------------------------------------------------------------------------
> Running player 4... 
Running with input: "past_plays": "GSZ.... SLO.... HSR.... MZU.... DBE.V.. GBC.... SMN.... HBU.... MMR.... DKLT... GGA.... SED.... HCO.... MPA.... DCDT... GCDTD.. SNS.... HFR.... MST...."
==============================================================
Program Output (121): Evaluating -> Hide
Best move updated: 102 HideEvaluating -> Galatz
Evaluating -> Double Back 1
Turn time taken: 0.008852

==============================================================
Move:  {
  "move": "HI",
  "message": "",
  "timer": 9091
}
> Game score: 363
> Moving from: CD
> Blood Points: 40
> Legal Drac moves: GA D1 D2 HI
> Player 4 made move:
> +++
  move: HI
  message: 
  timer: 9091
> ---
> End of Round:  3
> Starting Round:  4
--------------------------------------------------------------------------
> Running player 0... 
Running with input: "past_plays": "GSZ.... SLO.... HSR.... MZU.... DC?.V.. GBC.... SMN.... HBU.... MMR.... DC?T... GGA.... SED.... HCO.... MPA.... DCDT... GCDTD.. SNS.... HFR.... MST.... DHIT..."
==============================================================
Program Output (0): 
==============================================================
Move:  {
  "move": "KL",
  "message": "132?",
  "timer": 58
}
> Game score: 362
> Moving from: CD
> Life Points: 3
> Player 0 made move:
> +++
  move: KL
  message: 132?
  timer: 58
> ---
--------------------------------------------------------------------------
> Running player 1... 
Running with input: "past_plays": "GSZ.... SLO.... HSR.... MZU.... DC?.V.. GBC.... SMN.... HBU.... MMR.... DKLT... GGA.... SED.... HCO.... MPA.... DCDT... GCDTD.. SNS.... HFR.... MST.... DHIT... GKLT..."
==============================================================
Program Output (0): 
==============================================================
Move:  {
  "move": "HA",
  "message": "132",
  "timer": 593
}
> Game score: 362
> Moving from: NS
> Life Points: 9
> Player 1 made move:
> +++
  move: HA
  message: 132
  timer: 593
> ---
--------------------------------------------------------------------------
> Running player 2... 
Running with input: "past_plays": "GSZ.... SLO.... HSR.... MZU.... DC?.V.. GBC.... SMN.... HBU.... MMR.... DKLT... GGA.... SED.... HCO.... MPA.... DCDT... GCDTD.. SNS.... HFR.... MST.... DHIT... GKLT... SHA...."
==============================================================
Program Output (0): 
==============================================================
Move:  {
  "move": "BR",
  "message": "132",
  "timer": 646
}
> Game score: 362
> Moving from: FR
> Life Points: 9
> Player 2 made move:
> +++
  move: BR
  message: 132
  timer: 646
> ---
--------------------------------------------------------------------------
> Running player 3... 
Running with input: "past_plays": "GSZ.... SLO.... HSR.... MZU.... DC?.V.. GBC.... SMN.... HBU.... MMR.... DKLT... GGA.... SED.... HCO.... MPA.... DCDT... GCDTD.. SNS.... HFR.... MST.... DHIT... GKLT... SHA.... HBR...."
==============================================================
Program Output (0): 
==============================================================
Move:  {
  "timer": 441,
  "move": "MU",
  "message": "132"
}
> Game score: 362
> Moving from: ST
> Life Points: 9
> Player 3 made move:
> +++
  timer: 441
  move: MU
  message: 132
> ---
--------------------------------------------------------------------------
> Running player 4... 
Running with input: "past_plays": "GSZ.... SLO.... HSR.... MZU.... DBE.V.. GBC.... SMN.... HBU.... MMR.... DKLT... GGA.... SED.... HCO.... MPA.... DCDT... GCDTD.. SNS.... HFR.... MST.... DHIT... GKLT... SHA.... HBR.... MMU...."
==============================================================
Program Output (167): Evaluating -> Galatz
Best move updated: 26 GalatzEvaluating -> Double Back 1
Best move updated: 103 Double Back 1Evaluating -> Double Back 2
Turn time taken: 0.005614

==============================================================
Move:  {
  "move": "D1",
  "timer": 5725,
  "message": ""
}
> Game score: 362
> Moving from: CD
> Blood Points: 50
> Legal Drac moves: GA D1 D2 D3
> Player 4 made move:
> +++
  move: D1
  timer: 5725
  message: 
> ---
> End of Round:  4
> Starting Round:  5
--------------------------------------------------------------------------
> Running player 0... 
Running with input: "past_plays": "GSZ.... SLO.... HSR.... MZU.... DC?.V.. GBC.... SMN.... HBU.... MMR.... DKLT... GGA.... SED.... HCO.... MPA.... DCDT... GCDTD.. SNS.... HFR.... MST.... DHIT... GKLT... SHA.... HBR.... MMU.... DD1T..."
==============================================================
Program Output (0): 
==============================================================
Move:  {
  "move": "CD",
  "message": "132",
  "timer": 451
}
> Game score: 361
> Moving from: KL
> Life Points: 1
> Player 0 made move:
> +++
  move: CD
  message: 132
  timer: 451
> ---
--------------------------------------------------------------------------
> Running player 1... 
Running with input: "past_plays": "GSZ.... SLO.... HSR.... MZU.... DC?.V.. GBC.... SMN.... HBU.... MMR.... DKLT... GGA.... SED.... HCO.... MPA.... DCDT... GCDTD.. SNS.... HFR.... MST.... DHIT... GKLT... SHA.... HBR.... MMU.... DD1T... GCDT..."
==============================================================
Program Output (0): 
==============================================================
Move:  {
  "move": "BR",
  "message": "132",
  "timer": 465
}
> Game score: 355
> Moving from: HA
> Life Points: 9
> Player 1 made move:
> +++
  move: BR
  message: 132
  timer: 465
> ---
--------------------------------------------------------------------------
> Running player 2... 
Running with input: "past_plays": "GSZ.... SLO.... HSR.... MZU.... DC?.V.. GBC.... SMN.... HBU.... MMR.... DKLT... GGA.... SED.... HCO.... MPA.... DCDT... GCDTD.. SNS.... HFR.... MST.... DHIT... GKLT... SHA.... HBR.... MMU.... DD1T... GCDT... SBR...."
==============================================================
Program Output (0): 
==============================================================
Move:  {
  "move": "BD",
  "message": "132",
  "timer": 438
}
> Game score: 355
> Moving from: BR
> Life Points: 9
> Player 2 made move:
> +++
  move: BD
  message: 132
  timer: 438
> ---
--------------------------------------------------------------------------
> Running player 3... 
Running with input: "past_plays": "GSZ.... SLO.... HSR.... MZU.... DC?.V.. GBC.... SMN.... HBU.... MMR.... DKLT... GGA.... SED.... HCO.... MPA.... DCDT... GCDTD.. SNS.... HFR.... MST.... DHIT... GKLT... SHA.... HBR.... MMU.... DD1T... GCDT... SBR.... HBD...."
==============================================================
Program Output (0): 
==============================================================
Move:  {
  "move": "VI",
  "message": "132",
  "timer": 644
}
> Game score: 355
> Moving from: MU
> Life Points: 9
> Player 3 made move:
> +++
  move: VI
  message: 132
  timer: 644
> ---
--------------------------------------------------------------------------
> Running player 4... 
Running with input: "past_plays": "GSZ.... SLO.... HSR.... MZU.... DBE.V.. GBC.... SMN.... HBU.... MMR.... DKLT... GGA.... SED.... HCO.... MPA.... DCDT... GCDTD.. SNS.... HFR.... MST.... DHIT... GKLT... SHA.... HBR.... MMU.... DD1T... GCDT... SBR.... HBD.... MVI...."
==============================================================
Program Output (75): Evaluating -> Galatz
Best move updated: 26 GalatzTurn time taken: 0.003363

==============================================================
Move:  {
  "message": "",
  "move": "GA",
  "timer": 3476
}
> Game score: 355
> Moving from: CD
> Blood Points: 60
> Legal Drac moves: GA
> Player 4 made move:
> +++
  message: 
  move: GA
  timer: 3476
> ---
> End of Round:  5
> Starting Round:  6
--------------------------------------------------------------------------
> Running player 0... 
Running with input: "past_plays": "GSZ.... SLO.... HSR.... MZU.... DC?.V.. GBC.... SMN.... HBU.... MMR.... DKLT... GGA.... SED.... HCO.... MPA.... DCDT... GCDTD.. SNS.... HFR.... MST.... DHIT... GKLT... SHA.... HBR.... MMU.... DD1T... GCDT... SBR.... HBD.... MVI.... DC?T..."
==============================================================
Program Output (0): 
==============================================================
Move:  {
  "move": "SJ",
  "message": "132?",
  "timer": 61
}
> Game score: 354
> Moving from: JM
> Life Points: 9
> Player 0 made move:
> +++
  move: SJ
  message: 132?
  timer: 61
> ---
--------------------------------------------------------------------------
> Running player 1... 
Running with input: "past_plays": "GSZ.... SLO.... HSR.... MZU.... DC?.V.. GBC.... SMN.... HBU.... MMR.... DKLT... GGA.... SED.... HCO.... MPA.... DCDT... GCDTD.. SNS.... HFR.... MST.... DHIT... GKLT... SHA.... HBR.... MMU.... DD1T... GCDT... SBR.... HBD.... MVI.... DC?T... GSJ...."
==============================================================
Program Output (0): 
==============================================================
Move:  {
  "timer": 66,
  "move": "ST",
  "message": "132?"
}
> Game score: 354
> Moving from: BR
> Life Points: 9
> Player 1 made move:
> +++
  timer: 66
  move: ST
  message: 132?
> ---
--------------------------------------------------------------------------
> Running player 2... 
Running with input: "past_plays": "GSZ.... SLO.... HSR.... MZU.... DC?.V.. GBC.... SMN.... HBU.... MMR.... DKLT... GGA.... SED.... HCO.... MPA.... DCDT... GCDTD.. SNS.... HFR.... MST.... DHIT... GKLT... SHA.... HBR.... MMU.... DD1T... GCDT... SBR.... HBD.... MVI.... DC?T... GSJ.... SST...."
==============================================================
Program Output (0): 
==============================================================
Move:  {
  "move": "SZ",
  "message": "132?",
  "timer": 65
}
> Game score: 354
> Moving from: BD
> Life Points: 9
> Player 2 made move:
> +++
  move: SZ
  message: 132?
  timer: 65
> ---
--------------------------------------------------------------------------
> Running player 3... 
Running with input: "past_plays": "GSZ.... SLO.... HSR.... MZU.... DC?.V.. GBC.... SMN.... HBU.... MMR.... DKLT... GGA.... SED.... HCO.... MPA.... DCDT... GCDTD.. SNS.... HFR.... MST.... DHIT... GKLT... SHA.... HBR.... MMU.... DD1T... GCDT... SBR.... HBD.... MVI.... DC?T... GSJ.... SST.... HSZ...."
==============================================================
Program Output (0): 
==============================================================
Move:  {
  "move": "ZA",
  "message": "132?",
  "timer": 65
}
> Game score: 354
> Moving from: VI
> Life Points: 9
> Player 3 made move:
> +++
  move: ZA
  message: 132?
  timer: 65
> ---
--------------------------------------------------------------------------
> Running player 4... 
Running with input: "past_plays": "GSZ.... SLO.... HSR.... MZU.... DBE.V.. GBC.... SMN.... HBU.... MMR.... DKLT... GGA.... SED.... HCO.... MPA.... DCDT... GCDTD.. SNS.... HFR.... MST.... DHIT... GKLT... SHA.... HBR.... MMU.... DD1T... GCDT... SBR.... HBD.... MVI.... DGAT... GSJ.... SST.... HSZ.... MZA...."
==============================================================
Program Output (136): Evaluating -> Constanta
Best move updated: 20 ConstantaEvaluating -> Bucharest
Best move updated: 13 BucharestTurn time taken: 0.006715

==============================================================
Move:  {
  "move": "BC",
  "message": "",
  "timer": 6829
}
> Game score: 354
> Moving from: GA
> Blood Points: 60
> Legal Drac moves: BC CN
> Player 4 made move:
> +++
  move: BC
  message: 
  timer: 6829
> ---
> End of Round:  6
> Starting Round:  7
--------------------------------------------------------------------------
> Running player 0... 
Running with input: "past_plays": "GSZ.... SLO.... HSR.... MZU.... DC?.V.. GBC.... SMN.... HBU.... MMR.... DKLT... GGA.... SED.... HCO.... MPA.... DCDT... GCDTD.. SNS.... HFR.... MST.... DHIT... GKLT... SHA.... HBR.... MMU.... DD1T... GCDT... SBR.... HBD.... MVI.... DC?T... GSJ.... SST.... HSZ.... MZA.... DC?T.V."
==============================================================
Program Output (0): 
==============================================================
Move:  {
  "move": "SO",
  "message": "132?",
  "timer": 64
}
> Game score: 340
> Moving from: SJ
> Life Points: 9
> Player 0 made move:
> +++
  move: SO
  message: 132?
  timer: 64
> ---
--------------------------------------------------------------------------
> Running player 1... 
Running with input: "past_plays": "GSZ.... SLO.... HSR.... MZU.... DC?.V.. GBC.... SMN.... HBU.... MMR.... DKLT... GGA.... SED.... HCO.... MPA.... DCDT... GCDTD.. SNS.... HFR.... MST.... DHIT... GKLT... SHA.... HBR.... MMU.... DD1T... GCDT... SBR.... HBD.... MVI.... DC?T... GSJ.... SST.... HSZ.... MZA.... DC?T.V. GSO...."
==============================================================
Program Output (0): 
==============================================================
Move:  {
  "move": "ZU",
  "message": "132?",
  "timer": 63
}
> Game score: 340
> Moving from: ST
> Life Points: 9
> Player 1 made move:
> +++
  move: ZU
  message: 132?
  timer: 63
> ---
--------------------------------------------------------------------------
> Running player 2... 
Running with input: "past_plays": "GSZ.... SLO.... HSR.... MZU.... DC?.V.. GBC.... SMN.... HBU.... MMR.... DKLT... GGA.... SED.... HCO.... MPA.... DCDT... GCDTD.. SNS.... HFR.... MST.... DHIT... GKLT... SHA.... HBR.... MMU.... DD1T... GCDT... SBR.... HBD.... MVI.... DC?T... GSJ.... SST.... HSZ.... MZA.... DC?T.V. GSO.... SZU...."
==============================================================
Program Output (0): 
==============================================================
Move:  {
  "timer": 65,
  "move": "BC",
  "message": "132?"
}
> Game score: 340
> Moving from: SZ
> Life Points: 9
> Player 2 made move:
> +++
  timer: 65
  move: BC
  message: 132?
> ---
--------------------------------------------------------------------------
> Running player 3... 
Running with input: "past_plays": "GSZ.... SLO.... HSR.... MZU.... DC?.V.. GBC.... SMN.... HBU.... MMR.... DKLT... GGA.... SED.... HCO.... MPA.... DCDT... GCDTD.. SNS.... HFR.... MST.... DHIT... GKLT... SHA.... HBR.... MMU.... DD1T... GCDT... SBR.... HBD.... MVI.... DC?T... GSJ.... SST.... HSZ.... MZA.... DBCT.V. GSO.... SZU.... HBCTD.."
==============================================================
Program Output (0): 
==============================================================
Move:  {
  "move": "VI",
  "timer": 438,
  "message": "132"
}
> Game score: 340
> Moving from: ZA
> Life Points: 9
> Player 3 made move:
> +++
  move: VI
  timer: 438
  message: 132
> ---
--------------------------------------------------------------------------
> Running player 4... 
Running with input: "past_plays": "GSZ.... SLO.... HSR.... MZU.... DBE.V.. GBC.... SMN.... HBU.... MMR.... DKLT... GGA.... SED.... HCO.... MPA.... DCDT... GCDTD.. SNS.... HFR.... MST.... DHIT... GKLT... SHA.... HBR.... MMU.... DD1T... GCDT... SBR.... HBD.... MVI.... DGAT... GSJ.... SST.... HSZ.... MZA.... DBCT.V. GSO.... SZU.... HBCTD.. MVI...."
==============================================================
Program Output (179): Evaluating -> Sofia
Best move updated: 58 SofiaEvaluating -> Klausenburg
Best move updated: 34 KlausenburgEvaluating -> Constanta
Evaluating -> Belgrade
Turn time taken: 0.012891

==============================================================
Move:  {
  "move": "KL",
  "message": "",
  "timer": 13215
}
> Game score: 340
> Moving from: BC
> Blood Points: 50
> Legal Drac moves: BE CN KL SO
> Player 4 made move:
> +++
  move: KL
  message: 
  timer: 13215
> ---
> End of Round:  7
> Starting Round:  8
--------------------------------------------------------------------------
> Running player 0... 
Running with input: "past_plays": "GSZ.... SLO.... HSR.... MZU.... DC?.V.. GBC.... SMN.... HBU.... MMR.... DKLT... GGA.... SED.... HCO.... MPA.... DCDT... GCDTD.. SNS.... HFR.... MST.... DHIT... GKLT... SHA.... HBR.... MMU.... DD1T... GCDT... SBR.... HBD.... MVI.... DC?T... GSJ.... SST.... HSZ.... MZA.... DBCT.V. GSO.... SZU.... HBCTD.. MVI.... DC?T..."
==============================================================
Program Output (0): 
==============================================================
Move:  {
  "move": "BC",
  "message": "132",
  "timer": 539
}
> Game score: 339
> Moving from: SO
> Life Points: 9
> Player 0 made move:
> +++
  move: BC
  message: 132
  timer: 539
> ---
--------------------------------------------------------------------------
> Running player 1... 
Running with input: "past_plays": "GSZ.... SLO.... HSR.... MZU.... DC?.V.. GBC.... SMN.... HBU.... MMR.... DKLT... GGA.... SED.... HCO.... MPA.... DCDT... GCDTD.. SNS.... HFR.... MST.... DHIT... GKLT... SHA.... HBR.... MMU.... DD1T... GCDT... SBR.... HBD.... MVI.... DC?T... GSJ.... SST.... HSZ.... MZA.... DBCT.V. GSO.... SZU.... HBCTD.. MVI.... DC?T... GBC...."
==============================================================
Program Output (0): 
==============================================================
Move:  {
  "move": "MU",
  "message": "132",
  "timer": 628
}
> Game score: 339
> Moving from: ZU
> Life Points: 9
> Player 1 made move:
> +++
  move: MU
  message: 132
  timer: 628
> ---
--------------------------------------------------------------------------
> Running player 2... 
Running with input: "past_plays": "GSZ.... SLO.... HSR.... MZU.... DC?.V.. GBC.... SMN.... HBU.... MMR.... DKLT... GGA.... SED.... HCO.... MPA.... DCDT... GCDTD.. SNS.... HFR.... MST.... DHIT... GKLT... SHA.... HBR.... MMU.... DD1T... GCDT... SBR.... HBD.... MVI.... DC?T... GSJ.... SST.... HSZ.... MZA.... DBCT.V. GSO.... SZU.... HBCTD.. MVI.... DC?T... GBC.... SMU...."
==============================================================
Program Output (0): 
==============================================================
Move:  {
  "move": "GA",
  "message": "132?",
  "timer": 70
}
> Game score: 339
> Moving from: BC
> Life Points: 3
> Player 2 made move:
> +++
  move: GA
  message: 132?
  timer: 70
> ---
--------------------------------------------------------------------------
> Running player 3... 
Running with input: "past_plays": "GSZ.... SLO.... HSR.... MZU.... DC?.V.. GBC.... SMN.... HBU.... MMR.... DKLT... GGA.... SED.... HCO.... MPA.... DCDT... GCDTD.. SNS.... HFR.... MST.... DHIT... GKLT... SHA.... HBR.... MMU.... DD1T... GCDT... SBR.... HBD.... MVI.... DGAT... GSJ.... SST.... HSZ.... MZA.... DBCT.V. GSO.... SZU.... HBCTD.. MVI.... DC?T... GBC.... SMU.... HGAT..."
==============================================================
Program Output (0): 
==============================================================
Move:  {
  "move": "BC",
  "message": "132",
  "timer": 419
}
> Game score: 339
> Moving from: VI
> Life Points: 9
> Player 3 made move:
> +++
  move: BC
  message: 132
  timer: 419
> ---
--------------------------------------------------------------------------
> Running player 4... 
Running with input: "past_plays": "GSZ.... SLO.... HSR.... MZU.... DBE.V.. GBC.... SMN.... HBU.... MMR.... DKLT... GGA.... SED.... HCO.... MPA.... DCDT... GCDTD.. SNS.... HFR.... MST.... DHIT... GKLT... SHA.... HBR.... MMU.... DD1T... GCDT... SBR.... HBD.... MVI.... DGAT... GSJ.... SST.... HSZ.... MZA.... DBCT.V. GSO.... SZU.... HBCTD.. MVI.... DKLT... GBC.... SMU.... HGAT... MBC...."
==============================================================
Program Output (186): Evaluating -> Szeged
Best move updated: 62 SzegedEvaluating -> Castle Dracula
Best move updated: 17 Castle DraculaEvaluating -> Budapest
Evaluating -> Belgrade
Turn time taken: 0.012522

==============================================================
Move:  {
  "timer": 12642,
  "move": "CD",
  "message": ""
}
> Game score: 339
> Moving from: KL
> Blood Points: 50
> Legal Drac moves: BE BD CD SZ
> Player 4 made move:
> +++
  timer: 12642
  move: CD
  message: 
> ---
> End of Round:  8
> Starting Round:  9
--------------------------------------------------------------------------
> Running player 0... 
Running with input: "past_plays": "GSZ.... SLO.... HSR.... MZU.... DC?.V.. GBC.... SMN.... HBU.... MMR.... DKLT... GGA.... SED.... HCO.... MPA.... DCDT... GCDTD.. SNS.... HFR.... MST.... DHIT... GKLT... SHA.... HBR.... MMU.... DD1T... GCDT... SBR.... HBD.... MVI.... DGAT... GSJ.... SST.... HSZ.... MZA.... DBCT.V. GSO.... SZU.... HBCTD.. MVI.... DC?T... GBC.... SMU.... HGAT... MBC.... DCDT..."
==============================================================
Program Output (0): 
==============================================================
Move:  {
  "move": "KL",
  "message": "132",
  "timer": 456
}
> Game score: 338
> Moving from: BC
> Life Points: 9
> Player 0 made move:
> +++
  move: KL
  message: 132
  timer: 456
> ---
--------------------------------------------------------------------------
> Running player 1... 
Running with input: "past_plays": "GSZ.... SLO.... HSR.... MZU.... DC?.V.. GBC.... SMN.... HBU.... MMR.... DKLT... GGA.... SED.... HCO.... MPA.... DCDT... GCDTD.. SNS.... HFR.... MST.... DHIT... GKLT... SHA.... HBR.... MMU.... DD1T... GCDT... SBR.... HBD.... MVI.... DGAT... GSJ.... SST.... HSZ.... MZA.... DBCT.V. GSO.... SZU.... HBCTD.. MVI.... DKLT... GBC.... SMU.... HGAT... MBC.... DCDT... GKLT..."
==============================================================
Program Output (0): 
==============================================================
Move:  {
  "move": "VE",
  "message": "132",
  "timer": 441
}
> Game score: 338
> Moving from: MU
> Life Points: 9
> Player 1 made move:
> +++
  move: VE
  message: 132
  timer: 441
> ---
--------------------------------------------------------------------------
> Running player 2... 
Running with input: "past_plays": "GSZ.... SLO.... HSR.... MZU.... DC?.V.. GBC.... SMN.... HBU.... MMR.... DKLT... GGA.... SED.... HCO.... MPA.... DCDT... GCDTD.. SNS.... HFR.... MST.... DHIT... GKLT... SHA.... HBR.... MMU.... DD1T... GCDT... SBR.... HBD.... MVI.... DGAT... GSJ.... SST.... HSZ.... MZA.... DBCT.V. GSO.... SZU.... HBCTD.. MVI.... DKLT... GBC.... SMU.... HGAT... MBC.... DCDT... GKLT... SVE...."
==============================================================
Program Output (0): 
==============================================================
Move:  {
  "move": "CD",
  "message": "132",
  "timer": 744
}
> Game score: 338
> Moving from: GA
> Life Points: 1
> Player 2 made move:
> +++
  move: CD
  message: 132
  timer: 744
> ---
--------------------------------------------------------------------------
> Running player 3... 
Running with input: "past_plays": "GSZ.... SLO.... HSR.... MZU.... DC?.V.. GBC.... SMN.... HBU.... MMR.... DKLT... GGA.... SED.... HCO.... MPA.... DCDT... GCDTD.. SNS.... HFR.... MST.... DHIT... GKLT... SHA.... HBR.... MMU.... DD1T... GCDT... SBR.... HBD.... MVI.... DGAT... GSJ.... SST.... HSZ.... MZA.... DBCT.V. GSO.... SZU.... HBCTD.. MVI.... DKLT... GBC.... SMU.... HGAT... MBC.... DCDT... GKLT... SVE.... HCDT..."
==============================================================
Program Output (0): 
==============================================================
Move:  {
  "move": "GA",
  "message": "132",
  "timer": 675
}
> Game score: 332
> Moving from: BC
> Life Points: 9
> Player 3 made move:
> +++
  move: GA
  message: 132
  timer: 675
> ---
--------------------------------------------------------------------------
> Running player 4... 
Running with input: "past_plays": "GSZ.... SLO.... HSR.... MZU.... DBE.V.. GBC.... SMN.... HBU.... MMR.... DKLT... GGA.... SED.... HCO.... MPA.... DCDT... GCDTD.. SNS.... HFR.... MST.... DHIT... GKLT... SHA.... HBR.... MMU.... DD1T... GCDT... SBR.... HBD.... MVI.... DGAT... GSJ.... SST.... HSZ.... MZA.... DBCT.V. GSO.... SZU.... HBCTD.. MVI.... DKLT... GBC.... SMU.... HGAT... MBC.... DCDT... GKLT... SVE.... HCDT... MGA...."
==============================================================
Program Output (72): Evaluating -> Hide
Best move updated: 102 HideTurn time taken: 0.002852

==============================================================
Move:  {
  "move": "HI",
  "message": "",
  "timer": 3016
}
> Game score: 332
> Moving from: CD
> Blood Points: 60
> Legal Drac moves: HI
> Player 4 made move:
> +++
  move: HI
  message: 
  timer: 3016
> ---
> End of Round:  9
> Starting Round:  10
--------------------------------------------------------------------------
> Running player 0... 
Running with input: "past_plays": "GSZ.... SLO.... HSR.... MZU.... DC?.V.. GBC.... SMN.... HBU.... MMR.... DKLT... GGA.... SED.... HCO.... MPA.... DCDT... GCDTD.. SNS.... HFR.... MST.... DHIT... GKLT... SHA.... HBR.... MMU.... DD1T... GCDT... SBR.... HBD.... MVI.... DGAT... GSJ.... SST.... HSZ.... MZA.... DBCT.V. GSO.... SZU.... HBCTD.. MVI.... DKLT... GBC.... SMU.... HGAT... MBC.... DCDT... GKLT... SVE.... HCDT... MGA.... DHIT..."
==============================================================
Program Output (0): 
==============================================================
Move:  {
  "move": "CD",
  "message": "132",
  "timer": 690
}
> Game score: 331
> Moving from: KL
> Life Points: 7
> Player 0 made move:
> +++
  move: CD
  message: 132
  timer: 690
> ---
--------------------------------------------------------------------------
> Running player 1... 
Running with input: "past_plays": "GSZ.... SLO.... HSR.... MZU.... DC?.V.. GBC.... SMN.... HBU.... MMR.... DKLT... GGA.... SED.... HCO.... MPA.... DCDT... GCDTD.. SNS.... HFR.... MST.... DHIT... GKLT... SHA.... HBR.... MMU.... DD1T... GCDT... SBR.... HBD.... MVI.... DGAT... GSJ.... SST.... HSZ.... MZA.... DBCT.V. GSO.... SZU.... HBCTD.. MVI.... DKLT... GBC.... SMU.... HGAT... MBC.... DCDT... GKLT... SVE.... HCDT... MGA.... DHIT... GCDTTD."
==============================================================
Program Output (0): 
==============================================================
Move:  {
  "move": "SZ",
  "message": "132",
  "timer": 646
}
> Game score: 325
> Moving from: VE
> Life Points: 9
> Player 1 made move:
> +++
  move: SZ
  message: 132
  timer: 646
> ---
--------------------------------------------------------------------------
> Running player 2... 
Running with input: "past_plays": "GSZ.... SLO.... HSR.... MZU.... DC?.V.. GBC.... SMN.... HBU.... MMR.... DKLT... GGA.... SED.... HCO.... MPA.... DCDT... GCDTD.. SNS.... HFR.... MST.... DHIT... GKLT... SHA.... HBR.... MMU.... DD1T... GCDT... SBR.... HBD.... MVI.... DGAT... GSJ.... SST.... HSZ.... MZA.... DBCT.V. GSO.... SZU.... HBCTD.. MVI.... DKLT... GBC.... SMU.... HGAT... MBC.... DCDT... GKLT... SVE.... HCDT... MGA.... DHIT... GCDTTD. SSZ...."
==============================================================
Program Output (0): 
==============================================================
Move:  {
  "timer": 645,
  "move": "BE",
  "message": "132"
}
> Game score: 325
> Moving from: JM
> Life Points: 9
> Player 2 made move:
> +++
  timer: 645
  move: BE
  message: 132
> ---
--------------------------------------------------------------------------
> Running player 3... 
Running with input: "past_plays": "GSZ.... SLO.... HSR.... MZU.... DC?.V.. GBC.... SMN.... HBU.... MMR.... DKLT... GGA.... SED.... HCO.... MPA.... DCDT... GCDTD.. SNS.... HFR.... MST.... DHIT... GKLT... SHA.... HBR.... MMU.... DD1T... GCDT... SBR.... HBD.... MVI.... DGAT... GSJ.... SST.... HSZ.... MZA.... DBCT.V. GSO.... SZU.... HBCTD.. MVI.... DKLT... GBC.... SMU.... HGAT... MBC.... DCDT... GKLT... SVE.... HCDT... MGA.... DHIT... GCDTTD. SSZ.... HBE...."
==============================================================
Program Output (0): 
==============================================================
Move:  {
  "move": "CD",
  "message": "132",
  "timer": 593
}
> Game score: 325
> Moving from: GA
> Life Points: 9
> Player 3 made move:
> +++
  move: CD
  message: 132
  timer: 593
> ---
--------------------------------------------------------------------------
> Running player 4... 
Running with input: "past_plays": "GSZ.... SLO.... HSR.... MZU.... DBE.V.. GBC.... SMN.... HBU.... MMR.... DKLT... GGA.... SED.... HCO.... MPA.... DCDT... GCDTD.. SNS.... HFR.... MST.... DHIT... GKLT... SHA.... HBR.... MMU.... DD1T... GCDT... SBR.... HBD.... MVI.... DGAT... GSJ.... SST.... HSZ.... MZA.... DBCT.V. GSO.... SZU.... HBCTD.. MVI.... DKLT... GBC.... SMU.... HGAT... MBC.... DCDT... GKLT... SVE.... HCDT... MGA.... DHIT... GCDTTD. SSZ.... HBE.... MCDD..."
==============================================================
Program Output (118): Evaluating -> Double Back 1
Best move updated: 103 Double Back 1Evaluating -> Double Back 2
Turn time taken: 0.003481

==============================================================
Move:  {
  "timer": 3610,
  "move": "D1",
  "message": ""
}
> Game score: 325
> Moving from: CD
> Blood Points: 50
> Legal Drac moves: D1 D2 D3 D5
> Player 4 made move:
> +++
  timer: 3610
  move: D1
  message: 
> ---
> End of Round:  10
> Starting Round:  11
--------------------------------------------------------------------------
> Running player 0... 
Running with input: "past_plays": "GSZ.... SLO.... HSR.... MZU.... DC?.V.. GBC.... SMN.... HBU.... MMR.... DKLT... GGA.... SED.... HCO.... MPA.... DCDT... GCDTD.. SNS.... HFR.... MST.... DHIT... GKLT... SHA.... HBR.... MMU.... DD1T... GCDT... SBR.... HBD.... MVI.... DGAT... GSJ.... SST.... HSZ.... MZA.... DBCT.V. GSO.... SZU.... HBCTD.. MVI.... DKLT... GBC.... SMU.... HGAT... MBC.... DCDT... GKLT... SVE.... HCDT... MGA.... DHIT... GCDTTD. SSZ.... HBE.... MCDD... DD1T..."
==============================================================
Program Output (0): 
==============================================================
Move:  {
  "move": "BE",
  "message": "132",
  "timer": 516
}
> Game score: 324
> Moving from: JM
> Life Points: 9
> Player 0 made move:
> +++
  move: BE
  message: 132
  timer: 516
> ---
--------------------------------------------------------------------------
> Running player 1... 
Running with input: "past_plays": "GSZ.... SLO.... HSR.... MZU.... DC?.V.. GBC.... SMN.... HBU.... MMR.... DKLT... GGA.... SED.... HCO.... MPA.... DCDT... GCDTD.. SNS.... HFR.... MST.... DHIT... GKLT... SHA.... HBR.... MMU.... DD1T... GCDT... SBR.... HBD.... MVI.... DGAT... GSJ.... SST.... HSZ.... MZA.... DBCT.V. GSO.... SZU.... HBCTD.. MVI.... DKLT... GBC.... SMU.... HGAT... MBC.... DCDT... GKLT... SVE.... HCDT... MGA.... DHIT... GCDTTD. SSZ.... HBE.... MCDD... DD1T... GBE...."
==============================================================
Program Output (0): 
==============================================================
Move:  {
  "move": "KL",
  "message": "132",
  "timer": 590
}
> Game score: 324
> Moving from: SZ
> Life Points: 9
> Player 1 made move:
> +++
  move: KL
  message: 132
  timer: 590
> ---
--------------------------------------------------------------------------
> Running player 2... 
Running with input: "past_plays": "GSZ.... SLO.... HSR.... MZU.... DC?.V.. GBC.... SMN.... HBU.... MMR.... DKLT... GGA.... SED.... HCO.... MPA.... DCDT... GCDTD.. SNS.... HFR.... MST.... DHIT... GKLT... SHA.... HBR.... MMU.... DD1T... GCDT... SBR.... HBD.... MVI.... DGAT... GSJ.... SST.... HSZ.... MZA.... DBCT.V. GSO.... SZU.... HBCTD.. MVI.... DKLT... GBC.... SMU.... HGAT... MBC.... DCDT... GKLT... SVE.... HCDT... MGA.... DHIT... GCDTTD. SSZ.... HBE.... MCDD... DD1T... GBE.... SKL...."
==============================================================
Program Output (0): 
==============================================================
Move:  {
  "move": "KL",
  "message": "132",
  "timer": 464
}
> Game score: 324
> Moving from: BE
> Life Points: 9
> Player 2 made move:
> +++
  move: KL
  message: 132
  timer: 464
> ---
--------------------------------------------------------------------------
> Running player 3... 
Running with input: "past_plays": "GSZ.... SLO.... HSR.... MZU.... DC?.V.. GBC.... SMN.... HBU.... MMR.... DKLT... GGA.... SED.... HCO.... MPA.... DCDT... GCDTD.. SNS.... HFR.... MST.... DHIT... GKLT... SHA.... HBR.... MMU.... DD1T... GCDT... SBR.... HBD.... MVI.... DGAT... GSJ.... SST.... HSZ.... MZA.... DBCT.V. GSO.... SZU.... HBCTD.. MVI.... DKLT... GBC.... SMU.... HGAT... MBC.... DCDT... GKLT... SVE.... HCDT... MGA.... DHIT... GCDTTD. SSZ.... HBE.... MCDD... DD1T... GBE.... SKL.... HKL...."
==============================================================
Program Output (0): 
==============================================================
Move:  {
  "move": "KL",
  "message": "132?",
  "timer": 71
}
> Game score: 324
> Moving from: CD
> Life Points: 5
> Player 3 made move:
> +++
  move: KL
  message: 132?
  timer: 71
> ---
--------------------------------------------------------------------------
> Running player 4... 
Running with input: "past_plays": "GSZ.... SLO.... HSR.... MZU.... DBE.V.. GBC.... SMN.... HBU.... MMR.... DKLT... GGA.... SED.... HCO.... MPA.... DCDT... GCDTD.. SNS.... HFR.... MST.... DHIT... GKLT... SHA.... HBR.... MMU.... DD1T... GCDT... SBR.... HBD.... MVI.... DGAT... GSJ.... SST.... HSZ.... MZA.... DBCT.V. GSO.... SZU.... HBCTD.. MVI.... DKLT... GBC.... SMU.... HGAT... MBC.... DCDT... GKLT... SVE.... HCDT... MGA.... DHIT... GCDTTD. SSZ.... HBE.... MCDD... DD1T... GBE.... SKL.... HKL.... MKL...."
==============================================================
Program Output (75): Evaluating -> Galatz
Best move updated: 26 GalatzTurn time taken: 0.002419

==============================================================
Move:  {
  "timer": 2545,
  "move": "GA",
  "message": ""
}
> Game score: 324
> Moving from: CD
> Blood Points: 60
> Legal Drac moves: GA
> Player 4 made move:
> +++
  timer: 2545
  move: GA
  message: 
> ---
> End of Round:  11
> Starting Round:  12
--------------------------------------------------------------------------
> Running player 0... 
Running with input: "past_plays": "GSZ.... SLO.... HSR.... MZU.... DC?.V.. GBC.... SMN.... HBU.... MMR.... DKLT... GGA.... SED.... HCO.... MPA.... DCDT... GCDTD.. SNS.... HFR.... MST.... DHIT... GKLT... SHA.... HBR.... MMU.... DD1T... GCDT... SBR.... HBD.... MVI.... DGAT... GSJ.... SST.... HSZ.... MZA.... DBCT.V. GSO.... SZU.... HBCTD.. MVI.... DKLT... GBC.... SMU.... HGAT... MBC.... DCDT... GKLT... SVE.... HCDT... MGA.... DHIT... GCDTTD. SSZ.... HBE.... MCDD... DD1T... GBE.... SKL.... HKL.... MKL.... DC?T..."
==============================================================
Program Output (0): 
==============================================================
Move:  {
  "message": "132?",
  "move": "JM",
  "timer": 76
}
> Game score: 323
> Moving from: BE
> Life Points: 9
> Player 0 made move:
> +++
  message: 132?
  move: JM
  timer: 76
> ---
--------------------------------------------------------------------------
> Running player 1... 
Running with input: "past_plays": "GSZ.... SLO.... HSR.... MZU.... DC?.V.. GBC.... SMN.... HBU.... MMR.... DKLT... GGA.... SED.... HCO.... MPA.... DCDT... GCDTD.. SNS.... HFR.... MST.... DHIT... GKLT... SHA.... HBR.... MMU.... DD1T... GCDT... SBR.... HBD.... MVI.... DGAT... GSJ.... SST.... HSZ.... MZA.... DBCT.V. GSO.... SZU.... HBCTD.. MVI.... DKLT... GBC.... SMU.... HGAT... MBC.... DCDT... GKLT... SVE.... HCDT... MGA.... DHIT... GCDTTD. SSZ.... HBE.... MCDD... DD1T... GBE.... SKL.... HKL.... MKL.... DC?T... GJM...."
==============================================================
Program Output (0): 
==============================================================
Move:  {
  "move": "GA",
  "message": "132?",
  "timer": 73
}
> Game score: 323
> Moving from: KL
> Life Points: 9
> Player 1 made move:
> +++
  move: GA
  message: 132?
  timer: 73
> ---
--------------------------------------------------------------------------
> Running player 2... 
Running with input: "past_plays": "GSZ.... SLO.... HSR.... MZU.... DC?.V.. GBC.... SMN.... HBU.... MMR.... DKLT... GGA.... SED.... HCO.... MPA.... DCDT... GCDTD.. SNS.... HFR.... MST.... DHIT... GKLT... SHA.... HBR.... MMU.... DD1T... GCDT... SBR.... HBD.... MVI.... DGAT... GSJ.... SST.... HSZ.... MZA.... DBCT.V. GSO.... SZU.... HBCTD.. MVI.... DKLT... GBC.... SMU.... HGAT... MBC.... DCDT... GKLT... SVE.... HCDT... MGA.... DHIT... GCDTTD. SSZ.... HBE.... MCDD... DD1T... GBE.... SKL.... HKL.... MKL.... DGAT... GJM.... SGATD.."
==============================================================
Program Output (0): 
==============================================================
Move:  {
  "move": "GA",
  "message": "132",
  "timer": 592
}
> Game score: 323
> Moving from: KL
> Life Points: 9
> Player 2 made move:
> +++
  move: GA
  message: 132
  timer: 592
> ---
--------------------------------------------------------------------------
> Running player 3... 
Running with input: "past_plays": "GSZ.... SLO.... HSR.... MZU.... DC?.V.. GBC.... SMN.... HBU.... MMR.... DKLT... GGA.... SED.... HCO.... MPA.... DCDT... GCDTD.. SNS.... HFR.... MST.... DHIT... GKLT... SHA.... HBR.... MMU.... DD1T... GCDT... SBR.... HBD.... MVI.... DGAT... GSJ.... SST.... HSZ.... MZA.... DBCT.V. GSO.... SZU.... HBCTD.. MVI.... DKLT... GBC.... SMU.... HGAT... MBC.... DCDT... GKLT... SVE.... HCDT... MGA.... DHIT... GCDTTD. SSZ.... HBE.... MCDD... DD1T... GBE.... SKL.... HKL.... MKL.... DGAT... GJM.... SGATD.. HGAD..."
==============================================================
Program Output (0): 
==============================================================
Move:  {
  "timer": 640,
  "move": "GA",
  "message": "132"
}
> Game score: 323
> Moving from: KL
> Life Points: 5
> Player 3 made move:
> +++
  timer: 640
  move: GA
  message: 132
> ---
--------------------------------------------------------------------------
> Running player 4... 
Running with input: "past_plays": "GSZ.... SLO.... HSR.... MZU.... DBE.V.. GBC.... SMN.... HBU.... MMR.... DKLT... GGA.... SED.... HCO.... MPA.... DCDT... GCDTD.. SNS.... HFR.... MST.... DHIT... GKLT... SHA.... HBR.... MMU.... DD1T... GCDT... SBR.... HBD.... MVI.... DGAT... GSJ.... SST.... HSZ.... MZA.... DBCT.V. GSO.... SZU.... HBCTD.. MVI.... DKLT... GBC.... SMU.... HGAT... MBC.... DCDT... GKLT... SVE.... HCDT... MGA.... DHIT... GCDTTD. SSZ.... HBE.... MCDD... DD1T... GBE.... SKL.... HKL.... MKL.... DGAT... GJM.... SGATD.. HGAD... MGAD..."
==============================================================
Program Output (136): Evaluating -> Constanta
Best move updated: 20 ConstantaEvaluating -> Bucharest
Best move updated: 13 BucharestTurn time taken: 0.005998

==============================================================
Move:  {
  "move": "BC",
  "message": "",
  "timer": 6140
}
> Game score: 323
> Moving from: GA
> Blood Points: 30
> Legal Drac moves: BC CN
> Player 4 made move:
> +++
  move: BC
  message: 
  timer: 6140
> ---
> End of Round:  12
> Starting Round:  13
--------------------------------------------------------------------------
> Running player 0... 
Running with input: "past_plays": "GSZ.... SLO.... HSR.... MZU.... DC?.V.. GBC.... SMN.... HBU.... MMR.... DKLT... GGA.... SED.... HCO.... MPA.... DCDT... GCDTD.. SNS.... HFR.... MST.... DHIT... GKLT... SHA.... HBR.... MMU.... DD1T... GCDT... SBR.... HBD.... MVI.... DGAT... GSJ.... SST.... HSZ.... MZA.... DBCT.V. GSO.... SZU.... HBCTD.. MVI.... DKLT... GBC.... SMU.... HGAT... MBC.... DCDT... GKLT... SVE.... HCDT... MGA.... DHIT... GCDTTD. SSZ.... HBE.... MCDD... DD1T... GBE.... SKL.... HKL.... MKL.... DGAT... GJM.... SGATD.. HGAD... MGAD... DC?T..."
==============================================================
Program Output (0): 
==============================================================
Move:  {
  "move": "SZ",
  "message": "132",
  "timer": 487
}
> Game score: 322
> Moving from: JM
> Life Points: 9
> Player 0 made move:
> +++
  move: SZ
  message: 132
  timer: 487
> ---
--------------------------------------------------------------------------
> Running player 1... 
Running with input: "past_plays": "GSZ.... SLO.... HSR.... MZU.... DC?.V.. GBC.... SMN.... HBU.... MMR.... DKLT... GGA.... SED.... HCO.... MPA.... DCDT... GCDTD.. SNS.... HFR.... MST.... DHIT... GKLT... SHA.... HBR.... MMU.... DD1T... GCDT... SBR.... HBD.... MVI.... DGAT... GSJ.... SST.... HSZ.... MZA.... DBCT.V. GSO.... SZU.... HBCTD.. MVI.... DKLT... GBC.... SMU.... HGAT... MBC.... DCDT... GKLT... SVE.... HCDT... MGA.... DHIT... GCDTTD. SSZ.... HBE.... MCDD... DD1T... GBE.... SKL.... HKL.... MKL.... DGAT... GJM.... SGATD.. HGAD... MGAD... DC?T... GSZ...."
==============================================================
Program Output (0): 
==============================================================
Move:  {
  "move": "KL",
  "message": "132?",
  "timer": 72
}
> Game score: 322
> Moving from: GA
> Life Points: 3
> Player 1 made move:
> +++
  move: KL
  message: 132?
  timer: 72
> ---
--------------------------------------------------------------------------
> Running player 2... 
Running with input: "past_plays": "GSZ.... SLO.... HSR.... MZU.... DC?.V.. GBC.... SMN.... HBU.... MMR.... DKLT... GGA.... SED.... HCO.... MPA.... DCDT... GCDTD.. SNS.... HFR.... MST.... DHIT... GKLT... SHA.... HBR.... MMU.... DD1T... GCDT... SBR.... HBD.... MVI.... DGAT... GSJ.... SST.... HSZ.... MZA.... DBCT.V. GSO.... SZU.... HBCTD.. MVI.... DKLT... GBC.... SMU.... HGAT... MBC.... DCDT... GKLT... SVE.... HCDT... MGA.... DHIT... GCDTTD. SSZ.... HBE.... MCDD... DD1T... GBE.... SKL.... HKL.... MKL.... DGAT... GJM.... SGATD.. HGAD... MGAD... DC?T... GSZ.... SKL...."
==============================================================
Program Output (0): 
==============================================================
Move:  {
  "timer": 77,
  "move": "SZ",
  "message": "132?"
}
> Game score: 322
> Moving from: GA
> Life Points: 5
> Player 2 made move:
> +++
  timer: 77
  move: SZ
  message: 132?
> ---
--------------------------------------------------------------------------
> Running player 3... 
Running with input: "past_plays": "GSZ.... SLO.... HSR.... MZU.... DC?.V.. GBC.... SMN.... HBU.... MMR.... DKLT... GGA.... SED.... HCO.... MPA.... DCDT... GCDTD.. SNS.... HFR.... MST.... DHIT... GKLT... SHA.... HBR.... MMU.... DD1T... GCDT... SBR.... HBD.... MVI.... DGAT... GSJ.... SST.... HSZ.... MZA.... DBCT.V. GSO.... SZU.... HBCTD.. MVI.... DKLT... GBC.... SMU.... HGAT... MBC.... DCDT... GKLT... SVE.... HCDT... MGA.... DHIT... GCDTTD. SSZ.... HBE.... MCDD... DD1T... GBE.... SKL.... HKL.... MKL.... DGAT... GJM.... SGATD.. HGAD... MGAD... DC?T... GSZ.... SKL.... HSZ...."
==============================================================
Program Output (0): 
==============================================================
Move:  {
  "move": "CD",
  "message": "132?",
  "timer": 70
}
> Game score: 322
> Moving from: GA
> Life Points: 1
> Player 3 made move:
> +++
  move: CD
  message: 132?
  timer: 70
> ---
--------------------------------------------------------------------------
> Running player 4... 
Running with input: "past_plays": "GSZ.... SLO.... HSR.... MZU.... DBE.V.. GBC.... SMN.... HBU.... MMR.... DKLT... GGA.... SED.... HCO.... MPA.... DCDT... GCDTD.. SNS.... HFR.... MST.... DHIT... GKLT... SHA.... HBR.... MMU.... DD1T... GCDT... SBR.... HBD.... MVI.... DGAT... GSJ.... SST.... HSZ.... MZA.... DBCT.V. GSO.... SZU.... HBCTD.. MVI.... DKLT... GBC.... SMU.... HGAT... MBC.... DCDT... GKLT... SVE.... HCDT... MGA.... DHIT... GCDTTD. SSZ.... HBE.... MCDD... DD1T... GBE.... SKL.... HKL.... MKL.... DGAT... GJM.... SGATD.. HGAD... MGAD... DBCT... GSZ.... SKL.... HSZ.... MCDT..."
==============================================================
Program Output (179): Evaluating -> Sofia
Best move updated: 58 SofiaEvaluating -> Klausenburg
Best move updated: 34 KlausenburgEvaluating -> Constanta
Evaluating -> Belgrade
Turn time taken: 0.012082

==============================================================
Move:  {
  "move": "KL",
  "timer": 12231,
  "message": ""
}
> Game score: 316
> Moving from: BC
> Blood Points: 30
> Legal Drac moves: BE CN KL SO
> Player 4 made move:
> +++
  move: KL
  timer: 12231
  message: 
> ---
> End of Round:  13
> Starting Round:  14
--------------------------------------------------------------------------
> Running player 0... 
Running with input: "past_plays": "GSZ.... SLO.... HSR.... MZU.... DC?.V.. GBC.... SMN.... HBU.... MMR.... DKLT... GGA.... SED.... HCO.... MPA.... DCDT... GCDTD.. SNS.... HFR.... MST.... DHIT... GKLT... SHA.... HBR.... MMU.... DD1T... GCDT... SBR.... HBD.... MVI.... DGAT... GSJ.... SST.... HSZ.... MZA.... DBCT.V. GSO.... SZU.... HBCTD.. MVI.... DKLT... GBC.... SMU.... HGAT... MBC.... DCDT... GKLT... SVE.... HCDT... MGA.... DHIT... GCDTTD. SSZ.... HBE.... MCDD... DD1T... GBE.... SKL.... HKL.... MKL.... DGAT... GJM.... SGATD.. HGAD... MGAD... DC?T... GSZ.... SKL.... HSZ.... MCDT... DKL.V.."
==============================================================
Program Output (0): 
==============================================================
Move:  {
  "move": "KL",
  "timer": 466,
  "message": "132"
}
> Game score: 315
> Moving from: SZ
> Life Points: 9
> Player 0 made move:
> +++
  move: KL
  timer: 466
  message: 132
> ---
--------------------------------------------------------------------------
> Running player 1... 
Running with input: "past_plays": "GSZ.... SLO.... HSR.... MZU.... DC?.V.. GBC.... SMN.... HBU.... MMR.... DKLT... GGA.... SED.... HCO.... MPA.... DCDT... GCDTD.. SNS.... HFR.... MST.... DHIT... GKLT... SHA.... HBR.... MMU.... DD1T... GCDT... SBR.... HBD.... MVI.... DGAT... GSJ.... SST.... HSZ.... MZA.... DBCT.V. GSO.... SZU.... HBCTD.. MVI.... DKLT... GBC.... SMU.... HGAT... MBC.... DCDT... GKLT... SVE.... HCDT... MGA.... DHIT... GCDTTD. SSZ.... HBE.... MCDD... DD1T... GBE.... SKL.... HKL.... MKL.... DGAT... GJM.... SGATD.. HGAD... MGAD... DC?T... GSZ.... SKL.... HSZ.... MCDT... DKL.V.. GKLVD.."
==============================================================
Program Output (0): 
==============================================================
Move:  {
  "move": "KL",
  "message": "132",
  "timer": 71
}
> Game score: 315
> Moving from: KL
> Life Points: 3
> Player 1 made move:
> +++
  move: KL
  message: 132
  timer: 71
> ---
--------------------------------------------------------------------------
> Running player 2... 
Running with input: "past_plays": "GSZ.... SLO.... HSR.... MZU.... DC?.V.. GBC.... SMN.... HBU.... MMR.... DKLT... GGA.... SED.... HCO.... MPA.... DCDT... GCDTD.. SNS.... HFR.... MST.... DHIT... GKLT... SHA.... HBR.... MMU.... DD1T... GCDT... SBR.... HBD.... MVI.... DGAT... GSJ.... SST.... HSZ.... MZA.... DBCT.V. GSO.... SZU.... HBCTD.. MVI.... DKLT... GBC.... SMU.... HGAT... MBC.... DCDT... GKLT... SVE.... HCDT... MGA.... DHIT... GCDTTD. SSZ.... HBE.... MCDD... DD1T... GBE.... SKL.... HKL.... MKL.... DGAT... GJM.... SGATD.. HGAD... MGAD... DC?T... GSZ.... SKL.... HSZ.... MCDT... DKL.V.. GKLVD.. SKLD..."
==============================================================
Program Output (0): 
==============================================================
Move:  {
  "timer": 593,
  "message": "132",
  "move": "KL"
}
> Game score: 309
> Moving from: SZ
> Life Points: 5
> Player 2 made move:
> +++
  timer: 593
  message: 132
  move: KL
> ---
--------------------------------------------------------------------------
> End of game: 
> +++
  score: 309
  revealedPastPlays: GSZ.... SLO.... HSR.... MZU.... DBE.V.. GBC.... SMN.... HBU.... MMR.... DKLT... GGA.... SED.... HCO.... MPA.... DCDT... GCDTD.. SNS.... HFR.... MST.... DHIT... GKLT... SHA.... HBR.... MMU.... DD1T... GCDT... SBR.... HBD.... MVI.... DGAT... GSJ.... SST.... HSZ.... MZA.... DBCT.V. GSO.... SZU.... HBCTD.. MVI.... DKLT... GBC.... SMU.... HGAT... MBC.... DCDT... GKLT... SVE.... HCDT... MGA.... DHIT... GCDTTD. SSZ.... HBE.... MCDD... DD1T... GBE.... SKL.... HKL.... MKL.... DGAT... GJM.... SGATD.. HGAD... MGAD... DBCT... GSZ.... SKL.... HSZ.... MCDT... DKL.V.. GKLVD.. SKLD... HKLD...
  messages: ["132","132","132","132","Have we nothing Toulouse?","132?","132?","132?","132?","","132?","132?","132?","132?","","132","132","132","132","","132?","132","132","132","","132","132","132","132","","132?","132?","132?","132?","","132?","132?","132?","132","","132","132","132?","132","","132","132","132","132","","132","132","132","132","","132","132","132","132?","","132?","132?","132","132","","132","132?","132?","132?","","132","132","132"]
> ---
> Game Over
Final score: 309
Final round: 14
Final score: 309
Final round: 14
