[0;36mCreated a temp directory '/tmp/tmp.lSYR9SHPc3' for checking your submission[0m
[0;36mCopying your files into '/tmp/tmp.lSYR9SHPc3'[0m
[0;36mChecking that your submission includes all the required files[0m
[0;36mChecking that your submission does NOT include files that shouldn't be modified[0m
[0;36mCopying our versions of files that shouldn't be modified into '/tmp/tmp.lSYR9SHPc3'[0m
[0;36mCopying in the remaining files that you weren't required to modify or submit[0m
[0;36mCheck your Makefile for 'LIBS'[0m
[0;36mChecking that your code compiles[0m
gcc -Wall -Werror -O3   -c -o dracula.o dracula.c
gcc -Wall -Werror -O3 -DI_AM_DRACULA -c player.c -o playerDracula.o
gcc -Wall -Werror -O3   -c -o DraculaView.o DraculaView.c
gcc -Wall -Werror -O3   -c -o GameView.o GameView.c
gcc -Wall -Werror -O3   -c -o Map.o Map.c
gcc -Wall -Werror -O3   -c -o Places.o Places.c
gcc -Wall -Werror -O3   -c -o PathFinding.o PathFinding.c
gcc -Wall -Werror -O3   -c -o BinaryHeap.o BinaryHeap.c
gcc -Wall -Werror -O3   -c -o HashTable.o HashTable.c
gcc -Wall -Werror -O3   -c -o Queue.o Queue.c
gcc -Wall -Werror -O3   -c -o Players.o Players.c
gcc -Wall -Werror -O3   -c -o Utilities.o Utilities.c
gcc -Wall -Werror -O3   -c -o minimax.o minimax.c
gcc   dracula.o playerDracula.o DraculaView.o GameView.o Map.o Places.o PathFinding.o BinaryHeap.o HashTable.o Queue.o Players.o Utilities.o minimax.o /usr/lib/x86_64-linux-gnu/libm.so   -o dracula
gcc -Wall -Werror -O3   -c -o hunter.o hunter.c
gcc -Wall -Werror -O3 -c player.c -o playerHunter.o
gcc -Wall -Werror -O3   -c -o HunterView.o HunterView.c
gcc   hunter.o playerHunter.o HunterView.o GameView.o Map.o Places.o PathFinding.o BinaryHeap.o HashTable.o Queue.o Players.o Utilities.o minimax.o /usr/lib/x86_64-linux-gnu/libm.so   -o hunter
[0;32mCompilation succeeded![0m

[0;32mDryrun succeeded![0m
gcc -Wall -Werror -O3   -c -o dracula.o dracula.c
gcc -Wall -Werror -O3 -DI_AM_DRACULA -c player.c -o playerDracula.o
gcc -Wall -Werror -O3   -c -o DraculaView.o DraculaView.c
gcc -Wall -Werror -O3   -c -o GameView.o GameView.c
<builtin>: recipe for target 'GameView.o' failed
