[0;36mCreated a temp directory '/tmp/tmp.UF7LTdfmPU' for checking your submission[0m
[0;36mCopying your files into '/tmp/tmp.UF7LTdfmPU'[0m
[0;36mChecking that your submission includes all the required files[0m
[0;36mChecking that your submission does NOT include files that shouldn't be modified[0m
[0;36mCopying our versions of files that shouldn't be modified into '/tmp/tmp.UF7LTdfmPU'[0m
[0;36mCopying in the remaining files that you weren't required to modify or submit[0m
[0;36mCheck your Makefile for 'LIBS'[0m
[0;36mChecking that your code compiles[0m
gcc -Wall -Werror -O3   -c -o dracula.o dracula.c
gcc -Wall -Werror -O3 -DI_AM_DRACULA -c player.c -o playerDracula.o
gcc -Wall -Werror -O3   -c -o DraculaView.o DraculaView.c
gcc -Wall -Werror -O3   -c -o GameView.o GameView.c
gcc -Wall -Werror -O3   -c -o Map.o Map.c
gcc -Wall -Werror -O3   -c -o Places.o Places.c
gcc -Wall -Werror -O3   -c -o PathFinding.o PathFinding.c
gcc -Wall -Werror -O3   -c -o BinaryHeap.o BinaryHeap.c
gcc -Wall -Werror -O3   -c -o HashTable.o HashTable.c
gcc -Wall -Werror -O3   -c -o Queue.o Queue.c
gcc -Wall -Werror -O3   -c -o Players.o Players.c
gcc -Wall -Werror -O3   -c -o Utilities.o Utilities.c
gcc -Wall -Werror -O3   -c -o minimax.o minimax.c
gcc   dracula.o playerDracula.o DraculaView.o GameView.o Map.o Places.o PathFinding.o BinaryHeap.o HashTable.o Queue.o Players.o Utilities.o minimax.o /usr/lib/x86_64-linux-gnu/libm.so   -o dracula
gcc -Wall -Werror -O3   -c -o hunter.o hunter.c
gcc -Wall -Werror -O3 -c player.c -o playerHunter.o
gcc -Wall -Werror -O3   -c -o HunterView.o HunterView.c
gcc   hunter.o playerHunter.o HunterView.o GameView.o Map.o Places.o PathFinding.o BinaryHeap.o HashTable.o Queue.o Players.o Utilities.o minimax.o /usr/lib/x86_64-linux-gnu/libm.so   -o hunter
[0;32mCompilation succeeded![0m

[0;32mDryrun succeeded![0m
gcc -Wall -Werror -O3   -c -o dracula.o dracula.c
gcc -Wall -Werror -O3 -DI_AM_DRACULA -c player.c -o playerDracula.o
gcc -Wall -Werror -O3   -c -o DraculaView.o DraculaView.c
gcc -Wall -Werror -O3   -c -o GameView.o GameView.c
gcc -Wall -Werror -O3   -c -o Map.o Map.c
gcc -Wall -Werror -O3   -c -o Places.o Places.c
gcc -Wall -Werror -O3   -c -o PathFinding.o PathFinding.c
gcc -Wall -Werror -O3   -c -o BinaryHeap.o BinaryHeap.c
gcc -Wall -Werror -O3   -c -o HashTable.o HashTable.c
gcc -Wall -Werror -O3   -c -o Queue.o Queue.c
gcc -Wall -Werror -O3   -c -o Players.o Players.c
gcc -Wall -Werror -O3   -c -o Utilities.o Utilities.c
gcc -Wall -Werror -O3   -c -o minimax.o minimax.c
gcc   dracula.o playerDracula.o DraculaView.o GameView.o Map.o Places.o PathFinding.o BinaryHeap.o HashTable.o Queue.o Players.o Utilities.o minimax.o /usr/lib/x86_64-linux-gnu/libm.so /usr/lib/x86_64-linux-gnu/libdl.so /usr/lib/x86_64-linux-gnu/libjansson.so   -o dracula
gcc -Wall -Werror -O3   -c -o hunter.o hunter.c
gcc -Wall -Werror -O3 -c player.c -o playerHunter.o
gcc -Wall -Werror -O3   -c -o HunterView.o HunterView.c
gcc   hunter.o playerHunter.o HunterView.o GameView.o Map.o Places.o PathFinding.o BinaryHeap.o HashTable.o Queue.o Players.o Utilities.o minimax.o /usr/lib/x86_64-linux-gnu/libm.so /usr/lib/x86_64-linux-gnu/libdl.so /usr/lib/x86_64-linux-gnu/libjansson.so   -o hunter
   The FURY of DRACULA   
          _..._          
        .'     '.        
       ; __   __ ;       
       |/  \ /  \|       
     |\| -- ' -- |/|     
     |(| \o| |o/ |)|     
     _\|    U    |/_     
  .-'  | ,.___., |  '-.  
  \    ;  V'-'V  ;    /  
   `\   \       /   /`   
     `\  '-...-'  /`     
       `\  / \  /`       
         `\\_//`         
...........................
--------------------------------------------------------------------------
> Running player 0... 
Running with input: "past_plays": ""
==============================================================
Program Output (0): 
==============================================================
Move:  {
  "move": "SZ",
  "message": "132",
  "timer": 54
}
> Game score: 366
> Moving from: undefined
> Life Points: 9
> Player 0 made move:
> +++
  move: SZ
  message: 132
  timer: 54
> ---
--------------------------------------------------------------------------
> Running player 1... 
Running with input: "past_plays": "GSZ...."
==============================================================
Program Output (0): 
==============================================================
Move:  {
  "move": "LO",
  "timer": 49,
  "message": "132"
}
> Game score: 366
> Moving from: undefined
> Life Points: 9
> Player 1 made move:
> +++
  move: LO
  timer: 49
  message: 132
> ---
--------------------------------------------------------------------------
> Running player 2... 
Running with input: "past_plays": "GSZ.... SLO...."
==============================================================
Program Output (0): 
==============================================================
Move:  {
  "move": "SR",
  "message": "132",
  "timer": 54
}
> Game score: 366
> Moving from: undefined
> Life Points: 9
> Player 2 made move:
> +++
  move: SR
  message: 132
  timer: 54
> ---
--------------------------------------------------------------------------
> Running player 3... 
Running with input: "past_plays": "GSZ.... SLO.... HSR...."
==============================================================
Program Output (0): 
==============================================================
Move:  {
  "timer": 53,
  "move": "ZU",
  "message": "132"
}
> Game score: 366
> Moving from: undefined
> Life Points: 9
> Player 3 made move:
> +++
  timer: 53
  move: ZU
  message: 132
> ---
--------------------------------------------------------------------------
> Running player 4... 
Running with input: "past_plays": "GSZ.... SLO.... HSR.... MZU...."
==============================================================
Program Output (0): 
==============================================================
Move:  {
  "move": "CO",
  "message": "Have we nothing Toulouse?",
  "timer": 256
}
> Game score: 366
> Moving from: undefined
> Blood Points: 40
> Player 4 made move:
> +++
  move: CO
  message: Have we nothing Toulouse?
  timer: 256
> ---
> End of Round:  0
> Starting Round:  1
--------------------------------------------------------------------------
> Running player 0... 
Running with input: "past_plays": "GSZ.... SLO.... HSR.... MZU.... DC?.V.."
==============================================================
Program Output (0): 
==============================================================
Move:  {
  "move": "BE",
  "message": "132?",
  "timer": 55
}
> Game score: 365
> Moving from: SZ
> Life Points: 9
> Player 0 made move:
> +++
  move: BE
  message: 132?
  timer: 55
> ---
--------------------------------------------------------------------------
> Running player 1... 
Running with input: "past_plays": "GSZ.... SLO.... HSR.... MZU.... DC?.V.. GBE...."
==============================================================
Program Output (0): 
==============================================================
Move:  {
  "move": "LV",
  "message": "132?",
  "timer": 56
}
> Game score: 365
> Moving from: LO
> Life Points: 9
> Player 1 made move:
> +++
  move: LV
  message: 132?
  timer: 56
> ---
--------------------------------------------------------------------------
> Running player 2... 
Running with input: "past_plays": "GSZ.... SLO.... HSR.... MZU.... DC?.V.. GBE.... SLV...."
==============================================================
Program Output (0): 
==============================================================
Move:  {
  "move": "BU",
  "message": "132?",
  "timer": 55
}
> Game score: 365
> Moving from: SR
> Life Points: 9
> Player 2 made move:
> +++
  move: BU
  message: 132?
  timer: 55
> ---
--------------------------------------------------------------------------
> Running player 3... 
Running with input: "past_plays": "GSZ.... SLO.... HSR.... MZU.... DC?.V.. GBE.... SLV.... HBU...."
==============================================================
Program Output (0): 
==============================================================
Move:  {
  "move": "MR",
  "message": "132?",
  "timer": 53
}
> Game score: 365
> Moving from: ZU
> Life Points: 9
> Player 3 made move:
> +++
  move: MR
  message: 132?
  timer: 53
> ---
--------------------------------------------------------------------------
> Running player 4... 
Running with input: "past_plays": "GSZ.... SLO.... HSR.... MZU.... DCO.V.. GBE.... SLV.... HBU.... MMR...."
Program exited with code: null
Received signal: SIGSEGV
==============================================================
Program Output (0): 
==============================================================
Move data parse error: ""
SyntaxError: Unexpected end of JSON input
    at JSON.parse (<anonymous>)
    at ChildProcess.<anonymous> (/tmp_amd/kamen/export/kamen/2/cs2521ass/20T2/20T2.dracula/game_runner/runGame.js:213:24)
    at ChildProcess.emit (events.js:188:13)
    at maybeClose (internal/child_process.js:978:16)
    at Process.ChildProcess._handle.onexit (internal/child_process.js:265:5)
This usually means your program crashed before making a move.
Move:  {}
> Legal Drac moves: AM BU FR HA LI ST D1 HI
> Player 4 disqualified for illegal move.
> +++ 
> --- 
Default Dracula Move: "LI"
> End of Round:  1
> Starting Round:  2
--------------------------------------------------------------------------
> Running player 0... 
Running with input: "past_plays": "GSZ.... SLO.... HSR.... MZU.... DC?.V.. GBE.... SLV.... HBU.... MMR.... DC?T..."
==============================================================
Program Output (0): 
==============================================================
Move:  {
  "move": "SJ",
  "message": "132?",
  "timer": 58
}
> Game score: 364
> Moving from: BE
> Life Points: 9
> Player 0 made move:
> +++
  move: SJ
  message: 132?
  timer: 58
> ---
--------------------------------------------------------------------------
> Running player 1... 
Running with input: "past_plays": "GSZ.... SLO.... HSR.... MZU.... DC?.V.. GBE.... SLV.... HBU.... MMR.... DC?T... GSJ...."
==============================================================
Program Output (0): 
==============================================================
Move:  {
  "timer": 84,
  "move": "SW",
  "message": "132?"
}
> Game score: 364
> Moving from: LV
> Life Points: 9
> Player 1 made move:
> +++
  timer: 84
  move: SW
  message: 132?
> ---
--------------------------------------------------------------------------
> Running player 2... 
Running with input: "past_plays": "GSZ.... SLO.... HSR.... MZU.... DC?.V.. GBE.... SLV.... HBU.... MMR.... DC?T... GSJ.... SSW...."
==============================================================
Program Output (0): 
==============================================================
Move:  {
  "move": "CO",
  "message": "132?",
  "timer": 56
}
> Game score: 364
> Moving from: BU
> Life Points: 9
> Player 2 made move:
> +++
  move: CO
  message: 132?
  timer: 56
> ---
--------------------------------------------------------------------------
> Running player 3... 
Running with input: "past_plays": "GSZ.... SLO.... HSR.... MZU.... DCO.V.. GBE.... SLV.... HBU.... MMR.... DC?T... GSJ.... SSW.... HCOV..."
==============================================================
Program Output (0): 
==============================================================
Move:  {
  "move": "PA",
  "timer": 487,
  "message": "132"
}
> Game score: 364
> Moving from: MR
> Life Points: 9
> Player 3 made move:
> +++
  move: PA
  timer: 487
  message: 132
> ---
--------------------------------------------------------------------------
Player is currently disqualified. Making a move on their behalf.4
Default Dracula Move: "NU"
> End of Round:  2
> Starting Round:  3
--------------------------------------------------------------------------
> Running player 0... 
Running with input: "past_plays": "GSZ.... SLO.... HSR.... MZU.... DCO.V.. GBE.... SLV.... HBU.... MMR.... DC?T... GSJ.... SSW.... HCOV... MPA.... DC?T..."
==============================================================
Program Output (0): 
==============================================================
Move:  {
  "move": "ZA",
  "message": "132",
  "timer": 467
}
> Game score: 363
> Moving from: SJ
> Life Points: 9
> Player 0 made move:
> +++
  move: ZA
  message: 132
  timer: 467
> ---
--------------------------------------------------------------------------
> Running player 1... 
Running with input: "past_plays": "GSZ.... SLO.... HSR.... MZU.... DCO.V.. GBE.... SLV.... HBU.... MMR.... DC?T... GSJ.... SSW.... HCOV... MPA.... DC?T... GZA...."
==============================================================
Program Output (0): 
==============================================================
Move:  {
  "timer": 715,
  "move": "LO",
  "message": "132"
}
> Game score: 363
> Moving from: SW
> Life Points: 9
> Player 1 made move:
> +++
  timer: 715
  move: LO
  message: 132
> ---
--------------------------------------------------------------------------
> Running player 2... 
Running with input: "past_plays": "GSZ.... SLO.... HSR.... MZU.... DCO.V.. GBE.... SLV.... HBU.... MMR.... DC?T... GSJ.... SSW.... HCOV... MPA.... DC?T... GZA.... SLO...."
==============================================================
Program Output (0): 
==============================================================
Move:  {
  "move": "ST",
  "message": "132?",
  "timer": 57
}
> Game score: 363
> Moving from: CO
> Life Points: 9
> Player 2 made move:
> +++
  move: ST
  message: 132?
  timer: 57
> ---
--------------------------------------------------------------------------
> Running player 3... 
Running with input: "past_plays": "GSZ.... SLO.... HSR.... MZU.... DCO.V.. GBE.... SLV.... HBU.... MMR.... DC?T... GSJ.... SSW.... HCOV... MPA.... DC?T... GZA.... SLO.... HST...."
==============================================================
Program Output (0): 
==============================================================
Move:  {
  "timer": 546,
  "move": "CO",
  "message": "132"
}
> Game score: 363
> Moving from: PA
> Life Points: 9
> Player 3 made move:
> +++
  timer: 546
  move: CO
  message: 132
> ---
--------------------------------------------------------------------------
Player is currently disqualified. Making a move on their behalf.4
Default Dracula Move: "PR"
> End of Round:  3
> Starting Round:  4
--------------------------------------------------------------------------
> Running player 0... 
Running with input: "past_plays": "GSZ.... SLO.... HSR.... MZU.... DCO.V.. GBE.... SLV.... HBU.... MMR.... DC?T... GSJ.... SSW.... HCOV... MPA.... DC?T... GZA.... SLO.... HST.... MCO.... DC?T..."
==============================================================
Program Output (0): 
==============================================================
Move:  {
  "move": "JM",
  "message": "132?",
  "timer": 59
}
> Game score: 362
> Moving from: ZA
> Life Points: 9
> Player 0 made move:
> +++
  move: JM
  message: 132?
  timer: 59
> ---
--------------------------------------------------------------------------
> Running player 1... 
Running with input: "past_plays": "GSZ.... SLO.... HSR.... MZU.... DCO.V.. GBE.... SLV.... HBU.... MMR.... DC?T... GSJ.... SSW.... HCOV... MPA.... DC?T... GZA.... SLO.... HST.... MCO.... DC?T... GJM...."
==============================================================
Program Output (0): 
==============================================================
Move:  {
  "move": "EC",
  "message": "132?",
  "timer": 63
}
> Game score: 362
> Moving from: LO
> Life Points: 9
> Player 1 made move:
> +++
  move: EC
  message: 132?
  timer: 63
> ---
--------------------------------------------------------------------------
> Running player 2... 
Running with input: "past_plays": "GSZ.... SLO.... HSR.... MZU.... DCO.V.. GBE.... SLV.... HBU.... MMR.... DC?T... GSJ.... SSW.... HCOV... MPA.... DC?T... GZA.... SLO.... HST.... MCO.... DC?T... GJM.... SEC...."
==============================================================
Program Output (0): 
==============================================================
Move:  {
  "timer": 59,
  "move": "GE",
  "message": "132?"
}
> Game score: 362
> Moving from: ST
> Life Points: 9
> Player 2 made move:
> +++
  timer: 59
  move: GE
  message: 132?
> ---
--------------------------------------------------------------------------
> Running player 3... 
Running with input: "past_plays": "GSZ.... SLO.... HSR.... MZU.... DCO.V.. GBE.... SLV.... HBU.... MMR.... DC?T... GSJ.... SSW.... HCOV... MPA.... DC?T... GZA.... SLO.... HST.... MCO.... DC?T... GJM.... SEC.... HGE...."
==============================================================
Program Output (0): 
==============================================================
Move:  {
  "move": "LE",
  "message": "132?",
  "timer": 60
}
> Game score: 362
> Moving from: CO
> Life Points: 9
> Player 3 made move:
> +++
  move: LE
  message: 132?
  timer: 60
> ---
--------------------------------------------------------------------------
Player is currently disqualified. Making a move on their behalf.4
Default Dracula Move: "HI"
> End of Round:  4
> Starting Round:  5
--------------------------------------------------------------------------
> Running player 0... 
Running with input: "past_plays": "GSZ.... SLO.... HSR.... MZU.... DCO.V.. GBE.... SLV.... HBU.... MMR.... DC?T... GSJ.... SSW.... HCOV... MPA.... DC?T... GZA.... SLO.... HST.... MCO.... DC?T... GJM.... SEC.... HGE.... MLE.... DC?T..."
==============================================================
Program Output (0): 
==============================================================
Move:  {
  "move": "SJ",
  "message": "132?",
  "timer": 61
}
> Game score: 361
> Moving from: JM
> Life Points: 9
> Player 0 made move:
> +++
  move: SJ
  message: 132?
  timer: 61
> ---
--------------------------------------------------------------------------
> Running player 1... 
Running with input: "past_plays": "GSZ.... SLO.... HSR.... MZU.... DCO.V.. GBE.... SLV.... HBU.... MMR.... DC?T... GSJ.... SSW.... HCOV... MPA.... DC?T... GZA.... SLO.... HST.... MCO.... DC?T... GJM.... SEC.... HGE.... MLE.... DC?T... GSJ...."
==============================================================
Program Output (0): 
==============================================================
Move:  {
  "message": "132?",
  "move": "LE",
  "timer": 62
}
> Game score: 361
> Moving from: EC
> Life Points: 9
> Player 1 made move:
> +++
  message: 132?
  move: LE
  timer: 62
> ---
--------------------------------------------------------------------------
> Running player 2... 
Running with input: "past_plays": "GSZ.... SLO.... HSR.... MZU.... DCO.V.. GBE.... SLV.... HBU.... MMR.... DC?T... GSJ.... SSW.... HCOV... MPA.... DC?T... GZA.... SLO.... HST.... MCO.... DC?T... GJM.... SEC.... HGE.... MLE.... DC?T... GSJ.... SLE...."
==============================================================
Program Output (0): 
==============================================================
Move:  {
  "message": "132?",
  "move": "MR",
  "timer": 62
}
> Game score: 361
> Moving from: GE
> Life Points: 9
> Player 2 made move:
> +++
  message: 132?
  move: MR
  timer: 62
> ---
--------------------------------------------------------------------------
> Running player 3... 
Running with input: "past_plays": "GSZ.... SLO.... HSR.... MZU.... DCO.V.. GBE.... SLV.... HBU.... MMR.... DC?T... GSJ.... SSW.... HCOV... MPA.... DC?T... GZA.... SLO.... HST.... MCO.... DC?T... GJM.... SEC.... HGE.... MLE.... DC?T... GSJ.... SLE.... HMR...."
==============================================================
Program Output (0): 
==============================================================
Move:  {
  "move": "NA",
  "message": "132?",
  "timer": 65
}
> Game score: 361
> Moving from: LE
> Life Points: 9
> Player 3 made move:
> +++
  move: NA
  message: 132?
  timer: 65
> ---
--------------------------------------------------------------------------
Player is currently disqualified. Making a move on their behalf.4
Default Dracula Move: "D1"
> End of Round:  5
> Starting Round:  6
--------------------------------------------------------------------------
> Running player 0... 
Running with input: "past_plays": "GSZ.... SLO.... HSR.... MZU.... DCO.V.. GBE.... SLV.... HBU.... MMR.... DC?T... GSJ.... SSW.... HCOV... MPA.... DC?T... GZA.... SLO.... HST.... MCO.... DC?T... GJM.... SEC.... HGE.... MLE.... DC?T... GSJ.... SLE.... HMR.... MNA.... DD1T..."
==============================================================
Program Output (0): 
==============================================================
Move:  {
  "move": "SO",
  "message": "132?",
  "timer": 65
}
> Game score: 360
> Moving from: SJ
> Life Points: 9
> Player 0 made move:
> +++
  move: SO
  message: 132?
  timer: 65
> ---
--------------------------------------------------------------------------
> Running player 1... 
Running with input: "past_plays": "GSZ.... SLO.... HSR.... MZU.... DCO.V.. GBE.... SLV.... HBU.... MMR.... DC?T... GSJ.... SSW.... HCOV... MPA.... DC?T... GZA.... SLO.... HST.... MCO.... DC?T... GJM.... SEC.... HGE.... MLE.... DC?T... GSJ.... SLE.... HMR.... MNA.... DD1T... GSO...."
==============================================================
Program Output (0): 
==============================================================
Move:  {
  "move": "EC",
  "message": "132?",
  "timer": 63
}
> Game score: 360
> Moving from: LE
> Life Points: 9
> Player 1 made move:
> +++
  move: EC
  message: 132?
  timer: 63
> ---
--------------------------------------------------------------------------
> Running player 2... 
Running with input: "past_plays": "GSZ.... SLO.... HSR.... MZU.... DCO.V.. GBE.... SLV.... HBU.... MMR.... DC?T... GSJ.... SSW.... HCOV... MPA.... DC?T... GZA.... SLO.... HST.... MCO.... DC?T... GJM.... SEC.... HGE.... MLE.... DC?T... GSJ.... SLE.... HMR.... MNA.... DD1T... GSO.... SEC...."
==============================================================
Program Output (0): 
==============================================================
Move:  {
  "move": "ZU",
  "message": "132?",
  "timer": 62
}
> Game score: 360
> Moving from: MR
> Life Points: 9
> Player 2 made move:
> +++
  move: ZU
  message: 132?
  timer: 62
> ---
--------------------------------------------------------------------------
> Running player 3... 
Running with input: "past_plays": "GSZ.... SLO.... HSR.... MZU.... DCO.V.. GBE.... SLV.... HBU.... MMR.... DC?T... GSJ.... SSW.... HCOV... MPA.... DC?T... GZA.... SLO.... HST.... MCO.... DC?T... GJM.... SEC.... HGE.... MLE.... DC?T... GSJ.... SLE.... HMR.... MNA.... DD1T... GSO.... SEC.... HZU...."
==============================================================
Program Output (0): 
==============================================================
Move:  {
  "move": "CF",
  "message": "132?",
  "timer": 69
}
> Game score: 360
> Moving from: NA
> Life Points: 9
> Player 3 made move:
> +++
  move: CF
  message: 132?
  timer: 69
> ---
--------------------------------------------------------------------------
Player is currently disqualified. Making a move on their behalf.4
Default Dracula Move: "BR"
> End of Round:  6
> Starting Round:  7
--------------------------------------------------------------------------
> Running player 0... 
Running with input: "past_plays": "GSZ.... SLO.... HSR.... MZU.... DCO.V.. GBE.... SLV.... HBU.... MMR.... DC?T... GSJ.... SSW.... HCOV... MPA.... DC?T... GZA.... SLO.... HST.... MCO.... DC?T... GJM.... SEC.... HGE.... MLE.... DC?T... GSJ.... SLE.... HMR.... MNA.... DD1T... GSO.... SEC.... HZU.... MCF.... DC?T..."
==============================================================
Program Output (0): 
==============================================================
Move:  {
  "move": "VA",
  "timer": 66,
  "message": "132?"
}
> Game score: 359
> Moving from: SO
> Life Points: 9
> Player 0 made move:
> +++
  move: VA
  timer: 66
  message: 132?
> ---
--------------------------------------------------------------------------
> Running player 1... 
Running with input: "past_plays": "GSZ.... SLO.... HSR.... MZU.... DCO.V.. GBE.... SLV.... HBU.... MMR.... DC?T... GSJ.... SSW.... HCOV... MPA.... DC?T... GZA.... SLO.... HST.... MCO.... DC?T... GJM.... SEC.... HGE.... MLE.... DC?T... GSJ.... SLE.... HMR.... MNA.... DD1T... GSO.... SEC.... HZU.... MCF.... DC?T... GVA...."
==============================================================
Program Output (0): 
==============================================================
Move:  {
  "move": "LE",
  "message": "132?",
  "timer": 69
}
> Game score: 359
> Moving from: EC
> Life Points: 9
> Player 1 made move:
> +++
  move: LE
  message: 132?
  timer: 69
> ---
--------------------------------------------------------------------------
> Running player 2... 
Running with input: "past_plays": "GSZ.... SLO.... HSR.... MZU.... DCO.V.. GBE.... SLV.... HBU.... MMR.... DC?T... GSJ.... SSW.... HCOV... MPA.... DC?T... GZA.... SLO.... HST.... MCO.... DC?T... GJM.... SEC.... HGE.... MLE.... DC?T... GSJ.... SLE.... HMR.... MNA.... DD1T... GSO.... SEC.... HZU.... MCF.... DC?T... GVA.... SLE...."
==============================================================
Program Output (0): 
==============================================================
Move:  {
  "message": "132?",
  "move": "MR",
  "timer": 72
}
> Game score: 359
> Moving from: ZU
> Life Points: 9
> Player 2 made move:
> +++
  message: 132?
  move: MR
  timer: 72
> ---
--------------------------------------------------------------------------
> Running player 3... 
Running with input: "past_plays": "GSZ.... SLO.... HSR.... MZU.... DCO.V.. GBE.... SLV.... HBU.... MMR.... DC?T... GSJ.... SSW.... HCOV... MPA.... DC?T... GZA.... SLO.... HST.... MCO.... DC?T... GJM.... SEC.... HGE.... MLE.... DC?T... GSJ.... SLE.... HMR.... MNA.... DD1T... GSO.... SEC.... HZU.... MCF.... DC?T... GVA.... SLE.... HMR...."
==============================================================
Program Output (0): 
==============================================================
Move:  {
  "message": "132?",
  "move": "NA",
  "timer": 66
}
> Game score: 359
> Moving from: CF
> Life Points: 9
> Player 3 made move:
> +++
  message: 132?
  move: NA
  timer: 66
> ---
--------------------------------------------------------------------------
Player is currently disqualified. Making a move on their behalf.4
Default Dracula Move: "HA"
> End of Round:  7
> Starting Round:  8
--------------------------------------------------------------------------
> Running player 0... 
Running with input: "past_plays": "GSZ.... SLO.... HSR.... MZU.... DCO.V.. GBE.... SLV.... HBU.... MMR.... DC?T... GSJ.... SSW.... HCOV... MPA.... DC?T... GZA.... SLO.... HST.... MCO.... DC?T... GJM.... SEC.... HGE.... MLE.... DC?T... GSJ.... SLE.... HMR.... MNA.... DD1T... GSO.... SEC.... HZU.... MCF.... DC?T... GVA.... SLE.... HMR.... MNA.... DC?T.M."
==============================================================
Program Output (0): 
==============================================================
Move:  {
  "move": "SA",
  "message": "132?",
  "timer": 71
}
> Game score: 358
> Moving from: VA
> Life Points: 9
> Player 0 made move:
> +++
  move: SA
  message: 132?
  timer: 71
> ---
--------------------------------------------------------------------------
> Running player 1... 
Running with input: "past_plays": "GSZ.... SLO.... HSR.... MZU.... DCO.V.. GBE.... SLV.... HBU.... MMR.... DC?T... GSJ.... SSW.... HCOV... MPA.... DC?T... GZA.... SLO.... HST.... MCO.... DC?T... GJM.... SEC.... HGE.... MLE.... DC?T... GSJ.... SLE.... HMR.... MNA.... DD1T... GSO.... SEC.... HZU.... MCF.... DC?T... GVA.... SLE.... HMR.... MNA.... DC?T.M. GSA...."
==============================================================
Program Output (0): 
==============================================================
Move:  {
  "move": "NA",
  "message": "132?",
  "timer": 67
}
> Game score: 358
> Moving from: LE
> Life Points: 9
> Player 1 made move:
> +++
  move: NA
  message: 132?
  timer: 67
> ---
--------------------------------------------------------------------------
> Running player 2... 
Running with input: "past_plays": "GSZ.... SLO.... HSR.... MZU.... DCO.V.. GBE.... SLV.... HBU.... MMR.... DC?T... GSJ.... SSW.... HCOV... MPA.... DC?T... GZA.... SLO.... HST.... MCO.... DC?T... GJM.... SEC.... HGE.... MLE.... DC?T... GSJ.... SLE.... HMR.... MNA.... DD1T... GSO.... SEC.... HZU.... MCF.... DC?T... GVA.... SLE.... HMR.... MNA.... DC?T.M. GSA.... SNA...."
==============================================================
Program Output (0): 
==============================================================
Move:  {
  "move": "GE",
  "timer": 74,
  "message": "132?"
}
> Game score: 358
> Moving from: MR
> Life Points: 9
> Player 2 made move:
> +++
  move: GE
  timer: 74
  message: 132?
> ---
--------------------------------------------------------------------------
> Running player 3... 
Running with input: "past_plays": "GSZ.... SLO.... HSR.... MZU.... DCO.V.. GBE.... SLV.... HBU.... MMR.... DC?T... GSJ.... SSW.... HCOV... MPA.... DC?T... GZA.... SLO.... HST.... MCO.... DC?T... GJM.... SEC.... HGE.... MLE.... DC?T... GSJ.... SLE.... HMR.... MNA.... DD1T... GSO.... SEC.... HZU.... MCF.... DC?T... GVA.... SLE.... HMR.... MNA.... DC?T.M. GSA.... SNA.... HGE...."
==============================================================
Program Output (0): 
==============================================================
Move:  {
  "move": "CF",
  "message": "132?",
  "timer": 70
}
> Game score: 358
> Moving from: NA
> Life Points: 9
> Player 3 made move:
> +++
  move: CF
  message: 132?
  timer: 70
> ---
--------------------------------------------------------------------------
Player is currently disqualified. Making a move on their behalf.4
Default Dracula Move: "NS"
> End of Round:  8
> Starting Round:  9
--------------------------------------------------------------------------
> Running player 0... 
Running with input: "past_plays": "GSZ.... SLO.... HSR.... MZU.... DCO.V.. GBE.... SLV.... HBU.... MMR.... DC?T... GSJ.... SSW.... HCOV... MPA.... DC?T... GZA.... SLO.... HST.... MCO.... DC?T... GJM.... SEC.... HGE.... MLE.... DC?T... GSJ.... SLE.... HMR.... MNA.... DD1T... GSO.... SEC.... HZU.... MCF.... DC?T... GVA.... SLE.... HMR.... MNA.... DC?T.M. GSA.... SNA.... HGE.... MCF.... DS?..M."
==============================================================
Program Output (0): 
==============================================================
Move:  {
  "move": "IO",
  "message": "132?",
  "timer": 68
}
> Game score: 357
> Moving from: SA
> Life Points: 9
> Player 0 made move:
> +++
  move: IO
  message: 132?
  timer: 68
> ---
--------------------------------------------------------------------------
> Running player 1... 
Running with input: "past_plays": "GSZ.... SLO.... HSR.... MZU.... DCO.V.. GBE.... SLV.... HBU.... MMR.... DC?T... GSJ.... SSW.... HCOV... MPA.... DC?T... GZA.... SLO.... HST.... MCO.... DC?T... GJM.... SEC.... HGE.... MLE.... DC?T... GSJ.... SLE.... HMR.... MNA.... DD1T... GSO.... SEC.... HZU.... MCF.... DC?T... GVA.... SLE.... HMR.... MNA.... DC?T.M. GSA.... SNA.... HGE.... MCF.... DS?..M. GIO...."
==============================================================
Program Output (0): 
==============================================================
Move:  {
  "move": "CF",
  "message": "132?",
  "timer": 68
}
> Game score: 357
> Moving from: NA
> Life Points: 9
> Player 1 made move:
> +++
  move: CF
  message: 132?
  timer: 68
> ---
--------------------------------------------------------------------------
> Running player 2... 
Running with input: "past_plays": "GSZ.... SLO.... HSR.... MZU.... DCO.V.. GBE.... SLV.... HBU.... MMR.... DC?T... GSJ.... SSW.... HCOV... MPA.... DC?T... GZA.... SLO.... HST.... MCO.... DC?T... GJM.... SEC.... HGE.... MLE.... DC?T... GSJ.... SLE.... HMR.... MNA.... DD1T... GSO.... SEC.... HZU.... MCF.... DC?T... GVA.... SLE.... HMR.... MNA.... DC?T.M. GSA.... SNA.... HGE.... MCF.... DS?..M. GIO.... SCF...."
==============================================================
Program Output (0): 
==============================================================
Move:  {
  "timer": 71,
  "move": "MR",
  "message": "132?"
}
> Game score: 357
> Moving from: GE
> Life Points: 9
> Player 2 made move:
> +++
  timer: 71
  move: MR
  message: 132?
> ---
--------------------------------------------------------------------------
> Running player 3... 
Running with input: "past_plays": "GSZ.... SLO.... HSR.... MZU.... DCO.V.. GBE.... SLV.... HBU.... MMR.... DC?T... GSJ.... SSW.... HCOV... MPA.... DC?T... GZA.... SLO.... HST.... MCO.... DC?T... GJM.... SEC.... HGE.... MLE.... DC?T... GSJ.... SLE.... HMR.... MNA.... DD1T... GSO.... SEC.... HZU.... MCF.... DC?T... GVA.... SLE.... HMR.... MNA.... DC?T.M. GSA.... SNA.... HGE.... MCF.... DS?..M. GIO.... SCF.... HMR...."
==============================================================
Program Output (0): 
==============================================================
Move:  {
  "move": "NA",
  "timer": 68,
  "message": "132?"
}
> Game score: 357
> Moving from: CF
> Life Points: 9
> Player 3 made move:
> +++
  move: NA
  timer: 68
  message: 132?
> ---
--------------------------------------------------------------------------
Player is currently disqualified. Making a move on their behalf.4
Default Dracula Move: "AM"
> End of Round:  9
> Starting Round:  10
--------------------------------------------------------------------------
> Running player 0... 
Running with input: "past_plays": "GSZ.... SLO.... HSR.... MZU.... DCO.V.. GBE.... SLV.... HBU.... MMR.... DC?T... GSJ.... SSW.... HCOV... MPA.... DC?T... GZA.... SLO.... HST.... MCO.... DC?T... GJM.... SEC.... HGE.... MLE.... DHIT... GSJ.... SLE.... HMR.... MNA.... DD1T... GSO.... SEC.... HZU.... MCF.... DC?T... GVA.... SLE.... HMR.... MNA.... DC?T.M. GSA.... SNA.... HGE.... MCF.... DS?..M. GIO.... SCF.... HMR.... MNA.... DC?T.M."
==============================================================
Program Output (0): 
==============================================================
Move:  {
  "move": "SA",
  "message": "132?",
  "timer": 73
}
> Game score: 356
> Moving from: IO
> Life Points: 9
> Player 0 made move:
> +++
  move: SA
  message: 132?
  timer: 73
> ---
--------------------------------------------------------------------------
> Running player 1... 
Running with input: "past_plays": "GSZ.... SLO.... HSR.... MZU.... DCO.V.. GBE.... SLV.... HBU.... MMR.... DC?T... GSJ.... SSW.... HCOV... MPA.... DC?T... GZA.... SLO.... HST.... MCO.... DC?T... GJM.... SEC.... HGE.... MLE.... DHIT... GSJ.... SLE.... HMR.... MNA.... DD1T... GSO.... SEC.... HZU.... MCF.... DC?T... GVA.... SLE.... HMR.... MNA.... DC?T.M. GSA.... SNA.... HGE.... MCF.... DS?..M. GIO.... SCF.... HMR.... MNA.... DC?T.M. GSA...."
==============================================================
Program Output (0): 
==============================================================
Move:  {
  "move": "NA",
  "message": "132?",
  "timer": 68
}
> Game score: 356
> Moving from: CF
> Life Points: 9
> Player 1 made move:
> +++
  move: NA
  message: 132?
  timer: 68
> ---
--------------------------------------------------------------------------
> Running player 2... 
Running with input: "past_plays": "GSZ.... SLO.... HSR.... MZU.... DCO.V.. GBE.... SLV.... HBU.... MMR.... DC?T... GSJ.... SSW.... HCOV... MPA.... DC?T... GZA.... SLO.... HST.... MCO.... DC?T... GJM.... SEC.... HGE.... MLE.... DHIT... GSJ.... SLE.... HMR.... MNA.... DD1T... GSO.... SEC.... HZU.... MCF.... DC?T... GVA.... SLE.... HMR.... MNA.... DC?T.M. GSA.... SNA.... HGE.... MCF.... DS?..M. GIO.... SCF.... HMR.... MNA.... DC?T.M. GSA.... SNA...."
==============================================================
Program Output (0): 
==============================================================
Move:  {
  "move": "GO",
  "message": "132?",
  "timer": 69
}
> Game score: 356
> Moving from: MR
> Life Points: 9
> Player 2 made move:
> +++
  move: GO
  message: 132?
  timer: 69
> ---
--------------------------------------------------------------------------
> Running player 3... 
Running with input: "past_plays": "GSZ.... SLO.... HSR.... MZU.... DCO.V.. GBE.... SLV.... HBU.... MMR.... DC?T... GSJ.... SSW.... HCOV... MPA.... DC?T... GZA.... SLO.... HST.... MCO.... DC?T... GJM.... SEC.... HGE.... MLE.... DHIT... GSJ.... SLE.... HMR.... MNA.... DD1T... GSO.... SEC.... HZU.... MCF.... DC?T... GVA.... SLE.... HMR.... MNA.... DC?T.M. GSA.... SNA.... HGE.... MCF.... DS?..M. GIO.... SCF.... HMR.... MNA.... DC?T.M. GSA.... SNA.... HGO...."
==============================================================
Program Output (0): 
==============================================================
Move:  {
  "move": "BB",
  "message": "132?",
  "timer": 75
}
> Game score: 356
> Moving from: NA
> Life Points: 9
> Player 3 made move:
> +++
  move: BB
  message: 132?
  timer: 75
> ---
--------------------------------------------------------------------------
Player is currently disqualified. Making a move on their behalf.4
Default Dracula Move: "BU"
> End of Round:  10
> Starting Round:  11
--------------------------------------------------------------------------
> Running player 0... 
Running with input: "past_plays": "GSZ.... SLO.... HSR.... MZU.... DCO.V.. GBE.... SLV.... HBU.... MMR.... DC?T... GSJ.... SSW.... HCOV... MPA.... DC?T... GZA.... SLO.... HST.... MCO.... DC?T... GJM.... SEC.... HGE.... MLE.... DHIT... GSJ.... SLE.... HMR.... MNA.... DD1T... GSO.... SEC.... HZU.... MCF.... DC?T... GVA.... SLE.... HMR.... MNA.... DC?T.M. GSA.... SNA.... HGE.... MCF.... DS?..M. GIO.... SCF.... HMR.... MNA.... DC?T.M. GSA.... SNA.... HGO.... MBB.... DC?T.M."
==============================================================
Program Output (0): 
==============================================================
Move:  {
  "move": "BE",
  "message": "132?",
  "timer": 76
}
> Game score: 355
> Moving from: SA
> Life Points: 9
> Player 0 made move:
> +++
  move: BE
  message: 132?
  timer: 76
> ---
--------------------------------------------------------------------------
> Running player 1... 
Running with input: "past_plays": "GSZ.... SLO.... HSR.... MZU.... DCO.V.. GBE.... SLV.... HBU.... MMR.... DC?T... GSJ.... SSW.... HCOV... MPA.... DC?T... GZA.... SLO.... HST.... MCO.... DC?T... GJM.... SEC.... HGE.... MLE.... DHIT... GSJ.... SLE.... HMR.... MNA.... DD1T... GSO.... SEC.... HZU.... MCF.... DC?T... GVA.... SLE.... HMR.... MNA.... DC?T.M. GSA.... SNA.... HGE.... MCF.... DS?..M. GIO.... SCF.... HMR.... MNA.... DC?T.M. GSA.... SNA.... HGO.... MBB.... DC?T.M. GBE...."
==============================================================
Program Output (0): 
==============================================================
Move:  {
  "move": "BB",
  "message": "132?",
  "timer": 70
}
> Game score: 355
> Moving from: NA
> Life Points: 9
> Player 1 made move:
> +++
  move: BB
  message: 132?
  timer: 70
> ---
--------------------------------------------------------------------------
> Running player 2... 
Running with input: "past_plays": "GSZ.... SLO.... HSR.... MZU.... DCO.V.. GBE.... SLV.... HBU.... MMR.... DC?T... GSJ.... SSW.... HCOV... MPA.... DC?T... GZA.... SLO.... HST.... MCO.... DC?T... GJM.... SEC.... HGE.... MLE.... DHIT... GSJ.... SLE.... HMR.... MNA.... DD1T... GSO.... SEC.... HZU.... MCF.... DC?T... GVA.... SLE.... HMR.... MNA.... DC?T.M. GSA.... SNA.... HGE.... MCF.... DS?..M. GIO.... SCF.... HMR.... MNA.... DC?T.M. GSA.... SNA.... HGO.... MBB.... DC?T.M. GBE.... SBB...."
==============================================================
Program Output (0): 
==============================================================
Move:  {
  "move": "MI",
  "message": "132?",
  "timer": 80
}
> Game score: 355
> Moving from: GO
> Life Points: 9
> Player 2 made move:
> +++
  move: MI
  message: 132?
  timer: 80
> ---
--------------------------------------------------------------------------
> Running player 3... 
Running with input: "past_plays": "GSZ.... SLO.... HSR.... MZU.... DCO.V.. GBE.... SLV.... HBU.... MMR.... DC?T... GSJ.... SSW.... HCOV... MPA.... DC?T... GZA.... SLO.... HST.... MCO.... DC?T... GJM.... SEC.... HGE.... MLE.... DHIT... GSJ.... SLE.... HMR.... MNA.... DD1T... GSO.... SEC.... HZU.... MCF.... DC?T... GVA.... SLE.... HMR.... MNA.... DC?T.M. GSA.... SNA.... HGE.... MCF.... DS?..M. GIO.... SCF.... HMR.... MNA.... DC?T.M. GSA.... SNA.... HGO.... MBB.... DC?T.M. GBE.... SBB.... HMI...."
==============================================================
Program Output (0): 
==============================================================
Move:  {
  "move": "BO",
  "message": "132?",
  "timer": 75
}
> Game score: 355
> Moving from: BB
> Life Points: 9
> Player 3 made move:
> +++
  move: BO
  message: 132?
  timer: 75
> ---
--------------------------------------------------------------------------
Player is currently disqualified. Making a move on their behalf.4
Default Dracula Move: "D2"
> End of Round:  11
> Starting Round:  12
--------------------------------------------------------------------------
> Running player 0... 
Running with input: "past_plays": "GSZ.... SLO.... HSR.... MZU.... DCO.V.. GBE.... SLV.... HBU.... MMR.... DC?T... GSJ.... SSW.... HCOV... MPA.... DC?T... GZA.... SLO.... HST.... MCO.... DC?T... GJM.... SEC.... HGE.... MLE.... DHIT... GSJ.... SLE.... HMR.... MNA.... DD1T... GSO.... SEC.... HZU.... MCF.... DC?T... GVA.... SLE.... HMR.... MNA.... DC?T.M. GSA.... SNA.... HGE.... MCF.... DS?..M. GIO.... SCF.... HMR.... MNA.... DC?T.M. GSA.... SNA.... HGO.... MBB.... DC?T.M. GBE.... SBB.... HMI.... MBO.... DD2T.M."
==============================================================
Program Output (0): 
==============================================================
Move:  {
  "move": "SO",
  "message": "132?",
  "timer": 76
}
> Game score: 354
> Moving from: BE
> Life Points: 9
> Player 0 made move:
> +++
  move: SO
  message: 132?
  timer: 76
> ---
--------------------------------------------------------------------------
> Running player 1... 
Running with input: "past_plays": "GSZ.... SLO.... HSR.... MZU.... DCO.V.. GBE.... SLV.... HBU.... MMR.... DC?T... GSJ.... SSW.... HCOV... MPA.... DC?T... GZA.... SLO.... HST.... MCO.... DC?T... GJM.... SEC.... HGE.... MLE.... DHIT... GSJ.... SLE.... HMR.... MNA.... DD1T... GSO.... SEC.... HZU.... MCF.... DC?T... GVA.... SLE.... HMR.... MNA.... DC?T.M. GSA.... SNA.... HGE.... MCF.... DS?..M. GIO.... SCF.... HMR.... MNA.... DC?T.M. GSA.... SNA.... HGO.... MBB.... DC?T.M. GBE.... SBB.... HMI.... MBO.... DD2T.M. GSO...."
==============================================================
Program Output (0): 
==============================================================
Move:  {
  "move": "BO",
  "message": "132?",
  "timer": 84
}
> Game score: 354
> Moving from: BB
> Life Points: 9
> Player 1 made move:
> +++
  move: BO
  message: 132?
  timer: 84
> ---
--------------------------------------------------------------------------
> Running player 2... 
Running with input: "past_plays": "GSZ.... SLO.... HSR.... MZU.... DCO.V.. GBE.... SLV.... HBU.... MMR.... DC?T... GSJ.... SSW.... HCOV... MPA.... DC?T... GZA.... SLO.... HST.... MCO.... DC?T... GJM.... SEC.... HGE.... MLE.... DHIT... GSJ.... SLE.... HMR.... MNA.... DD1T... GSO.... SEC.... HZU.... MCF.... DC?T... GVA.... SLE.... HMR.... MNA.... DC?T.M. GSA.... SNA.... HGE.... MCF.... DS?..M. GIO.... SCF.... HMR.... MNA.... DC?T.M. GSA.... SNA.... HGO.... MBB.... DC?T.M. GBE.... SBB.... HMI.... MBO.... DD2T.M. GSO.... SBO...."
==============================================================
Program Output (0): 
==============================================================
Move:  {
  "move": "GE",
  "message": "132?",
  "timer": 86
}
> Game score: 354
> Moving from: MI
> Life Points: 9
> Player 2 made move:
> +++
  move: GE
  message: 132?
  timer: 86
> ---
--------------------------------------------------------------------------
> Running player 3... 
Running with input: "past_plays": "GSZ.... SLO.... HSR.... MZU.... DCO.V.. GBE.... SLV.... HBU.... MMR.... DC?T... GSJ.... SSW.... HCOV... MPA.... DC?T... GZA.... SLO.... HST.... MCO.... DC?T... GJM.... SEC.... HGE.... MLE.... DHIT... GSJ.... SLE.... HMR.... MNA.... DD1T... GSO.... SEC.... HZU.... MCF.... DC?T... GVA.... SLE.... HMR.... MNA.... DC?T.M. GSA.... SNA.... HGE.... MCF.... DS?..M. GIO.... SCF.... HMR.... MNA.... DC?T.M. GSA.... SNA.... HGO.... MBB.... DC?T.M. GBE.... SBB.... HMI.... MBO.... DD2T.M. GSO.... SBO.... HGE...."
==============================================================
Program Output (0): 
==============================================================
Move:  {
  "move": "MR",
  "message": "132?",
  "timer": 77
}
> Game score: 354
> Moving from: BO
> Life Points: 9
> Player 3 made move:
> +++
  move: MR
  message: 132?
  timer: 77
> ---
--------------------------------------------------------------------------
Player is currently disqualified. Making a move on their behalf.4
Default Dracula Move: "HI"
> End of Round:  12
> Starting Round:  13
--------------------------------------------------------------------------
> Running player 0... 
Running with input: "past_plays": "GSZ.... SLO.... HSR.... MZU.... DCO.V.. GBE.... SLV.... HBU.... MMR.... DC?T... GSJ.... SSW.... HCOV... MPA.... DC?T... GZA.... SLO.... HST.... MCO.... DC?T... GJM.... SEC.... HGE.... MLE.... DHIT... GSJ.... SLE.... HMR.... MNA.... DD1T... GSO.... SEC.... HZU.... MCF.... DC?T... GVA.... SLE.... HMR.... MNA.... DC?T.M. GSA.... SNA.... HGE.... MCF.... DS?..M. GIO.... SCF.... HMR.... MNA.... DC?T.M. GSA.... SNA.... HGO.... MBB.... DC?T.M. GBE.... SBB.... HMI.... MBO.... DD2T.M. GSO.... SBO.... HGE.... MMR.... DC?T.M."
==============================================================
Program Output (0): 
==============================================================
Move:  {
  "message": "132?",
  "move": "BE",
  "timer": 73
}
> Game score: 353
> Moving from: SO
> Life Points: 9
> Player 0 made move:
> +++
  message: 132?
  move: BE
  timer: 73
> ---
--------------------------------------------------------------------------
> Running player 1... 
Running with input: "past_plays": "GSZ.... SLO.... HSR.... MZU.... DCO.V.. GBE.... SLV.... HBU.... MMR.... DC?T... GSJ.... SSW.... HCOV... MPA.... DC?T... GZA.... SLO.... HST.... MCO.... DC?T... GJM.... SEC.... HGE.... MLE.... DHIT... GSJ.... SLE.... HMR.... MNA.... DD1T... GSO.... SEC.... HZU.... MCF.... DC?T... GVA.... SLE.... HMR.... MNA.... DC?T.M. GSA.... SNA.... HGE.... MCF.... DS?..M. GIO.... SCF.... HMR.... MNA.... DC?T.M. GSA.... SNA.... HGO.... MBB.... DC?T.M. GBE.... SBB.... HMI.... MBO.... DD2T.M. GSO.... SBO.... HGE.... MMR.... DC?T.M. GBE...."
==============================================================
Program Output (0): 
==============================================================
Move:  {
  "move": "SR",
  "message": "132?",
  "timer": 81
}
> Game score: 353
> Moving from: BO
> Life Points: 9
> Player 1 made move:
> +++
  move: SR
  message: 132?
  timer: 81
> ---
--------------------------------------------------------------------------
> Running player 2... 
Running with input: "past_plays": "GSZ.... SLO.... HSR.... MZU.... DCO.V.. GBE.... SLV.... HBU.... MMR.... DC?T... GSJ.... SSW.... HCOV... MPA.... DC?T... GZA.... SLO.... HST.... MCO.... DC?T... GJM.... SEC.... HGE.... MLE.... DHIT... GSJ.... SLE.... HMR.... MNA.... DD1T... GSO.... SEC.... HZU.... MCF.... DC?T... GVA.... SLE.... HMR.... MNA.... DC?T.M. GSA.... SNA.... HGE.... MCF.... DS?..M. GIO.... SCF.... HMR.... MNA.... DC?T.M. GSA.... SNA.... HGO.... MBB.... DC?T.M. GBE.... SBB.... HMI.... MBO.... DD2T.M. GSO.... SBO.... HGE.... MMR.... DC?T.M. GBE.... SSR...."
==============================================================
Program Output (0): 
==============================================================
Move:  {
  "message": "132?",
  "move": "GO",
  "timer": 88
}
> Game score: 353
> Moving from: GE
> Life Points: 9
> Player 2 made move:
> +++
  message: 132?
  move: GO
  timer: 88
> ---
--------------------------------------------------------------------------
> Running player 3... 
Running with input: "past_plays": "GSZ.... SLO.... HSR.... MZU.... DCO.V.. GBE.... SLV.... HBU.... MMR.... DC?T... GSJ.... SSW.... HCOV... MPA.... DC?T... GZA.... SLO.... HST.... MCO.... DC?T... GJM.... SEC.... HGE.... MLE.... DHIT... GSJ.... SLE.... HMR.... MNA.... DD1T... GSO.... SEC.... HZU.... MCF.... DC?T... GVA.... SLE.... HMR.... MNA.... DC?T.M. GSA.... SNA.... HGE.... MCF.... DS?..M. GIO.... SCF.... HMR.... MNA.... DC?T.M. GSA.... SNA.... HGO.... MBB.... DC?T.M. GBE.... SBB.... HMI.... MBO.... DD2T.M. GSO.... SBO.... HGE.... MMR.... DC?T.M. GBE.... SSR.... HGO...."
==============================================================
Program Output (0): 
==============================================================
Move:  {
  "move": "GO",
  "message": "132?",
  "timer": 72
}
> Game score: 353
> Moving from: MR
> Life Points: 9
> Player 3 made move:
> +++
  move: GO
  message: 132?
  timer: 72
> ---
--------------------------------------------------------------------------
Player is currently disqualified. Making a move on their behalf.4
Default Dracula Move: "CO"
> End of Round:  13
> Starting Round:  14
--------------------------------------------------------------------------
> Running player 0... 
Running with input: "past_plays": "GSZ.... SLO.... HSR.... MZU.... DCO.V.. GBE.... SLV.... HBU.... MMR.... DC?T... GSJ.... SSW.... HCOV... MPA.... DC?T... GZA.... SLO.... HST.... MCO.... DC?T... GJM.... SEC.... HGE.... MLE.... DHIT... GSJ.... SLE.... HMR.... MNA.... DD1T... GSO.... SEC.... HZU.... MCF.... DC?T... GVA.... SLE.... HMR.... MNA.... DC?T.M. GSA.... SNA.... HGE.... MCF.... DS?..M. GIO.... SCF.... HMR.... MNA.... DC?T.M. GSA.... SNA.... HGO.... MBB.... DC?T.M. GBE.... SBB.... HMI.... MBO.... DD2T.M. GSO.... SBO.... HGE.... MMR.... DC?T.M. GBE.... SSR.... HGO.... MGO.... DC?.VM."
==============================================================
Program Output (0): 
==============================================================
Move:  {
  "move": "BD",
  "message": "132?",
  "timer": 87
}
> Game score: 352
> Moving from: BE
> Life Points: 9
> Player 0 made move:
> +++
  move: BD
  message: 132?
  timer: 87
> ---
--------------------------------------------------------------------------
> Running player 1... 
Running with input: "past_plays": "GSZ.... SLO.... HSR.... MZU.... DCO.V.. GBE.... SLV.... HBU.... MMR.... DC?T... GSJ.... SSW.... HCOV... MPA.... DC?T... GZA.... SLO.... HST.... MCO.... DC?T... GJM.... SEC.... HGE.... MLE.... DHIT... GSJ.... SLE.... HMR.... MNA.... DD1T... GSO.... SEC.... HZU.... MCF.... DC?T... GVA.... SLE.... HMR.... MNA.... DC?T.M. GSA.... SNA.... HGE.... MCF.... DS?..M. GIO.... SCF.... HMR.... MNA.... DC?T.M. GSA.... SNA.... HGO.... MBB.... DC?T.M. GBE.... SBB.... HMI.... MBO.... DD2T.M. GSO.... SBO.... HGE.... MMR.... DC?T.M. GBE.... SSR.... HGO.... MGO.... DC?.VM. GBD...."
==============================================================
Program Output (0): 
==============================================================
Move:  {
  "move": "MA",
  "message": "132?",
  "timer": 78
}
> Game score: 352
> Moving from: SR
> Life Points: 9
> Player 1 made move:
> +++
  move: MA
  message: 132?
  timer: 78
> ---
--------------------------------------------------------------------------
> Running player 2... 
Running with input: "past_plays": "GSZ.... SLO.... HSR.... MZU.... DCO.V.. GBE.... SLV.... HBU.... MMR.... DC?T... GSJ.... SSW.... HCOV... MPA.... DC?T... GZA.... SLO.... HST.... MCO.... DC?T... GJM.... SEC.... HGE.... MLE.... DHIT... GSJ.... SLE.... HMR.... MNA.... DD1T... GSO.... SEC.... HZU.... MCF.... DC?T... GVA.... SLE.... HMR.... MNA.... DC?T.M. GSA.... SNA.... HGE.... MCF.... DS?..M. GIO.... SCF.... HMR.... MNA.... DC?T.M. GSA.... SNA.... HGO.... MBB.... DC?T.M. GBE.... SBB.... HMI.... MBO.... DD2T.M. GSO.... SBO.... HGE.... MMR.... DC?T.M. GBE.... SSR.... HGO.... MGO.... DC?.VM. GBD.... SMA...."
==============================================================
Program Output (0): 
==============================================================
Move:  {
  "move": "TS",
  "timer": 76,
  "message": "132?"
}
> Game score: 352
> Moving from: GO
> Life Points: 9
> Player 2 made move:
> +++
  move: TS
  timer: 76
  message: 132?
> ---
--------------------------------------------------------------------------
> Running player 3... 
Running with input: "past_plays": "GSZ.... SLO.... HSR.... MZU.... DCO.V.. GBE.... SLV.... HBU.... MMR.... DC?T... GSJ.... SSW.... HCOV... MPA.... DC?T... GZA.... SLO.... HST.... MCO.... DC?T... GJM.... SEC.... HGE.... MLE.... DHIT... GSJ.... SLE.... HMR.... MNA.... DD1T... GSO.... SEC.... HZU.... MCF.... DC?T... GVA.... SLE.... HMR.... MNA.... DC?T.M. GSA.... SNA.... HGE.... MCF.... DS?..M. GIO.... SCF.... HMR.... MNA.... DC?T.M. GSA.... SNA.... HGO.... MBB.... DC?T.M. GBE.... SBB.... HMI.... MBO.... DD2T.M. GSO.... SBO.... HGE.... MMR.... DC?T.M. GBE.... SSR.... HGO.... MGO.... DC?.VM. GBD.... SMA.... HTS...."
==============================================================
Program Output (0): 
==============================================================
Move:  {
  "move": "MI",
  "message": "132?",
  "timer": 77
}
> Game score: 352
> Moving from: GO
> Life Points: 9
> Player 3 made move:
> +++
  move: MI
  message: 132?
  timer: 77
> ---
--------------------------------------------------------------------------
Player is currently disqualified. Making a move on their behalf.4
Default Dracula Move: "ST"
> End of Round:  14
> Starting Round:  15
--------------------------------------------------------------------------
> Running player 0... 
Running with input: "past_plays": "GSZ.... SLO.... HSR.... MZU.... DCO.V.. GBE.... SLV.... HBU.... MMR.... DC?T... GSJ.... SSW.... HCOV... MPA.... DC?T... GZA.... SLO.... HST.... MCO.... DC?T... GJM.... SEC.... HGE.... MLE.... DHIT... GSJ.... SLE.... HMR.... MNA.... DD1T... GSO.... SEC.... HZU.... MCF.... DC?T... GVA.... SLE.... HMR.... MNA.... DC?T.M. GSA.... SNA.... HGE.... MCF.... DS?..M. GIO.... SCF.... HMR.... MNA.... DC?T.M. GSA.... SNA.... HGO.... MBB.... DC?T.M. GBE.... SBB.... HMI.... MBO.... DD2T.M. GSO.... SBO.... HGE.... MMR.... DC?T.M. GBE.... SSR.... HGO.... MGO.... DC?.VM. GBD.... SMA.... HTS.... MMI.... DC?T..."
==============================================================
Program Output (0): 
==============================================================
Move:  {
  "move": "VI",
  "message": "132?",
  "timer": 89
}
> Game score: 351
> Moving from: BD
> Life Points: 9
> Player 0 made move:
> +++
  move: VI
  message: 132?
  timer: 89
> ---
--------------------------------------------------------------------------
> Running player 1... 
Running with input: "past_plays": "GSZ.... SLO.... HSR.... MZU.... DCO.V.. GBE.... SLV.... HBU.... MMR.... DC?T... GSJ.... SSW.... HCOV... MPA.... DC?T... GZA.... SLO.... HST.... MCO.... DC?T... GJM.... SEC.... HGE.... MLE.... DHIT... GSJ.... SLE.... HMR.... MNA.... DD1T... GSO.... SEC.... HZU.... MCF.... DC?T... GVA.... SLE.... HMR.... MNA.... DC?T.M. GSA.... SNA.... HGE.... MCF.... DS?..M. GIO.... SCF.... HMR.... MNA.... DC?T.M. GSA.... SNA.... HGO.... MBB.... DC?T.M. GBE.... SBB.... HMI.... MBO.... DD2T.M. GSO.... SBO.... HGE.... MMR.... DC?T.M. GBE.... SSR.... HGO.... MGO.... DC?.VM. GBD.... SMA.... HTS.... MMI.... DC?T... GVI...."
==============================================================
Program Output (0): 
==============================================================
Move:  {
  "timer": 78,
  "message": "132?",
  "move": "LS"
}
> Game score: 351
> Moving from: MA
> Life Points: 9
> Player 1 made move:
> +++
  timer: 78
  message: 132?
  move: LS
> ---
--------------------------------------------------------------------------
> Running player 2... 
Running with input: "past_plays": "GSZ.... SLO.... HSR.... MZU.... DCO.V.. GBE.... SLV.... HBU.... MMR.... DC?T... GSJ.... SSW.... HCOV... MPA.... DC?T... GZA.... SLO.... HST.... MCO.... DC?T... GJM.... SEC.... HGE.... MLE.... DHIT... GSJ.... SLE.... HMR.... MNA.... DD1T... GSO.... SEC.... HZU.... MCF.... DC?T... GVA.... SLE.... HMR.... MNA.... DC?T.M. GSA.... SNA.... HGE.... MCF.... DS?..M. GIO.... SCF.... HMR.... MNA.... DC?T.M. GSA.... SNA.... HGO.... MBB.... DC?T.M. GBE.... SBB.... HMI.... MBO.... DD2T.M. GSO.... SBO.... HGE.... MMR.... DC?T.M. GBE.... SSR.... HGO.... MGO.... DC?.VM. GBD.... SMA.... HTS.... MMI.... DC?T... GVI.... SLS...."
==============================================================
Program Output (0): 
==============================================================
Move:  {
  "move": "MS",
  "message": "132?",
  "timer": 79
}
> Game score: 351
> Moving from: TS
> Life Points: 9
> Player 2 made move:
> +++
  move: MS
  message: 132?
  timer: 79
> ---
--------------------------------------------------------------------------
> Running player 3... 
Running with input: "past_plays": "GSZ.... SLO.... HSR.... MZU.... DCO.V.. GBE.... SLV.... HBU.... MMR.... DC?T... GSJ.... SSW.... HCOV... MPA.... DC?T... GZA.... SLO.... HST.... MCO.... DC?T... GJM.... SEC.... HGE.... MLE.... DHIT... GSJ.... SLE.... HMR.... MNA.... DD1T... GSO.... SEC.... HZU.... MCF.... DC?T... GVA.... SLE.... HMR.... MNA.... DC?T.M. GSA.... SNA.... HGE.... MCF.... DS?..M. GIO.... SCF.... HMR.... MNA.... DC?T.M. GSA.... SNA.... HGO.... MBB.... DC?T.M. GBE.... SBB.... HMI.... MBO.... DD2T.M. GSO.... SBO.... HGE.... MMR.... DC?T.M. GBE.... SSR.... HGO.... MGO.... DC?.VM. GBD.... SMA.... HTS.... MMI.... DC?T... GVI.... SLS.... HMS...."
==============================================================
Program Output (0): 
==============================================================
Move:  {
  "move": "GE",
  "timer": 80,
  "message": "132?"
}
> Game score: 351
> Moving from: MI
> Life Points: 9
> Player 3 made move:
> +++
  move: GE
  timer: 80
  message: 132?
> ---
--------------------------------------------------------------------------
Player is currently disqualified. Making a move on their behalf.4
Default Dracula Move: "GE"
> End of Round:  15
> Starting Round:  16
--------------------------------------------------------------------------
> Running player 0... 
Running with input: "past_plays": "GSZ.... SLO.... HSR.... MZU.... DCO.V.. GBE.... SLV.... HBU.... MMR.... DC?T... GSJ.... SSW.... HCOV... MPA.... DC?T... GZA.... SLO.... HST.... MCO.... DC?T... GJM.... SEC.... HGE.... MLE.... DHIT... GSJ.... SLE.... HMR.... MNA.... DD1T... GSO.... SEC.... HZU.... MCF.... DC?T... GVA.... SLE.... HMR.... MNA.... DC?T.M. GSA.... SNA.... HGE.... MCF.... DS?..M. GIO.... SCF.... HMR.... MNA.... DC?T.M. GSA.... SNA.... HGO.... MBB.... DC?T.M. GBE.... SBB.... HMI.... MBO.... DD2T.M. GSO.... SBO.... HGE.... MMR.... DC?T.M. GBE.... SSR.... HGO.... MGO.... DC?.VM. GBD.... SMA.... HTS.... MMI.... DC?T... GVI.... SLS.... HMS.... MGE.... DGET.M."
==============================================================
Program Output (0): 
==============================================================
Move:  {
  "move": "MU",
  "message": "132",
  "timer": 640
}
> Game score: 350
> Moving from: VI
> Life Points: 9
> Player 0 made move:
> +++
  move: MU
  message: 132
  timer: 640
> ---
--------------------------------------------------------------------------
> Running player 1... 
Running with input: "past_plays": "GSZ.... SLO.... HSR.... MZU.... DCO.V.. GBE.... SLV.... HBU.... MMR.... DC?T... GSJ.... SSW.... HCOV... MPA.... DC?T... GZA.... SLO.... HST.... MCO.... DC?T... GJM.... SEC.... HGE.... MLE.... DHIT... GSJ.... SLE.... HMR.... MNA.... DD1T... GSO.... SEC.... HZU.... MCF.... DC?T... GVA.... SLE.... HMR.... MNA.... DC?T.M. GSA.... SNA.... HGE.... MCF.... DS?..M. GIO.... SCF.... HMR.... MNA.... DC?T.M. GSA.... SNA.... HGO.... MBB.... DC?T.M. GBE.... SBB.... HMI.... MBO.... DD2T.M. GSO.... SBO.... HGE.... MMR.... DC?T.M. GBE.... SSR.... HGO.... MGO.... DC?.VM. GBD.... SMA.... HTS.... MMI.... DC?T... GVI.... SLS.... HMS.... MGE.... DGET.M. GMU...."
==============================================================
Program Output (0): 
==============================================================
Move:  {
  "message": "132",
  "move": "MA",
  "timer": 603
}
> Game score: 350
> Moving from: LS
> Life Points: 9
> Player 1 made move:
> +++
  message: 132
  move: MA
  timer: 603
> ---
--------------------------------------------------------------------------
> Running player 2... 
Running with input: "past_plays": "GSZ.... SLO.... HSR.... MZU.... DCO.V.. GBE.... SLV.... HBU.... MMR.... DC?T... GSJ.... SSW.... HCOV... MPA.... DC?T... GZA.... SLO.... HST.... MCO.... DC?T... GJM.... SEC.... HGE.... MLE.... DHIT... GSJ.... SLE.... HMR.... MNA.... DD1T... GSO.... SEC.... HZU.... MCF.... DC?T... GVA.... SLE.... HMR.... MNA.... DC?T.M. GSA.... SNA.... HGE.... MCF.... DS?..M. GIO.... SCF.... HMR.... MNA.... DC?T.M. GSA.... SNA.... HGO.... MBB.... DC?T.M. GBE.... SBB.... HMI.... MBO.... DD2T.M. GSO.... SBO.... HGE.... MMR.... DC?T.M. GBE.... SSR.... HGO.... MGO.... DC?.VM. GBD.... SMA.... HTS.... MMI.... DC?T... GVI.... SLS.... HMS.... MGE.... DGET.M. GMU.... SMA...."
==============================================================
Program Output (0): 
==============================================================
Move:  {
  "move": "MR",
  "message": "132",
  "timer": 625
}
> Game score: 350
> Moving from: MS
> Life Points: 9
> Player 2 made move:
> +++
  move: MR
  message: 132
  timer: 625
> ---
--------------------------------------------------------------------------
> Running player 3... 
Running with input: "past_plays": "GSZ.... SLO.... HSR.... MZU.... DCO.V.. GBE.... SLV.... HBU.... MMR.... DC?T... GSJ.... SSW.... HCOV... MPA.... DC?T... GZA.... SLO.... HST.... MCO.... DC?T... GJM.... SEC.... HGE.... MLE.... DHIT... GSJ.... SLE.... HMR.... MNA.... DD1T... GSO.... SEC.... HZU.... MCF.... DC?T... GVA.... SLE.... HMR.... MNA.... DC?T.M. GSA.... SNA.... HGE.... MCF.... DS?..M. GIO.... SCF.... HMR.... MNA.... DC?T.M. GSA.... SNA.... HGO.... MBB.... DC?T.M. GBE.... SBB.... HMI.... MBO.... DD2T.M. GSO.... SBO.... HGE.... MMR.... DC?T.M. GBE.... SSR.... HGO.... MGO.... DC?.VM. GBD.... SMA.... HTS.... MMI.... DC?T... GVI.... SLS.... HMS.... MGE.... DGET.M. GMU.... SMA.... HMR...."
==============================================================
Program Output (0): 
==============================================================
Move:  {
  "message": "132",
  "move": "GE",
  "timer": 75
}
> Game score: 350
> Moving from: GE
> Life Points: 9
> Player 3 made move:
> +++
  message: 132
  move: GE
  timer: 75
> ---
--------------------------------------------------------------------------
Player is currently disqualified. Making a move on their behalf.4
Default Dracula Move: "ZU"
> End of Round:  16
> Starting Round:  17
--------------------------------------------------------------------------
> Running player 0... 
Running with input: "past_plays": "GSZ.... SLO.... HSR.... MZU.... DCO.V.. GBE.... SLV.... HBU.... MMR.... DC?T... GSJ.... SSW.... HCOV... MPA.... DC?T... GZA.... SLO.... HST.... MCO.... DC?T... GJM.... SEC.... HGE.... MLE.... DHIT... GSJ.... SLE.... HMR.... MNA.... DD1T... GSO.... SEC.... HZU.... MCF.... DC?T... GVA.... SLE.... HMR.... MNA.... DC?T.M. GSA.... SNA.... HGE.... MCF.... DS?..M. GIO.... SCF.... HMR.... MNA.... DC?T.M. GSA.... SNA.... HGO.... MBB.... DC?T.M. GBE.... SBB.... HMI.... MBO.... DD2T.M. GSO.... SBO.... HGE.... MMR.... DC?T.M. GBE.... SSR.... HGO.... MGO.... DC?.VM. GBD.... SMA.... HTS.... MMI.... DC?T... GVI.... SLS.... HMS.... MGE.... DGET.M. GMU.... SMA.... HMR.... MGETD.. DC?T.M."
==============================================================
Program Output (0): 
==============================================================
Move:  {
  "move": "ZU",
  "message": "132",
  "timer": 681
}
> Game score: 349
> Moving from: MU
> Life Points: 9
> Player 0 made move:
> +++
  move: ZU
  message: 132
  timer: 681
> ---
--------------------------------------------------------------------------
> Running player 1... 
Running with input: "past_plays": "GSZ.... SLO.... HSR.... MZU.... DCO.V.. GBE.... SLV.... HBU.... MMR.... DC?T... GSJ.... SSW.... HCOV... MPA.... DC?T... GZA.... SLO.... HST.... MCO.... DC?T... GJM.... SEC.... HGE.... MLE.... DHIT... GSJ.... SLE.... HMR.... MNA.... DD1T... GSO.... SEC.... HZU.... MCF.... DC?T... GVA.... SLE.... HMR.... MNA.... DC?T.M. GSA.... SNA.... HGE.... MCF.... DS?..M. GIO.... SCF.... HMR.... MNA.... DC?T.M. GSA.... SNA.... HGO.... MBB.... DC?T.M. GBE.... SBB.... HMI.... MBO.... DD2T.M. GSO.... SBO.... HGE.... MMR.... DC?T.M. GBE.... SSR.... HGO.... MGO.... DC?.VM. GBD.... SMA.... HTS.... MMI.... DC?T... GVI.... SLS.... HMS.... MGE.... DGET.M. GMU.... SMA.... HMR.... MGETD.. DZUT.M. GZUTD.."
==============================================================
Program Output (0): 
==============================================================
Move:  {
  "move": "SR",
  "message": "132",
  "timer": 600
}
> Game score: 349
> Moving from: MA
> Life Points: 9
> Player 1 made move:
> +++
  move: SR
  message: 132
  timer: 600
> ---
--------------------------------------------------------------------------
> Running player 2... 
Running with input: "past_plays": "GSZ.... SLO.... HSR.... MZU.... DCO.V.. GBE.... SLV.... HBU.... MMR.... DC?T... GSJ.... SSW.... HCOV... MPA.... DC?T... GZA.... SLO.... HST.... MCO.... DC?T... GJM.... SEC.... HGE.... MLE.... DHIT... GSJ.... SLE.... HMR.... MNA.... DD1T... GSO.... SEC.... HZU.... MCF.... DC?T... GVA.... SLE.... HMR.... MNA.... DC?T.M. GSA.... SNA.... HGE.... MCF.... DS?..M. GIO.... SCF.... HMR.... MNA.... DC?T.M. GSA.... SNA.... HGO.... MBB.... DC?T.M. GBE.... SBB.... HMI.... MBO.... DD2T.M. GSO.... SBO.... HGE.... MMR.... DC?T.M. GBE.... SSR.... HGO.... MGO.... DC?.VM. GBD.... SMA.... HTS.... MMI.... DC?T... GVI.... SLS.... HMS.... MGE.... DGET.M. GMU.... SMA.... HMR.... MGETD.. DZUT.M. GZUTD.. SSR...."
==============================================================
Program Output (0): 
==============================================================
Move:  {
  "move": "ZU",
  "message": "132",
  "timer": 478
}
> Game score: 349
> Moving from: MR
> Life Points: 9
> Player 2 made move:
> +++
  move: ZU
  message: 132
  timer: 478
> ---
--------------------------------------------------------------------------
> Running player 3... 
Running with input: "past_plays": "GSZ.... SLO.... HSR.... MZU.... DCO.V.. GBE.... SLV.... HBU.... MMR.... DC?T... GSJ.... SSW.... HCOV... MPA.... DC?T... GZA.... SLO.... HST.... MCO.... DC?T... GJM.... SEC.... HGE.... MLE.... DHIT... GSJ.... SLE.... HMR.... MNA.... DD1T... GSO.... SEC.... HZU.... MCF.... DC?T... GVA.... SLE.... HMR.... MNA.... DC?T.M. GSA.... SNA.... HGE.... MCF.... DS?..M. GIO.... SCF.... HMR.... MNA.... DC?T.M. GSA.... SNA.... HGO.... MBB.... DC?T.M. GBE.... SBB.... HMI.... MBO.... DD2T.M. GSO.... SBO.... HGE.... MMR.... DC?T.M. GBE.... SSR.... HGO.... MGO.... DC?.VM. GBD.... SMA.... HTS.... MMI.... DC?T... GVI.... SLS.... HMS.... MGE.... DGET.M. GMU.... SMA.... HMR.... MGETD.. DZUT.M. GZUTD.. SSR.... HZUD..."
==============================================================
Program Output (0): 
==============================================================
Move:  {
  "move": "ZU",
  "message": "132",
  "timer": 2370
}
> Game score: 349
> Moving from: GE
> Life Points: 6
> Player 3 made move:
> +++
  move: ZU
  message: 132
  timer: 2370
> ---
--------------------------------------------------------------------------
> End of game: 
> +++
  score: 349
  revealedPastPlays: GSZ.... SLO.... HSR.... MZU.... DCO.V.. GBE.... SLV.... HBU.... MMR.... DLIT... GSJ.... SSW.... HCOV... MPA.... DNUT... GZA.... SLO.... HST.... MCO.... DPRT... GJM.... SEC.... HGE.... MLE.... DHIT... GSJ.... SLE.... HMR.... MNA.... DD1T... GSO.... SEC.... HZU.... MCF.... DBRT... GVA.... SLE.... HMR.... MNA.... DHAT.M. GSA.... SNA.... HGE.... MCF.... DNS..M. GIO.... SCF.... HMR.... MNA.... DAMT.M. GSA.... SNA.... HGO.... MBB.... DBUT.M. GBE.... SBB.... HMI.... MBO.... DD2T.M. GSO.... SBO.... HGE.... MMR.... DHIT.M. GBE.... SSR.... HGO.... MGO.... DCO.VM. GBD.... SMA.... HTS.... MMI.... DSTT... GVI.... SLS.... HMS.... MGE.... DGET.M. GMU.... SMA.... HMR.... MGETD.. DZUT.M. GZUTD.. SSR.... HZUD... MZUD...
  messages: ["132","132","132","132","Have we nothing Toulouse?","132?","132?","132?","132?","===== Generating default move...player disqualified... =====","132?","132?","132?","132","===== Generating default move...player disqualified... =====","132","132","132?","132","===== Generating default move...player disqualified... =====","132?","132?","132?","132?","===== Generating default move...player disqualified... =====","132?","132?","132?","132?","===== Generating default move...player disqualified... =====","132?","132?","132?","132?","===== Generating default move...player disqualified... =====","132?","132?","132?","132?","===== Generating default move...player disqualified... =====","132?","132?","132?","132?","===== Generating default move...player disqualified... =====","132?","132?","132?","132?","===== Generating default move...player disqualified... =====","132?","132?","132?","132?","===== Generating default move...player disqualified... =====","132?","132?","132?","132?","===== Generating default move...player disqualified... =====","132?","132?","132?","132?","===== Generating default move...player disqualified... =====","132?","132?","132?","132?","===== Generating default move...player disqualified... =====","132?","132?","132?","132?","===== Generating default move...player disqualified... =====","132?","132?","132?","132?","===== Generating default move...player disqualified... =====","132","132","132","132","===== Generating default move...player disqualified... =====","132","132","132","132"]
> ---
> Game Over
Final score: 349
Final round: 17
Player 4 was disqualified? true
Final score: 349
Final round: 17
