3.log
Round:  70
Score:  244

16.log
Round:  71
Score:  257

11.log
Round:  16
Score:  325

12.log
Round:  43
Score:  292

19.log
Round:  57
Score:  251

13.log
Round:  99
Score:  157

20.log
Round:  95
Score:  187

10.log
Round:  98
Score:  171

8.log
Round:  172
Score:  53

15.log
Round:  113
Score:  151

7.log
Round:  28
Score:  300

6.log
Round:  165
Score:  65

9.log
Round:  99
Score:  177

4.log
Round:  56
Score:  265

5.log
Round:  90
Score:  194

18.log
Round:  109
Score:  167

2.log
Round:  145
Score:  111

17.log
Round:  55
Score:  273

14.log
Round:  34
Score:  307

0.log
Round:  51
Score:  252

1.log
Round:  174
Score:  77

Overall Results: 
Dracula Won: 0 games
Hunters Won: 21 games

Average rounds in games: 87.61904761904762
Average score in games: 203.61904761904762
