
Dracula Move (0)

Dracula Move (0)

Dracula Move (0)

Dracula Move (0)

Dracula Move (0)

Dracula Move (0)

Dracula Move (0)

Dracula Move (0)

Dracula Move (0)

Dracula Move (0)

Dracula Move (0)

Dracula Move (1)
Trail (0): Cagliari -> Cagliari
Add current->Hide
Adjacent
	 -> Cagliari
	 -> Mediterranean Sea
	 -> Tyrrhenian Sea
Cagliari -> Double Back 1
	 place -> Hide
	 place -> Tyrrhenian Sea
	 place -> Mediterranean Sea
	 place -> Double Back 1
Round Placed (0)
GvIsVampireMaturing (1)

Dracula Move (1)
Trail (0): Cagliari -> Cagliari
Add current->Hide
Adjacent
	 -> Cagliari
	 -> Mediterranean Sea
	 -> Tyrrhenian Sea
Cagliari -> Double Back 1
	 place -> Hide
	 place -> Tyrrhenian Sea
	 place -> Mediterranean Sea
	 place -> Double Back 1
Round Placed (0)
GvIsVampireMaturing (1)

Dracula Move (1)
Trail (0): Cagliari -> Cagliari
Add current->Hide
Adjacent
	 -> Cagliari
	 -> Mediterranean Sea
	 -> Tyrrhenian Sea
Cagliari -> Double Back 1
	 place -> Hide
	 place -> Tyrrhenian Sea
	 place -> Mediterranean Sea
	 place -> Double Back 1
Round Placed (0)
GvIsVampireMaturing (1)
Round Placed (0)
GvIsVampireMaturing (1)
Round Placed (0)
GvIsVampireMaturing (1)
Round Placed (0)
GvIsVampireMaturing (1)

Dracula Move (1)
Trail (0): Cagliari -> Cagliari
Add current->Hide
Adjacent
	 -> Cagliari
	 -> Mediterranean Sea
	 -> Tyrrhenian Sea
Cagliari -> Double Back 1
	 place -> Hide
	 place -> Tyrrhenian Sea
	 place -> Mediterranean Sea
	 place -> Double Back 1
Round Placed (0)
GvIsVampireMaturing (1)
Round Placed (0)
GvIsVampireMaturing (1)
Round Placed (0)
GvIsVampireMaturing (1)
Round Placed (0)
GvIsVampireMaturing (1)

Dracula Move (1)
Trail (0): Cagliari -> Cagliari
Add current->Hide
Adjacent
	 -> Cagliari
	 -> Mediterranean Sea
	 -> Tyrrhenian Sea
Cagliari -> Double Back 1
	 place -> Hide
	 place -> Tyrrhenian Sea
	 place -> Mediterranean Sea
	 place -> Double Back 1
Round Placed (0)
GvIsVampireMaturing (1)
Round Placed (0)
GvIsVampireMaturing (1)
Round Placed (0)
GvIsVampireMaturing (1)
Round Placed (0)
GvIsVampireMaturing (1)

Dracula Move (1)
Trail (0): Cagliari -> Cagliari
Add current->Hide
Adjacent
	 -> Cagliari
	 -> Mediterranean Sea
	 -> Tyrrhenian Sea
Cagliari -> Double Back 1
	 place -> Hide
	 place -> Tyrrhenian Sea
	 place -> Mediterranean Sea
	 place -> Double Back 1
Round Placed (0)
GvIsVampireMaturing (1)
Round Placed (0)
GvIsVampireMaturing (1)
Round Placed (0)
GvIsVampireMaturing (1)
Round Placed (0)
GvIsVampireMaturing (1)

Dracula Move (1)
Trail (0): Cagliari -> Cagliari
Add current->Hide
Adjacent
	 -> Cagliari
	 -> Mediterranean Sea
	 -> Tyrrhenian Sea
Cagliari -> Double Back 1
	 place -> Hide
	 place -> Tyrrhenian Sea
	 place -> Mediterranean Sea
	 place -> Double Back 1
Round Placed (0)
GvIsVampireMaturing (1)
Round Placed (0)
GvIsVampireMaturing (1)
Round Placed (0)
GvIsVampireMaturing (1)
Round Placed (0)
GvIsVampireMaturing (1)

Dracula Move (1)
Trail (0): Cagliari -> Cagliari
Add current->Hide
Adjacent
	 -> Cagliari
	 -> Mediterranean Sea
	 -> Tyrrhenian Sea
Cagliari -> Double Back 1
	 place -> Hide
	 place -> Tyrrhenian Sea
	 place -> Mediterranean Sea
	 place -> Double Back 1
Round Placed (0)
GvIsVampireMaturing (1)
Round Placed (0)
GvIsVampireMaturing (1)
Round Placed (0)
GvIsVampireMaturing (1)
Round Placed (0)
GvIsVampireMaturing (1)

Dracula Move (1)
Trail (0): Cagliari -> Cagliari
Add current->Hide
Adjacent
	 -> Cagliari
	 -> Mediterranean Sea
	 -> Tyrrhenian Sea
Cagliari -> Double Back 1
	 place -> Hide
	 place -> Tyrrhenian Sea
	 place -> Mediterranean Sea
	 place -> Double Back 1
Round Placed (0)
GvIsVampireMaturing (1)
Round Placed (0)
GvIsVampireMaturing (1)
Round Placed (0)
GvIsVampireMaturing (1)
Round Placed (0)
GvIsVampireMaturing (1)

Dracula Move (1)
Trail (0): Cagliari -> Cagliari
Add current->Hide
Adjacent
	 -> Cagliari
	 -> Mediterranean Sea
	 -> Tyrrhenian Sea
Cagliari -> Double Back 1
	 place -> Hide
	 place -> Tyrrhenian Sea
	 place -> Mediterranean Sea
	 place -> Double Back 1
Round Placed (0)
GvIsVampireMaturing (1)
Round Placed (0)
GvIsVampireMaturing (1)
Round Placed (0)
GvIsVampireMaturing (1)
Round Placed (0)
GvIsVampireMaturing (1)
